[ 2016-01-23T15:20:14+08:00 ] ERR: (ThinkException) 无法加载模块:Admin
[ 2016-01-23T15:20:18+08:00 ] ERR: (ThinkException) 无法加载模块:Admin
[ 2016-01-23T15:20:19+08:00 ] ERR: (ThinkException) 无法加载模块:Admin
[ 2016-01-23T15:20:29+08:00 ] 0.0.0.0 /
INFO: [ app_begin ] --START--
INFO: Run ReadHtmlCache Behavior [ RunTime:0.000982s ]
INFO: [ app_begin ] --END-- [ RunTime:0.001074s ]
INFO: [ view_parse ] --START--
NOTIC: [8192] preg_replace(): The /e modifier is deprecated, use preg_replace_callback instead C:\xampp\htdocs\aiston\ThinkPHP\Lib\Template\ThinkTemplate.class.php 第 164 行.
NOTIC: [8192] preg_replace(): The /e modifier is deprecated, use preg_replace_callback instead C:\xampp\htdocs\aiston\ThinkPHP\Lib\Template\ThinkTemplate.class.php 第 359 行.
NOTIC: [8192] preg_replace(): The /e modifier is deprecated, use preg_replace_callback instead C:\xampp\htdocs\aiston\ThinkPHP\Lib\Template\ThinkTemplate.class.php 第 359 行.
NOTIC: [8192] preg_replace(): The /e modifier is deprecated, use preg_replace_callback instead C:\xampp\htdocs\aiston\ThinkPHP\Lib\Template\ThinkTemplate.class.php 第 359 行.
NOTIC: [8192] preg_replace(): The /e modifier is deprecated, use preg_replace_callback instead C:\xampp\htdocs\aiston\ThinkPHP\Lib\Template\ThinkTemplate.class.php 第 359 行.
NOTIC: [8192] preg_replace(): The /e modifier is deprecated, use preg_replace_callback instead C:\xampp\htdocs\aiston\ThinkPHP\Lib\Template\ThinkTemplate.class.php 第 359 行.
NOTIC: [8192] preg_replace(): The /e modifier is deprecated, use preg_replace_callback instead C:\xampp\htdocs\aiston\ThinkPHP\Lib\Template\ThinkTemplate.class.php 第 359 行.
NOTIC: [8192] preg_replace(): The /e modifier is deprecated, use preg_replace_callback instead C:\xampp\htdocs\aiston\ThinkPHP\Lib\Template\ThinkTemplate.class.php 第 359 行.
NOTIC: [8192] preg_replace(): The /e modifier is deprecated, use preg_replace_callback instead C:\xampp\htdocs\aiston\ThinkPHP\Lib\Template\ThinkTemplate.class.php 第 359 行.
NOTIC: [8192] preg_replace(): The /e modifier is deprecated, use preg_replace_callback instead C:\xampp\htdocs\aiston\ThinkPHP\Lib\Template\ThinkTemplate.class.php 第 359 行.
NOTIC: [8192] preg_replace(): The /e modifier is deprecated, use preg_replace_callback instead C:\xampp\htdocs\aiston\ThinkPHP\Lib\Template\ThinkTemplate.class.php 第 359 行.
NOTIC: [8192] preg_replace(): The /e modifier is deprecated, use preg_replace_callback instead C:\xampp\htdocs\aiston\ThinkPHP\Lib\Template\ThinkTemplate.class.php 第 359 行.
NOTIC: [8192] preg_replace(): The /e modifier is deprecated, use preg_replace_callback instead C:\xampp\htdocs\aiston\ThinkPHP\Lib\Template\ThinkTemplate.class.php 第 359 行.
NOTIC: [8192] preg_replace(): The /e modifier is deprecated, use preg_replace_callback instead C:\xampp\htdocs\aiston\ThinkPHP\Lib\Template\ThinkTemplate.class.php 第 354 行.
NOTIC: [8192] preg_replace(): The /e modifier is deprecated, use preg_replace_callback instead C:\xampp\htdocs\aiston\ThinkPHP\Lib\Template\ThinkTemplate.class.php 第 354 行.
NOTIC: [8192] preg_replace(): The /e modifier is deprecated, use preg_replace_callback instead C:\xampp\htdocs\aiston\ThinkPHP\Lib\Template\ThinkTemplate.class.php 第 359 行.
NOTIC: [8192] preg_replace(): The /e modifier is deprecated, use preg_replace_callback instead C:\xampp\htdocs\aiston\ThinkPHP\Lib\Template\ThinkTemplate.class.php 第 359 行.
NOTIC: [8192] preg_replace(): The /e modifier is deprecated, use preg_replace_callback instead C:\xampp\htdocs\aiston\ThinkPHP\Lib\Template\ThinkTemplate.class.php 第 359 行.
NOTIC: [8192] preg_replace(): The /e modifier is deprecated, use preg_replace_callback instead C:\xampp\htdocs\aiston\ThinkPHP\Lib\Template\ThinkTemplate.class.php 第 354 行.
NOTIC: [8192] preg_replace(): The /e modifier is deprecated, use preg_replace_callback instead C:\xampp\htdocs\aiston\ThinkPHP\Lib\Template\ThinkTemplate.class.php 第 359 行.
NOTIC: [8192] preg_replace(): The /e modifier is deprecated, use preg_replace_callback instead C:\xampp\htdocs\aiston\ThinkPHP\Lib\Template\ThinkTemplate.class.php 第 359 行.
NOTIC: [8192] preg_replace(): The /e modifier is deprecated, use preg_replace_callback instead C:\xampp\htdocs\aiston\ThinkPHP\Lib\Template\ThinkTemplate.class.php 第 359 行.
NOTIC: [8192] preg_replace(): The /e modifier is deprecated, use preg_replace_callback instead C:\xampp\htdocs\aiston\ThinkPHP\Lib\Template\ThinkTemplate.class.php 第 359 行.
NOTIC: [8192] preg_replace(): The /e modifier is deprecated, use preg_replace_callback instead C:\xampp\htdocs\aiston\ThinkPHP\Lib\Template\ThinkTemplate.class.php 第 359 行.
NOTIC: [8192] preg_replace(): The /e modifier is deprecated, use preg_replace_callback instead C:\xampp\htdocs\aiston\ThinkPHP\Lib\Template\ThinkTemplate.class.php 第 359 行.
NOTIC: [8192] preg_replace(): The /e modifier is deprecated, use preg_replace_callback instead C:\xampp\htdocs\aiston\ThinkPHP\Lib\Template\ThinkTemplate.class.php 第 359 行.
NOTIC: [8192] preg_replace(): The /e modifier is deprecated, use preg_replace_callback instead C:\xampp\htdocs\aiston\ThinkPHP\Lib\Template\ThinkTemplate.class.php 第 359 行.
NOTIC: [8192] preg_replace(): The /e modifier is deprecated, use preg_replace_callback instead C:\xampp\htdocs\aiston\ThinkPHP\Lib\Template\ThinkTemplate.class.php 第 359 行.
NOTIC: [8192] preg_replace(): The /e modifier is deprecated, use preg_replace_callback instead C:\xampp\htdocs\aiston\ThinkPHP\Lib\Template\ThinkTemplate.class.php 第 359 行.
NOTIC: [8192] preg_replace(): The /e modifier is deprecated, use preg_replace_callback instead C:\xampp\htdocs\aiston\ThinkPHP\Lib\Template\ThinkTemplate.class.php 第 359 行.
NOTIC: [8192] preg_replace(): The /e modifier is deprecated, use preg_replace_callback instead C:\xampp\htdocs\aiston\ThinkPHP\Lib\Template\ThinkTemplate.class.php 第 359 行.
NOTIC: [8192] preg_replace(): The /e modifier is deprecated, use preg_replace_callback instead C:\xampp\htdocs\aiston\ThinkPHP\Lib\Template\ThinkTemplate.class.php 第 359 行.
NOTIC: [8192] preg_replace(): The /e modifier is deprecated, use preg_replace_callback instead C:\xampp\htdocs\aiston\ThinkPHP\Lib\Template\ThinkTemplate.class.php 第 359 行.
NOTIC: [8192] preg_replace(): The /e modifier is deprecated, use preg_replace_callback instead C:\xampp\htdocs\aiston\ThinkPHP\Lib\Template\ThinkTemplate.class.php 第 359 行.
NOTIC: [8192] preg_replace(): The /e modifier is deprecated, use preg_replace_callback instead C:\xampp\htdocs\aiston\ThinkPHP\Lib\Template\ThinkTemplate.class.php 第 359 行.
NOTIC: [8192] preg_replace(): The /e modifier is deprecated, use preg_replace_callback instead C:\xampp\htdocs\aiston\ThinkPHP\Lib\Template\ThinkTemplate.class.php 第 359 行.
NOTIC: [8192] preg_replace(): The /e modifier is deprecated, use preg_replace_callback instead C:\xampp\htdocs\aiston\ThinkPHP\Lib\Template\ThinkTemplate.class.php 第 359 行.
NOTIC: [8192] preg_replace(): The /e modifier is deprecated, use preg_replace_callback instead C:\xampp\htdocs\aiston\ThinkPHP\Lib\Template\ThinkTemplate.class.php 第 359 行.
NOTIC: [8192] preg_replace(): The /e modifier is deprecated, use preg_replace_callback instead C:\xampp\htdocs\aiston\ThinkPHP\Lib\Template\ThinkTemplate.class.php 第 359 行.
NOTIC: [8192] preg_replace(): The /e modifier is deprecated, use preg_replace_callback instead C:\xampp\htdocs\aiston\ThinkPHP\Lib\Template\ThinkTemplate.class.php 第 359 行.
NOTIC: [8192] preg_replace(): The /e modifier is deprecated, use preg_replace_callback instead C:\xampp\htdocs\aiston\ThinkPHP\Lib\Template\ThinkTemplate.class.php 第 359 行.
NOTIC: [8192] preg_replace(): The /e modifier is deprecated, use preg_replace_callback instead C:\xampp\htdocs\aiston\ThinkPHP\Lib\Template\ThinkTemplate.class.php 第 359 行.
NOTIC: [8192] preg_replace(): The /e modifier is deprecated, use preg_replace_callback instead C:\xampp\htdocs\aiston\ThinkPHP\Lib\Template\ThinkTemplate.class.php 第 359 行.
NOTIC: [8192] preg_replace(): The /e modifier is deprecated, use preg_replace_callback instead C:\xampp\htdocs\aiston\ThinkPHP\Lib\Template\ThinkTemplate.class.php 第 359 行.
NOTIC: [8192] preg_replace(): The /e modifier is deprecated, use preg_replace_callback instead C:\xampp\htdocs\aiston\ThinkPHP\Lib\Template\ThinkTemplate.class.php 第 359 行.
NOTIC: [8192] preg_replace(): The /e modifier is deprecated, use preg_replace_callback instead C:\xampp\htdocs\aiston\ThinkPHP\Lib\Template\ThinkTemplate.class.php 第 359 行.
NOTIC: [8192] preg_replace(): The /e modifier is deprecated, use preg_replace_callback instead C:\xampp\htdocs\aiston\ThinkPHP\Lib\Template\ThinkTemplate.class.php 第 359 行.
NOTIC: [8192] preg_replace(): The /e modifier is deprecated, use preg_replace_callback instead C:\xampp\htdocs\aiston\ThinkPHP\Lib\Template\ThinkTemplate.class.php 第 359 行.
NOTIC: [8192] preg_replace(): The /e modifier is deprecated, use preg_replace_callback instead C:\xampp\htdocs\aiston\ThinkPHP\Lib\Template\ThinkTemplate.class.php 第 359 行.
NOTIC: [8192] preg_replace(): The /e modifier is deprecated, use preg_replace_callback instead C:\xampp\htdocs\aiston\ThinkPHP\Lib\Template\ThinkTemplate.class.php 第 359 行.
NOTIC: [8192] preg_replace(): The /e modifier is deprecated, use preg_replace_callback instead C:\xampp\htdocs\aiston\ThinkPHP\Lib\Template\ThinkTemplate.class.php 第 359 行.
NOTIC: [8192] preg_replace(): The /e modifier is deprecated, use preg_replace_callback instead C:\xampp\htdocs\aiston\ThinkPHP\Lib\Template\ThinkTemplate.class.php 第 359 行.
NOTIC: [8192] preg_replace(): The /e modifier is deprecated, use preg_replace_callback instead C:\xampp\htdocs\aiston\ThinkPHP\Lib\Template\ThinkTemplate.class.php 第 359 行.
NOTIC: [8192] preg_replace(): The /e modifier is deprecated, use preg_replace_callback instead C:\xampp\htdocs\aiston\ThinkPHP\Lib\Template\ThinkTemplate.class.php 第 359 行.
NOTIC: [8192] preg_replace(): The /e modifier is deprecated, use preg_replace_callback instead C:\xampp\htdocs\aiston\ThinkPHP\Lib\Template\ThinkTemplate.class.php 第 359 行.
NOTIC: [8192] preg_replace(): The /e modifier is deprecated, use preg_replace_callback instead C:\xampp\htdocs\aiston\ThinkPHP\Lib\Template\ThinkTemplate.class.php 第 359 行.
NOTIC: [8192] preg_replace(): The /e modifier is deprecated, use preg_replace_callback instead C:\xampp\htdocs\aiston\ThinkPHP\Lib\Template\ThinkTemplate.class.php 第 359 行.
NOTIC: [8192] preg_replace(): The /e modifier is deprecated, use preg_replace_callback instead C:\xampp\htdocs\aiston\ThinkPHP\Lib\Template\ThinkTemplate.class.php 第 359 行.
NOTIC: [8192] preg_replace(): The /e modifier is deprecated, use preg_replace_callback instead C:\xampp\htdocs\aiston\ThinkPHP\Lib\Template\ThinkTemplate.class.php 第 359 行.
NOTIC: [8192] preg_replace(): The /e modifier is deprecated, use preg_replace_callback instead C:\xampp\htdocs\aiston\ThinkPHP\Lib\Template\ThinkTemplate.class.php 第 359 行.
NOTIC: [8192] preg_replace(): The /e modifier is deprecated, use preg_replace_callback instead C:\xampp\htdocs\aiston\ThinkPHP\Lib\Template\ThinkTemplate.class.php 第 359 行.
NOTIC: [8192] preg_replace(): The /e modifier is deprecated, use preg_replace_callback instead C:\xampp\htdocs\aiston\ThinkPHP\Lib\Template\ThinkTemplate.class.php 第 359 行.
NOTIC: [8192] preg_replace(): The /e modifier is deprecated, use preg_replace_callback instead C:\xampp\htdocs\aiston\ThinkPHP\Lib\Template\ThinkTemplate.class.php 第 359 行.
NOTIC: [8192] preg_replace(): The /e modifier is deprecated, use preg_replace_callback instead C:\xampp\htdocs\aiston\ThinkPHP\Lib\Template\ThinkTemplate.class.php 第 359 行.
NOTIC: [8192] preg_replace(): The /e modifier is deprecated, use preg_replace_callback instead C:\xampp\htdocs\aiston\ThinkPHP\Lib\Template\ThinkTemplate.class.php 第 359 行.
NOTIC: [8192] preg_replace(): The /e modifier is deprecated, use preg_replace_callback instead C:\xampp\htdocs\aiston\ThinkPHP\Lib\Template\ThinkTemplate.class.php 第 359 行.
NOTIC: [8192] preg_replace(): The /e modifier is deprecated, use preg_replace_callback instead C:\xampp\htdocs\aiston\ThinkPHP\Lib\Template\ThinkTemplate.class.php 第 359 行.
NOTIC: [8192] preg_replace(): The /e modifier is deprecated, use preg_replace_callback instead C:\xampp\htdocs\aiston\ThinkPHP\Lib\Template\ThinkTemplate.class.php 第 359 行.
NOTIC: [8192] preg_replace(): The /e modifier is deprecated, use preg_replace_callback instead C:\xampp\htdocs\aiston\ThinkPHP\Lib\Template\ThinkTemplate.class.php 第 359 行.
NOTIC: [8192] preg_replace(): The /e modifier is deprecated, use preg_replace_callback instead C:\xampp\htdocs\aiston\ThinkPHP\Lib\Template\ThinkTemplate.class.php 第 359 行.
NOTIC: [8192] preg_replace(): The /e modifier is deprecated, use preg_replace_callback instead C:\xampp\htdocs\aiston\ThinkPHP\Lib\Template\ThinkTemplate.class.php 第 359 行.
NOTIC: [8192] preg_replace(): The /e modifier is deprecated, use preg_replace_callback instead C:\xampp\htdocs\aiston\ThinkPHP\Lib\Template\ThinkTemplate.class.php 第 359 行.
NOTIC: [8192] preg_replace(): The /e modifier is deprecated, use preg_replace_callback instead C:\xampp\htdocs\aiston\ThinkPHP\Lib\Template\ThinkTemplate.class.php 第 359 行.
NOTIC: [8192] preg_replace(): The /e modifier is deprecated, use preg_replace_callback instead C:\xampp\htdocs\aiston\ThinkPHP\Lib\Template\ThinkTemplate.class.php 第 359 行.
NOTIC: [8192] preg_replace(): The /e modifier is deprecated, use preg_replace_callback instead C:\xampp\htdocs\aiston\ThinkPHP\Lib\Template\ThinkTemplate.class.php 第 359 行.
NOTIC: [8192] preg_replace(): The /e modifier is deprecated, use preg_replace_callback instead C:\xampp\htdocs\aiston\ThinkPHP\Lib\Template\ThinkTemplate.class.php 第 359 行.
NOTIC: [8192] preg_replace(): The /e modifier is deprecated, use preg_replace_callback instead C:\xampp\htdocs\aiston\ThinkPHP\Lib\Template\ThinkTemplate.class.php 第 359 行.
NOTIC: [8192] preg_replace(): The /e modifier is deprecated, use preg_replace_callback instead C:\xampp\htdocs\aiston\ThinkPHP\Lib\Template\ThinkTemplate.class.php 第 359 行.
NOTIC: [8192] preg_replace(): The /e modifier is deprecated, use preg_replace_callback instead C:\xampp\htdocs\aiston\ThinkPHP\Lib\Template\ThinkTemplate.class.php 第 359 行.
NOTIC: [8192] preg_replace(): The /e modifier is deprecated, use preg_replace_callback instead C:\xampp\htdocs\aiston\ThinkPHP\Lib\Template\ThinkTemplate.class.php 第 359 行.
NOTIC: [8192] preg_replace(): The /e modifier is deprecated, use preg_replace_callback instead C:\xampp\htdocs\aiston\ThinkPHP\Lib\Template\ThinkTemplate.class.php 第 359 行.
NOTIC: [8192] preg_replace(): The /e modifier is deprecated, use preg_replace_callback instead C:\xampp\htdocs\aiston\ThinkPHP\Lib\Template\ThinkTemplate.class.php 第 359 行.
NOTIC: [8192] preg_replace(): The /e modifier is deprecated, use preg_replace_callback instead C:\xampp\htdocs\aiston\ThinkPHP\Lib\Template\ThinkTemplate.class.php 第 359 行.
NOTIC: [8192] preg_replace(): The /e modifier is deprecated, use preg_replace_callback instead C:\xampp\htdocs\aiston\ThinkPHP\Lib\Template\ThinkTemplate.class.php 第 359 行.
NOTIC: [8192] preg_replace(): The /e modifier is deprecated, use preg_replace_callback instead C:\xampp\htdocs\aiston\ThinkPHP\Lib\Template\ThinkTemplate.class.php 第 359 行.
NOTIC: [8192] preg_replace(): The /e modifier is deprecated, use preg_replace_callback instead C:\xampp\htdocs\aiston\ThinkPHP\Lib\Template\ThinkTemplate.class.php 第 354 行.
NOTIC: [8192] preg_replace(): The /e modifier is deprecated, use preg_replace_callback instead C:\xampp\htdocs\aiston\ThinkPHP\Lib\Template\ThinkTemplate.class.php 第 354 行.
NOTIC: [8192] preg_replace(): The /e modifier is deprecated, use preg_replace_callback instead C:\xampp\htdocs\aiston\ThinkPHP\Lib\Template\ThinkTemplate.class.php 第 354 行.
NOTIC: [8192] preg_replace(): The /e modifier is deprecated, use preg_replace_callback instead C:\xampp\htdocs\aiston\ThinkPHP\Lib\Template\ThinkTemplate.class.php 第 354 行.
NOTIC: [8192] preg_replace(): The /e modifier is deprecated, use preg_replace_callback instead C:\xampp\htdocs\aiston\ThinkPHP\Lib\Template\ThinkTemplate.class.php 第 354 行.
NOTIC: [8192] preg_replace(): The /e modifier is deprecated, use preg_replace_callback instead C:\xampp\htdocs\aiston\ThinkPHP\Lib\Template\ThinkTemplate.class.php 第 354 行.
NOTIC: [8192] preg_replace(): The /e modifier is deprecated, use preg_replace_callback instead C:\xampp\htdocs\aiston\ThinkPHP\Lib\Template\ThinkTemplate.class.php 第 359 行.
NOTIC: [8192] preg_replace(): The /e modifier is deprecated, use preg_replace_callback instead C:\xampp\htdocs\aiston\ThinkPHP\Lib\Template\ThinkTemplate.class.php 第 359 行.
NOTIC: [8192] preg_replace(): The /e modifier is deprecated, use preg_replace_callback instead C:\xampp\htdocs\aiston\ThinkPHP\Lib\Template\ThinkTemplate.class.php 第 359 行.
NOTIC: [8192] preg_replace(): The /e modifier is deprecated, use preg_replace_callback instead C:\xampp\htdocs\aiston\ThinkPHP\Lib\Template\ThinkTemplate.class.php 第 193 行.
NOTIC: [8192] preg_replace(): The /e modifier is deprecated, use preg_replace_callback instead C:\xampp\htdocs\aiston\ThinkPHP\Lib\Template\ThinkTemplate.class.php 第 133 行.
INFO: Run ParseTemplate Behavior [ RunTime:-0.001840s ]
INFO: [ view_parse ] --END-- [ RunTime:0.012516s ]
INFO: [ view_filter ] --START--
INFO: Run ContentReplace Behavior [ RunTime:-0.014387s ]
INFO: Run TokenBuild Behavior [ RunTime:-0.015240s ]
INFO: Run WriteHtmlCache Behavior [ RunTime:-0.016091s ]
INFO: Run ShowRuntime Behavior [ RunTime:-0.016856s ]
INFO: [ view_filter ] --END-- [ RunTime:0.003490s ]
INFO: [ view_end ] --START--
INFO: Run ShowPageTrace Behavior [ RunTime:-0.018012s ]
INFO: [ view_end ] --END-- [ RunTime:0.001323s ]

[ 2016-01-23T15:20:36+08:00 ] ERR: (ThinkException) 无法加载模块:Admin
[ 2016-01-23T15:20:38+08:00 ] ERR: (ThinkException) 无法加载模块:Admin
[ 2016-01-23T15:21:32+08:00 ] ERR: (ThinkException) 无法加载模块:Admin
[ 2016-01-23T15:21:36+08:00 ] 0.0.0.0 /
INFO: [ app_begin ] --START--
INFO: Run ReadHtmlCache Behavior [ RunTime:0.001645s ]
INFO: [ app_begin ] --END-- [ RunTime:0.001781s ]
INFO: [ view_parse ] --START--
NOTIC: [8192] preg_replace(): The /e modifier is deprecated, use preg_replace_callback instead C:\xampp\htdocs\aiston\ThinkPHP\Lib\Template\ThinkTemplate.class.php 第 164 行.
NOTIC: [8192] preg_replace(): The /e modifier is deprecated, use preg_replace_callback instead C:\xampp\htdocs\aiston\ThinkPHP\Lib\Template\ThinkTemplate.class.php 第 359 行.
NOTIC: [8192] preg_replace(): The /e modifier is deprecated, use preg_replace_callback instead C:\xampp\htdocs\aiston\ThinkPHP\Lib\Template\ThinkTemplate.class.php 第 359 行.
NOTIC: [8192] preg_replace(): The /e modifier is deprecated, use preg_replace_callback instead C:\xampp\htdocs\aiston\ThinkPHP\Lib\Template\ThinkTemplate.class.php 第 359 行.
NOTIC: [8192] preg_replace(): The /e modifier is deprecated, use preg_replace_callback instead C:\xampp\htdocs\aiston\ThinkPHP\Lib\Template\ThinkTemplate.class.php 第 359 行.
NOTIC: [8192] preg_replace(): The /e modifier is deprecated, use preg_replace_callback instead C:\xampp\htdocs\aiston\ThinkPHP\Lib\Template\ThinkTemplate.class.php 第 359 行.
NOTIC: [8192] preg_replace(): The /e modifier is deprecated, use preg_replace_callback instead C:\xampp\htdocs\aiston\ThinkPHP\Lib\Template\ThinkTemplate.class.php 第 359 行.
NOTIC: [8192] preg_replace(): The /e modifier is deprecated, use preg_replace_callback instead C:\xampp\htdocs\aiston\ThinkPHP\Lib\Template\ThinkTemplate.class.php 第 359 行.
NOTIC: [8192] preg_replace(): The /e modifier is deprecated, use preg_replace_callback instead C:\xampp\htdocs\aiston\ThinkPHP\Lib\Template\ThinkTemplate.class.php 第 359 行.
NOTIC: [8192] preg_replace(): The /e modifier is deprecated, use preg_replace_callback instead C:\xampp\htdocs\aiston\ThinkPHP\Lib\Template\ThinkTemplate.class.php 第 359 行.
NOTIC: [8192] preg_replace(): The /e modifier is deprecated, use preg_replace_callback instead C:\xampp\htdocs\aiston\ThinkPHP\Lib\Template\ThinkTemplate.class.php 第 359 行.
NOTIC: [8192] preg_replace(): The /e modifier is deprecated, use preg_replace_callback instead C:\xampp\htdocs\aiston\ThinkPHP\Lib\Template\ThinkTemplate.class.php 第 359 行.
NOTIC: [8192] preg_replace(): The /e modifier is deprecated, use preg_replace_callback instead C:\xampp\htdocs\aiston\ThinkPHP\Lib\Template\ThinkTemplate.class.php 第 359 行.
NOTIC: [8192] preg_replace(): The /e modifier is deprecated, use preg_replace_callback instead C:\xampp\htdocs\aiston\ThinkPHP\Lib\Template\ThinkTemplate.class.php 第 354 行.
NOTIC: [8192] preg_replace(): The /e modifier is deprecated, use preg_replace_callback instead C:\xampp\htdocs\aiston\ThinkPHP\Lib\Template\ThinkTemplate.class.php 第 354 行.
NOTIC: [8192] preg_replace(): The /e modifier is deprecated, use preg_replace_callback instead C:\xampp\htdocs\aiston\ThinkPHP\Lib\Template\ThinkTemplate.class.php 第 359 行.
NOTIC: [8192] preg_replace(): The /e modifier is deprecated, use preg_replace_callback instead C:\xampp\htdocs\aiston\ThinkPHP\Lib\Template\ThinkTemplate.class.php 第 359 行.
NOTIC: [8192] preg_replace(): The /e modifier is deprecated, use preg_replace_callback instead C:\xampp\htdocs\aiston\ThinkPHP\Lib\Template\ThinkTemplate.class.php 第 359 行.
NOTIC: [8192] preg_replace(): The /e modifier is deprecated, use preg_replace_callback instead C:\xampp\htdocs\aiston\ThinkPHP\Lib\Template\ThinkTemplate.class.php 第 354 行.
NOTIC: [8192] preg_replace(): The /e modifier is deprecated, use preg_replace_callback instead C:\xampp\htdocs\aiston\ThinkPHP\Lib\Template\ThinkTemplate.class.php 第 359 行.
NOTIC: [8192] preg_replace(): The /e modifier is deprecated, use preg_replace_callback instead C:\xampp\htdocs\aiston\ThinkPHP\Lib\Template\ThinkTemplate.class.php 第 359 行.
NOTIC: [8192] preg_replace(): The /e modifier is deprecated, use preg_replace_callback instead C:\xampp\htdocs\aiston\ThinkPHP\Lib\Template\ThinkTemplate.class.php 第 359 行.
NOTIC: [8192] preg_replace(): The /e modifier is deprecated, use preg_replace_callback instead C:\xampp\htdocs\aiston\ThinkPHP\Lib\Template\ThinkTemplate.class.php 第 359 行.
NOTIC: [8192] preg_replace(): The /e modifier is deprecated, use preg_replace_callback instead C:\xampp\htdocs\aiston\ThinkPHP\Lib\Template\ThinkTemplate.class.php 第 359 行.
NOTIC: [8192] preg_replace(): The /e modifier is deprecated, use preg_replace_callback instead C:\xampp\htdocs\aiston\ThinkPHP\Lib\Template\ThinkTemplate.class.php 第 359 行.
NOTIC: [8192] preg_replace(): The /e modifier is deprecated, use preg_replace_callback instead C:\xampp\htdocs\aiston\ThinkPHP\Lib\Template\ThinkTemplate.class.php 第 359 行.
NOTIC: [8192] preg_replace(): The /e modifier is deprecated, use preg_replace_callback instead C:\xampp\htdocs\aiston\ThinkPHP\Lib\Template\ThinkTemplate.class.php 第 359 行.
NOTIC: [8192] preg_replace(): The /e modifier is deprecated, use preg_replace_callback instead C:\xampp\htdocs\aiston\ThinkPHP\Lib\Template\ThinkTemplate.class.php 第 359 行.
NOTIC: [8192] preg_replace(): The /e modifier is deprecated, use preg_replace_callback instead C:\xampp\htdocs\aiston\ThinkPHP\Lib\Template\ThinkTemplate.class.php 第 359 行.
NOTIC: [8192] preg_replace(): The /e modifier is deprecated, use preg_replace_callback instead C:\xampp\htdocs\aiston\ThinkPHP\Lib\Template\ThinkTemplate.class.php 第 359 行.
NOTIC: [8192] preg_replace(): The /e modifier is deprecated, use preg_replace_callback instead C:\xampp\htdocs\aiston\ThinkPHP\Lib\Template\ThinkTemplate.class.php 第 359 行.
NOTIC: [8192] preg_replace(): The /e modifier is deprecated, use preg_replace_callback instead C:\xampp\htdocs\aiston\ThinkPHP\Lib\Template\ThinkTemplate.class.php 第 359 行.
NOTIC: [8192] preg_replace(): The /e modifier is deprecated, use preg_replace_callback instead C:\xampp\htdocs\aiston\ThinkPHP\Lib\Template\ThinkTemplate.class.php 第 359 行.
NOTIC: [8192] preg_replace(): The /e modifier is deprecated, use preg_replace_callback instead C:\xampp\htdocs\aiston\ThinkPHP\Lib\Template\ThinkTemplate.class.php 第 359 行.
NOTIC: [8192] preg_replace(): The /e modifier is deprecated, use preg_replace_callback instead C:\xampp\htdocs\aiston\ThinkPHP\Lib\Template\ThinkTemplate.class.php 第 359 行.
NOTIC: [8192] preg_replace(): The /e modifier is deprecated, use preg_replace_callback instead C:\xampp\htdocs\aiston\ThinkPHP\Lib\Template\ThinkTemplate.class.php 第 359 行.
NOTIC: [8192] preg_replace(): The /e modifier is deprecated, use preg_replace_callback instead C:\xampp\htdocs\aiston\ThinkPHP\Lib\Template\ThinkTemplate.class.php 第 359 行.
NOTIC: [8192] preg_replace(): The /e modifier is deprecated, use preg_replace_callback instead C:\xampp\htdocs\aiston\ThinkPHP\Lib\Template\ThinkTemplate.class.php 第 359 行.
NOTIC: [8192] preg_replace(): The /e modifier is deprecated, use preg_replace_callback instead C:\xampp\htdocs\aiston\ThinkPHP\Lib\Template\ThinkTemplate.class.php 第 359 行.
NOTIC: [8192] preg_replace(): The /e modifier is deprecated, use preg_replace_callback instead C:\xampp\htdocs\aiston\ThinkPHP\Lib\Template\ThinkTemplate.class.php 第 359 行.
NOTIC: [8192] preg_replace(): The /e modifier is deprecated, use preg_replace_callback instead C:\xampp\htdocs\aiston\ThinkPHP\Lib\Template\ThinkTemplate.class.php 第 359 行.
NOTIC: [8192] preg_replace(): The /e modifier is deprecated, use preg_replace_callback instead C:\xampp\htdocs\aiston\ThinkPHP\Lib\Template\ThinkTemplate.class.php 第 359 行.
NOTIC: [8192] preg_replace(): The /e modifier is deprecated, use preg_replace_callback instead C:\xampp\htdocs\aiston\ThinkPHP\Lib\Template\ThinkTemplate.class.php 第 359 行.
NOTIC: [8192] preg_replace(): The /e modifier is deprecated, use preg_replace_callback instead C:\xampp\htdocs\aiston\ThinkPHP\Lib\Template\ThinkTemplate.class.php 第 359 行.
NOTIC: [8192] preg_replace(): The /e modifier is deprecated, use preg_replace_callback instead C:\xampp\htdocs\aiston\ThinkPHP\Lib\Template\ThinkTemplate.class.php 第 359 行.
NOTIC: [8192] preg_replace(): The /e modifier is deprecated, use preg_replace_callback instead C:\xampp\htdocs\aiston\ThinkPHP\Lib\Template\ThinkTemplate.class.php 第 359 行.
NOTIC: [8192] preg_replace(): The /e modifier is deprecated, use preg_replace_callback instead C:\xampp\htdocs\aiston\ThinkPHP\Lib\Template\ThinkTemplate.class.php 第 359 行.
NOTIC: [8192] preg_replace(): The /e modifier is deprecated, use preg_replace_callback instead C:\xampp\htdocs\aiston\ThinkPHP\Lib\Template\ThinkTemplate.class.php 第 359 行.
NOTIC: [8192] preg_replace(): The /e modifier is deprecated, use preg_replace_callback instead C:\xampp\htdocs\aiston\ThinkPHP\Lib\Template\ThinkTemplate.class.php 第 359 行.
NOTIC: [8192] preg_replace(): The /e modifier is deprecated, use preg_replace_callback instead C:\xampp\htdocs\aiston\ThinkPHP\Lib\Template\ThinkTemplate.class.php 第 359 行.
NOTIC: [8192] preg_replace(): The /e modifier is deprecated, use preg_replace_callback instead C:\xampp\htdocs\aiston\ThinkPHP\Lib\Template\ThinkTemplate.class.php 第 359 行.
NOTIC: [8192] preg_replace(): The /e modifier is deprecated, use preg_replace_callback instead C:\xampp\htdocs\aiston\ThinkPHP\Lib\Template\ThinkTemplate.class.php 第 359 行.
NOTIC: [8192] preg_replace(): The /e modifier is deprecated, use preg_replace_callback instead C:\xampp\htdocs\aiston\ThinkPHP\Lib\Template\ThinkTemplate.class.php 第 359 行.
NOTIC: [8192] preg_replace(): The /e modifier is deprecated, use preg_replace_callback instead C:\xampp\htdocs\aiston\ThinkPHP\Lib\Template\ThinkTemplate.class.php 第 359 行.
NOTIC: [8192] preg_replace(): The /e modifier is deprecated, use preg_replace_callback instead C:\xampp\htdocs\aiston\ThinkPHP\Lib\Template\ThinkTemplate.class.php 第 359 行.
NOTIC: [8192] preg_replace(): The /e modifier is deprecated, use preg_replace_callback instead C:\xampp\htdocs\aiston\ThinkPHP\Lib\Template\ThinkTemplate.class.php 第 359 行.
NOTIC: [8192] preg_replace(): The /e modifier is deprecated, use preg_replace_callback instead C:\xampp\htdocs\aiston\ThinkPHP\Lib\Template\ThinkTemplate.class.php 第 359 行.
NOTIC: [8192] preg_replace(): The /e modifier is deprecated, use preg_replace_callback instead C:\xampp\htdocs\aiston\ThinkPHP\Lib\Template\ThinkTemplate.class.php 第 359 行.
NOTIC: [8192] preg_replace(): The /e modifier is deprecated, use preg_replace_callback instead C:\xampp\htdocs\aiston\ThinkPHP\Lib\Template\ThinkTemplate.class.php 第 359 行.
NOTIC: [8192] preg_replace(): The /e modifier is deprecated, use preg_replace_callback instead C:\xampp\htdocs\aiston\ThinkPHP\Lib\Template\ThinkTemplate.class.php 第 359 行.
NOTIC: [8192] preg_replace(): The /e modifier is deprecated, use preg_replace_callback instead C:\xampp\htdocs\aiston\ThinkPHP\Lib\Template\ThinkTemplate.class.php 第 359 行.
NOTIC: [8192] preg_replace(): The /e modifier is deprecated, use preg_replace_callback instead C:\xampp\htdocs\aiston\ThinkPHP\Lib\Template\ThinkTemplate.class.php 第 359 行.
NOTIC: [8192] preg_replace(): The /e modifier is deprecated, use preg_replace_callback instead C:\xampp\htdocs\aiston\ThinkPHP\Lib\Template\ThinkTemplate.class.php 第 359 行.
NOTIC: [8192] preg_replace(): The /e modifier is deprecated, use preg_replace_callback instead C:\xampp\htdocs\aiston\ThinkPHP\Lib\Template\ThinkTemplate.class.php 第 359 行.
NOTIC: [8192] preg_replace(): The /e modifier is deprecated, use preg_replace_callback instead C:\xampp\htdocs\aiston\ThinkPHP\Lib\Template\ThinkTemplate.class.php 第 359 行.
NOTIC: [8192] preg_replace(): The /e modifier is deprecated, use preg_replace_callback instead C:\xampp\htdocs\aiston\ThinkPHP\Lib\Template\ThinkTemplate.class.php 第 359 行.
NOTIC: [8192] preg_replace(): The /e modifier is deprecated, use preg_replace_callback instead C:\xampp\htdocs\aiston\ThinkPHP\Lib\Template\ThinkTemplate.class.php 第 359 行.
NOTIC: [8192] preg_replace(): The /e modifier is deprecated, use preg_replace_callback instead C:\xampp\htdocs\aiston\ThinkPHP\Lib\Template\ThinkTemplate.class.php 第 359 行.
NOTIC: [8192] preg_replace(): The /e modifier is deprecated, use preg_replace_callback instead C:\xampp\htdocs\aiston\ThinkPHP\Lib\Template\ThinkTemplate.class.php 第 359 行.
NOTIC: [8192] preg_replace(): The /e modifier is deprecated, use preg_replace_callback instead C:\xampp\htdocs\aiston\ThinkPHP\Lib\Template\ThinkTemplate.class.php 第 359 行.
NOTIC: [8192] preg_replace(): The /e modifier is deprecated, use preg_replace_callback instead C:\xampp\htdocs\aiston\ThinkPHP\Lib\Template\ThinkTemplate.class.php 第 359 行.
NOTIC: [8192] preg_replace(): The /e modifier is deprecated, use preg_replace_callback instead C:\xampp\htdocs\aiston\ThinkPHP\Lib\Template\ThinkTemplate.class.php 第 359 行.
NOTIC: [8192] preg_replace(): The /e modifier is deprecated, use preg_replace_callback instead C:\xampp\htdocs\aiston\ThinkPHP\Lib\Template\ThinkTemplate.class.php 第 359 行.
NOTIC: [8192] preg_replace(): The /e modifier is deprecated, use preg_replace_callback instead C:\xampp\htdocs\aiston\ThinkPHP\Lib\Template\ThinkTemplate.class.php 第 359 行.
NOTIC: [8192] preg_replace(): The /e modifier is deprecated, use preg_replace_callback instead C:\xampp\htdocs\aiston\ThinkPHP\Lib\Template\ThinkTemplate.class.php 第 359 行.
NOTIC: [8192] preg_replace(): The /e modifier is deprecated, use preg_replace_callback instead C:\xampp\htdocs\aiston\ThinkPHP\Lib\Template\ThinkTemplate.class.php 第 359 行.
NOTIC: [8192] preg_replace(): The /e modifier is deprecated, use preg_replace_callback instead C:\xampp\htdocs\aiston\ThinkPHP\Lib\Template\ThinkTemplate.class.php 第 359 行.
NOTIC: [8192] preg_replace(): The /e modifier is deprecated, use preg_replace_callback instead C:\xampp\htdocs\aiston\ThinkPHP\Lib\Template\ThinkTemplate.class.php 第 359 行.
NOTIC: [8192] preg_replace(): The /e modifier is deprecated, use preg_replace_callback instead C:\xampp\htdocs\aiston\ThinkPHP\Lib\Template\ThinkTemplate.class.php 第 359 行.
NOTIC: [8192] preg_replace(): The /e modifier is deprecated, use preg_replace_callback instead C:\xampp\htdocs\aiston\ThinkPHP\Lib\Template\ThinkTemplate.class.php 第 359 行.
NOTIC: [8192] preg_replace(): The /e modifier is deprecated, use preg_replace_callback instead C:\xampp\htdocs\aiston\ThinkPHP\Lib\Template\ThinkTemplate.class.php 第 359 行.
NOTIC: [8192] preg_replace(): The /e modifier is deprecated, use preg_replace_callback instead C:\xampp\htdocs\aiston\ThinkPHP\Lib\Template\ThinkTemplate.class.php 第 359 行.
NOTIC: [8192] preg_replace(): The /e modifier is deprecated, use preg_replace_callback instead C:\xampp\htdocs\aiston\ThinkPHP\Lib\Template\ThinkTemplate.class.php 第 359 行.
NOTIC: [8192] preg_replace(): The /e modifier is deprecated, use preg_replace_callback instead C:\xampp\htdocs\aiston\ThinkPHP\Lib\Template\ThinkTemplate.class.php 第 359 行.
NOTIC: [8192] preg_replace(): The /e modifier is deprecated, use preg_replace_callback instead C:\xampp\htdocs\aiston\ThinkPHP\Lib\Template\ThinkTemplate.class.php 第 359 行.
NOTIC: [8192] preg_replace(): The /e modifier is deprecated, use preg_replace_callback instead C:\xampp\htdocs\aiston\ThinkPHP\Lib\Template\ThinkTemplate.class.php 第 354 行.
NOTIC: [8192] preg_replace(): The /e modifier is deprecated, use preg_replace_callback instead C:\xampp\htdocs\aiston\ThinkPHP\Lib\Template\ThinkTemplate.class.php 第 354 行.
NOTIC: [8192] preg_replace(): The /e modifier is deprecated, use preg_replace_callback instead C:\xampp\htdocs\aiston\ThinkPHP\Lib\Template\ThinkTemplate.class.php 第 354 行.
NOTIC: [8192] preg_replace(): The /e modifier is deprecated, use preg_replace_callback instead C:\xampp\htdocs\aiston\ThinkPHP\Lib\Template\ThinkTemplate.class.php 第 354 行.
NOTIC: [8192] preg_replace(): The /e modifier is deprecated, use preg_replace_callback instead C:\xampp\htdocs\aiston\ThinkPHP\Lib\Template\ThinkTemplate.class.php 第 354 行.
NOTIC: [8192] preg_replace(): The /e modifier is deprecated, use preg_replace_callback instead C:\xampp\htdocs\aiston\ThinkPHP\Lib\Template\ThinkTemplate.class.php 第 354 行.
NOTIC: [8192] preg_replace(): The /e modifier is deprecated, use preg_replace_callback instead C:\xampp\htdocs\aiston\ThinkPHP\Lib\Template\ThinkTemplate.class.php 第 359 行.
NOTIC: [8192] preg_replace(): The /e modifier is deprecated, use preg_replace_callback instead C:\xampp\htdocs\aiston\ThinkPHP\Lib\Template\ThinkTemplate.class.php 第 359 行.
NOTIC: [8192] preg_replace(): The /e modifier is deprecated, use preg_replace_callback instead C:\xampp\htdocs\aiston\ThinkPHP\Lib\Template\ThinkTemplate.class.php 第 359 行.
NOTIC: [8192] preg_replace(): The /e modifier is deprecated, use preg_replace_callback instead C:\xampp\htdocs\aiston\ThinkPHP\Lib\Template\ThinkTemplate.class.php 第 193 行.
NOTIC: [8192] preg_replace(): The /e modifier is deprecated, use preg_replace_callback instead C:\xampp\htdocs\aiston\ThinkPHP\Lib\Template\ThinkTemplate.class.php 第 133 行.
INFO: Run ParseTemplate Behavior [ RunTime:-0.002603s ]
INFO: [ view_parse ] --END-- [ RunTime:0.011476s ]
INFO: [ view_filter ] --START--
INFO: Run ContentReplace Behavior [ RunTime:-0.014128s ]
INFO: Run TokenBuild Behavior [ RunTime:-0.015006s ]
INFO: Run WriteHtmlCache Behavior [ RunTime:-0.015868s ]
INFO: Run ShowRuntime Behavior [ RunTime:-0.016622s ]
INFO: [ view_filter ] --END-- [ RunTime:0.003444s ]
INFO: [ view_end ] --START--
INFO: Run ShowPageTrace Behavior [ RunTime:-0.017608s ]
INFO: [ view_end ] --END-- [ RunTime:0.001436s ]

[ 2016-01-23T15:21:38+08:00 ] 0.0.0.0 /
INFO: [ app_begin ] --START--
INFO: Run ReadHtmlCache Behavior [ RunTime:0.001032s ]
INFO: [ app_begin ] --END-- [ RunTime:0.001146s ]
INFO: [ view_parse ] --START--
NOTIC: [8192] preg_replace(): The /e modifier is deprecated, use preg_replace_callback instead C:\xampp\htdocs\aiston\ThinkPHP\Lib\Template\ThinkTemplate.class.php 第 164 行.
NOTIC: [8192] preg_replace(): The /e modifier is deprecated, use preg_replace_callback instead C:\xampp\htdocs\aiston\ThinkPHP\Lib\Template\ThinkTemplate.class.php 第 359 行.
NOTIC: [8192] preg_replace(): The /e modifier is deprecated, use preg_replace_callback instead C:\xampp\htdocs\aiston\ThinkPHP\Lib\Template\ThinkTemplate.class.php 第 359 行.
NOTIC: [8192] preg_replace(): The /e modifier is deprecated, use preg_replace_callback instead C:\xampp\htdocs\aiston\ThinkPHP\Lib\Template\ThinkTemplate.class.php 第 359 行.
NOTIC: [8192] preg_replace(): The /e modifier is deprecated, use preg_replace_callback instead C:\xampp\htdocs\aiston\ThinkPHP\Lib\Template\ThinkTemplate.class.php 第 359 行.
NOTIC: [8192] preg_replace(): The /e modifier is deprecated, use preg_replace_callback instead C:\xampp\htdocs\aiston\ThinkPHP\Lib\Template\ThinkTemplate.class.php 第 359 行.
NOTIC: [8192] preg_replace(): The /e modifier is deprecated, use preg_replace_callback instead C:\xampp\htdocs\aiston\ThinkPHP\Lib\Template\ThinkTemplate.class.php 第 359 行.
NOTIC: [8192] preg_replace(): The /e modifier is deprecated, use preg_replace_callback instead C:\xampp\htdocs\aiston\ThinkPHP\Lib\Template\ThinkTemplate.class.php 第 359 行.
NOTIC: [8192] preg_replace(): The /e modifier is deprecated, use preg_replace_callback instead C:\xampp\htdocs\aiston\ThinkPHP\Lib\Template\ThinkTemplate.class.php 第 359 行.
NOTIC: [8192] preg_replace(): The /e modifier is deprecated, use preg_replace_callback instead C:\xampp\htdocs\aiston\ThinkPHP\Lib\Template\ThinkTemplate.class.php 第 359 行.
NOTIC: [8192] preg_replace(): The /e modifier is deprecated, use preg_replace_callback instead C:\xampp\htdocs\aiston\ThinkPHP\Lib\Template\ThinkTemplate.class.php 第 359 行.
NOTIC: [8192] preg_replace(): The /e modifier is deprecated, use preg_replace_callback instead C:\xampp\htdocs\aiston\ThinkPHP\Lib\Template\ThinkTemplate.class.php 第 359 行.
NOTIC: [8192] preg_replace(): The /e modifier is deprecated, use preg_replace_callback instead C:\xampp\htdocs\aiston\ThinkPHP\Lib\Template\ThinkTemplate.class.php 第 359 行.
NOTIC: [8192] preg_replace(): The /e modifier is deprecated, use preg_replace_callback instead C:\xampp\htdocs\aiston\ThinkPHP\Lib\Template\ThinkTemplate.class.php 第 354 行.
NOTIC: [8192] preg_replace(): The /e modifier is deprecated, use preg_replace_callback instead C:\xampp\htdocs\aiston\ThinkPHP\Lib\Template\ThinkTemplate.class.php 第 354 行.
NOTIC: [8192] preg_replace(): The /e modifier is deprecated, use preg_replace_callback instead C:\xampp\htdocs\aiston\ThinkPHP\Lib\Template\ThinkTemplate.class.php 第 359 行.
NOTIC: [8192] preg_replace(): The /e modifier is deprecated, use preg_replace_callback instead C:\xampp\htdocs\aiston\ThinkPHP\Lib\Template\ThinkTemplate.class.php 第 359 行.
NOTIC: [8192] preg_replace(): The /e modifier is deprecated, use preg_replace_callback instead C:\xampp\htdocs\aiston\ThinkPHP\Lib\Template\ThinkTemplate.class.php 第 359 行.
NOTIC: [8192] preg_replace(): The /e modifier is deprecated, use preg_replace_callback instead C:\xampp\htdocs\aiston\ThinkPHP\Lib\Template\ThinkTemplate.class.php 第 354 行.
NOTIC: [8192] preg_replace(): The /e modifier is deprecated, use preg_replace_callback instead C:\xampp\htdocs\aiston\ThinkPHP\Lib\Template\ThinkTemplate.class.php 第 359 行.
NOTIC: [8192] preg_replace(): The /e modifier is deprecated, use preg_replace_callback instead C:\xampp\htdocs\aiston\ThinkPHP\Lib\Template\ThinkTemplate.class.php 第 359 行.
NOTIC: [8192] preg_replace(): The /e modifier is deprecated, use preg_replace_callback instead C:\xampp\htdocs\aiston\ThinkPHP\Lib\Template\ThinkTemplate.class.php 第 359 行.
NOTIC: [8192] preg_replace(): The /e modifier is deprecated, use preg_replace_callback instead C:\xampp\htdocs\aiston\ThinkPHP\Lib\Template\ThinkTemplate.class.php 第 359 行.
NOTIC: [8192] preg_replace(): The /e modifier is deprecated, use preg_replace_callback instead C:\xampp\htdocs\aiston\ThinkPHP\Lib\Template\ThinkTemplate.class.php 第 359 行.
NOTIC: [8192] preg_replace(): The /e modifier is deprecated, use preg_replace_callback instead C:\xampp\htdocs\aiston\ThinkPHP\Lib\Template\ThinkTemplate.class.php 第 359 行.
NOTIC: [8192] preg_replace(): The /e modifier is deprecated, use preg_replace_callback instead C:\xampp\htdocs\aiston\ThinkPHP\Lib\Template\ThinkTemplate.class.php 第 359 行.
NOTIC: [8192] preg_replace(): The /e modifier is deprecated, use preg_replace_callback instead C:\xampp\htdocs\aiston\ThinkPHP\Lib\Template\ThinkTemplate.class.php 第 359 行.
NOTIC: [8192] preg_replace(): The /e modifier is deprecated, use preg_replace_callback instead C:\xampp\htdocs\aiston\ThinkPHP\Lib\Template\ThinkTemplate.class.php 第 359 行.
NOTIC: [8192] preg_replace(): The /e modifier is deprecated, use preg_replace_callback instead C:\xampp\htdocs\aiston\ThinkPHP\Lib\Template\ThinkTemplate.class.php 第 359 行.
NOTIC: [8192] preg_replace(): The /e modifier is deprecated, use preg_replace_callback instead C:\xampp\htdocs\aiston\ThinkPHP\Lib\Template\ThinkTemplate.class.php 第 359 行.
NOTIC: [8192] preg_replace(): The /e modifier is deprecated, use preg_replace_callback instead C:\xampp\htdocs\aiston\ThinkPHP\Lib\Template\ThinkTemplate.class.php 第 359 行.
NOTIC: [8192] preg_replace(): The /e modifier is deprecated, use preg_replace_callback instead C:\xampp\htdocs\aiston\ThinkPHP\Lib\Template\ThinkTemplate.class.php 第 359 行.
NOTIC: [8192] preg_replace(): The /e modifier is deprecated, use preg_replace_callback instead C:\xampp\htdocs\aiston\ThinkPHP\Lib\Template\ThinkTemplate.class.php 第 359 行.
NOTIC: [8192] preg_replace(): The /e modifier is deprecated, use preg_replace_callback instead C:\xampp\htdocs\aiston\ThinkPHP\Lib\Template\ThinkTemplate.class.php 第 359 行.
NOTIC: [8192] preg_replace(): The /e modifier is deprecated, use preg_replace_callback instead C:\xampp\htdocs\aiston\ThinkPHP\Lib\Template\ThinkTemplate.class.php 第 359 行.
NOTIC: [8192] preg_replace(): The /e modifier is deprecated, use preg_replace_callback instead C:\xampp\htdocs\aiston\ThinkPHP\Lib\Template\ThinkTemplate.class.php 第 359 行.
NOTIC: [8192] preg_replace(): The /e modifier is deprecated, use preg_replace_callback instead C:\xampp\htdocs\aiston\ThinkPHP\Lib\Template\ThinkTemplate.class.php 第 359 行.
NOTIC: [8192] preg_replace(): The /e modifier is deprecated, use preg_replace_callback instead C:\xampp\htdocs\aiston\ThinkPHP\Lib\Template\ThinkTemplate.class.php 第 359 行.
NOTIC: [8192] preg_replace(): The /e modifier is deprecated, use preg_replace_callback instead C:\xampp\htdocs\aiston\ThinkPHP\Lib\Template\ThinkTemplate.class.php 第 359 行.
NOTIC: [8192] preg_replace(): The /e modifier is deprecated, use preg_replace_callback instead C:\xampp\htdocs\aiston\ThinkPHP\Lib\Template\ThinkTemplate.class.php 第 359 行.
NOTIC: [8192] preg_replace(): The /e modifier is deprecated, use preg_replace_callback instead C:\xampp\htdocs\aiston\ThinkPHP\Lib\Template\ThinkTemplate.class.php 第 359 行.
NOTIC: [8192] preg_replace(): The /e modifier is deprecated, use preg_replace_callback instead C:\xampp\htdocs\aiston\ThinkPHP\Lib\Template\ThinkTemplate.class.php 第 359 行.
NOTIC: [8192] preg_replace(): The /e modifier is deprecated, use preg_replace_callback instead C:\xampp\htdocs\aiston\ThinkPHP\Lib\Template\ThinkTemplate.class.php 第 359 行.
NOTIC: [8192] preg_replace(): The /e modifier is deprecated, use preg_replace_callback instead C:\xampp\htdocs\aiston\ThinkPHP\Lib\Template\ThinkTemplate.class.php 第 359 行.
NOTIC: [8192] preg_replace(): The /e modifier is deprecated, use preg_replace_callback instead C:\xampp\htdocs\aiston\ThinkPHP\Lib\Template\ThinkTemplate.class.php 第 359 行.
NOTIC: [8192] preg_replace(): The /e modifier is deprecated, use preg_replace_callback instead C:\xampp\htdocs\aiston\ThinkPHP\Lib\Template\ThinkTemplate.class.php 第 359 行.
NOTIC: [8192] preg_replace(): The /e modifier is deprecated, use preg_replace_callback instead C:\xampp\htdocs\aiston\ThinkPHP\Lib\Template\ThinkTemplate.class.php 第 359 行.
NOTIC: [8192] preg_replace(): The /e modifier is deprecated, use preg_replace_callback instead C:\xampp\htdocs\aiston\ThinkPHP\Lib\Template\ThinkTemplate.class.php 第 359 行.
NOTIC: [8192] preg_replace(): The /e modifier is deprecated, use preg_replace_callback instead C:\xampp\htdocs\aiston\ThinkPHP\Lib\Template\ThinkTemplate.class.php 第 359 行.
NOTIC: [8192] preg_replace(): The /e modifier is deprecated, use preg_replace_callback instead C:\xampp\htdocs\aiston\ThinkPHP\Lib\Template\ThinkTemplate.class.php 第 359 行.
NOTIC: [8192] preg_replace(): The /e modifier is deprecated, use preg_replace_callback instead C:\xampp\htdocs\aiston\ThinkPHP\Lib\Template\ThinkTemplate.class.php 第 359 行.
NOTIC: [8192] preg_replace(): The /e modifier is deprecated, use preg_replace_callback instead C:\xampp\htdocs\aiston\ThinkPHP\Lib\Template\ThinkTemplate.class.php 第 359 行.
NOTIC: [8192] preg_replace(): The /e modifier is deprecated, use preg_replace_callback instead C:\xampp\htdocs\aiston\ThinkPHP\Lib\Template\ThinkTemplate.class.php 第 359 行.
NOTIC: [8192] preg_replace(): The /e modifier is deprecated, use preg_replace_callback instead C:\xampp\htdocs\aiston\ThinkPHP\Lib\Template\ThinkTemplate.class.php 第 359 行.
NOTIC: [8192] preg_replace(): The /e modifier is deprecated, use preg_replace_callback instead C:\xampp\htdocs\aiston\ThinkPHP\Lib\Template\ThinkTemplate.class.php 第 359 行.
NOTIC: [8192] preg_replace(): The /e modifier is deprecated, use preg_replace_callback instead C:\xampp\htdocs\aiston\ThinkPHP\Lib\Template\ThinkTemplate.class.php 第 359 行.
NOTIC: [8192] preg_replace(): The /e modifier is deprecated, use preg_replace_callback instead C:\xampp\htdocs\aiston\ThinkPHP\Lib\Template\ThinkTemplate.class.php 第 359 行.
NOTIC: [8192] preg_replace(): The /e modifier is deprecated, use preg_replace_callback instead C:\xampp\htdocs\aiston\ThinkPHP\Lib\Template\ThinkTemplate.class.php 第 359 行.
NOTIC: [8192] preg_replace(): The /e modifier is deprecated, use preg_replace_callback instead C:\xampp\htdocs\aiston\ThinkPHP\Lib\Template\ThinkTemplate.class.php 第 359 行.
NOTIC: [8192] preg_replace(): The /e modifier is deprecated, use preg_replace_callback instead C:\xampp\htdocs\aiston\ThinkPHP\Lib\Template\ThinkTemplate.class.php 第 359 行.
NOTIC: [8192] preg_replace(): The /e modifier is deprecated, use preg_replace_callback instead C:\xampp\htdocs\aiston\ThinkPHP\Lib\Template\ThinkTemplate.class.php 第 359 行.
NOTIC: [8192] preg_replace(): The /e modifier is deprecated, use preg_replace_callback instead C:\xampp\htdocs\aiston\ThinkPHP\Lib\Template\ThinkTemplate.class.php 第 359 行.
NOTIC: [8192] preg_replace(): The /e modifier is deprecated, use preg_replace_callback instead C:\xampp\htdocs\aiston\ThinkPHP\Lib\Template\ThinkTemplate.class.php 第 359 行.
NOTIC: [8192] preg_replace(): The /e modifier is deprecated, use preg_replace_callback instead C:\xampp\htdocs\aiston\ThinkPHP\Lib\Template\ThinkTemplate.class.php 第 359 行.
NOTIC: [8192] preg_replace(): The /e modifier is deprecated, use preg_replace_callback instead C:\xampp\htdocs\aiston\ThinkPHP\Lib\Template\ThinkTemplate.class.php 第 359 行.
NOTIC: [8192] preg_replace(): The /e modifier is deprecated, use preg_replace_callback instead C:\xampp\htdocs\aiston\ThinkPHP\Lib\Template\ThinkTemplate.class.php 第 359 行.
NOTIC: [8192] preg_replace(): The /e modifier is deprecated, use preg_replace_callback instead C:\xampp\htdocs\aiston\ThinkPHP\Lib\Template\ThinkTemplate.class.php 第 359 行.
NOTIC: [8192] preg_replace(): The /e modifier is deprecated, use preg_replace_callback instead C:\xampp\htdocs\aiston\ThinkPHP\Lib\Template\ThinkTemplate.class.php 第 359 行.
NOTIC: [8192] preg_replace(): The /e modifier is deprecated, use preg_replace_callback instead C:\xampp\htdocs\aiston\ThinkPHP\Lib\Template\ThinkTemplate.class.php 第 359 行.
NOTIC: [8192] preg_replace(): The /e modifier is deprecated, use preg_replace_callback instead C:\xampp\htdocs\aiston\ThinkPHP\Lib\Template\ThinkTemplate.class.php 第 359 行.
NOTIC: [8192] preg_replace(): The /e modifier is deprecated, use preg_replace_callback instead C:\xampp\htdocs\aiston\ThinkPHP\Lib\Template\ThinkTemplate.class.php 第 359 行.
NOTIC: [8192] preg_replace(): The /e modifier is deprecated, use preg_replace_callback instead C:\xampp\htdocs\aiston\ThinkPHP\Lib\Template\ThinkTemplate.class.php 第 359 行.
NOTIC: [8192] preg_replace(): The /e modifier is deprecated, use preg_replace_callback instead C:\xampp\htdocs\aiston\ThinkPHP\Lib\Template\ThinkTemplate.class.php 第 359 行.
NOTIC: [8192] preg_replace(): The /e modifier is deprecated, use preg_replace_callback instead C:\xampp\htdocs\aiston\ThinkPHP\Lib\Template\ThinkTemplate.class.php 第 359 行.
NOTIC: [8192] preg_replace(): The /e modifier is deprecated, use preg_replace_callback instead C:\xampp\htdocs\aiston\ThinkPHP\Lib\Template\ThinkTemplate.class.php 第 359 行.
NOTIC: [8192] preg_replace(): The /e modifier is deprecated, use preg_replace_callback instead C:\xampp\htdocs\aiston\ThinkPHP\Lib\Template\ThinkTemplate.class.php 第 359 行.
NOTIC: [8192] preg_replace(): The /e modifier is deprecated, use preg_replace_callback instead C:\xampp\htdocs\aiston\ThinkPHP\Lib\Template\ThinkTemplate.class.php 第 359 行.
NOTIC: [8192] preg_replace(): The /e modifier is deprecated, use preg_replace_callback instead C:\xampp\htdocs\aiston\ThinkPHP\Lib\Template\ThinkTemplate.class.php 第 359 行.
NOTIC: [8192] preg_replace(): The /e modifier is deprecated, use preg_replace_callback instead C:\xampp\htdocs\aiston\ThinkPHP\Lib\Template\ThinkTemplate.class.php 第 359 行.
NOTIC: [8192] preg_replace(): The /e modifier is deprecated, use preg_replace_callback instead C:\xampp\htdocs\aiston\ThinkPHP\Lib\Template\ThinkTemplate.class.php 第 359 行.
NOTIC: [8192] preg_replace(): The /e modifier is deprecated, use preg_replace_callback instead C:\xampp\htdocs\aiston\ThinkPHP\Lib\Template\ThinkTemplate.class.php 第 359 行.
NOTIC: [8192] preg_replace(): The /e modifier is deprecated, use preg_replace_callback instead C:\xampp\htdocs\aiston\ThinkPHP\Lib\Template\ThinkTemplate.class.php 第 359 行.
NOTIC: [8192] preg_replace(): The /e modifier is deprecated, use preg_replace_callback instead C:\xampp\htdocs\aiston\ThinkPHP\Lib\Template\ThinkTemplate.class.php 第 359 行.
NOTIC: [8192] preg_replace(): The /e modifier is deprecated, use preg_replace_callback instead C:\xampp\htdocs\aiston\ThinkPHP\Lib\Template\ThinkTemplate.class.php 第 359 行.
NOTIC: [8192] preg_replace(): The /e modifier is deprecated, use preg_replace_callback instead C:\xampp\htdocs\aiston\ThinkPHP\Lib\Template\ThinkTemplate.class.php 第 359 行.
NOTIC: [8192] preg_replace(): The /e modifier is deprecated, use preg_replace_callback instead C:\xampp\htdocs\aiston\ThinkPHP\Lib\Template\ThinkTemplate.class.php 第 354 行.
NOTIC: [8192] preg_replace(): The /e modifier is deprecated, use preg_replace_callback instead C:\xampp\htdocs\aiston\ThinkPHP\Lib\Template\ThinkTemplate.class.php 第 354 行.
NOTIC: [8192] preg_replace(): The /e modifier is deprecated, use preg_replace_callback instead C:\xampp\htdocs\aiston\ThinkPHP\Lib\Template\ThinkTemplate.class.php 第 354 行.
NOTIC: [8192] preg_replace(): The /e modifier is deprecated, use preg_replace_callback instead C:\xampp\htdocs\aiston\ThinkPHP\Lib\Template\ThinkTemplate.class.php 第 354 行.
NOTIC: [8192] preg_replace(): The /e modifier is deprecated, use preg_replace_callback instead C:\xampp\htdocs\aiston\ThinkPHP\Lib\Template\ThinkTemplate.class.php 第 354 行.
NOTIC: [8192] preg_replace(): The /e modifier is deprecated, use preg_replace_callback instead C:\xampp\htdocs\aiston\ThinkPHP\Lib\Template\ThinkTemplate.class.php 第 354 行.
NOTIC: [8192] preg_replace(): The /e modifier is deprecated, use preg_replace_callback instead C:\xampp\htdocs\aiston\ThinkPHP\Lib\Template\ThinkTemplate.class.php 第 359 行.
NOTIC: [8192] preg_replace(): The /e modifier is deprecated, use preg_replace_callback instead C:\xampp\htdocs\aiston\ThinkPHP\Lib\Template\ThinkTemplate.class.php 第 359 行.
NOTIC: [8192] preg_replace(): The /e modifier is deprecated, use preg_replace_callback instead C:\xampp\htdocs\aiston\ThinkPHP\Lib\Template\ThinkTemplate.class.php 第 359 行.
NOTIC: [8192] preg_replace(): The /e modifier is deprecated, use preg_replace_callback instead C:\xampp\htdocs\aiston\ThinkPHP\Lib\Template\ThinkTemplate.class.php 第 193 行.
NOTIC: [8192] preg_replace(): The /e modifier is deprecated, use preg_replace_callback instead C:\xampp\htdocs\aiston\ThinkPHP\Lib\Template\ThinkTemplate.class.php 第 133 行.
INFO: Run ParseTemplate Behavior [ RunTime:-0.002001s ]
INFO: [ view_parse ] --END-- [ RunTime:0.014284s ]
INFO: [ view_filter ] --START--
INFO: Run ContentReplace Behavior [ RunTime:-0.016305s ]
INFO: Run TokenBuild Behavior [ RunTime:-0.017559s ]
INFO: Run WriteHtmlCache Behavior [ RunTime:-0.018497s ]
INFO: Run ShowRuntime Behavior [ RunTime:-0.019268s ]
INFO: [ view_filter ] --END-- [ RunTime:0.003881s ]
INFO: [ view_end ] --START--
INFO: Run ShowPageTrace Behavior [ RunTime:-0.020236s ]
INFO: [ view_end ] --END-- [ RunTime:0.001121s ]

[ 2016-01-23T15:21:44+08:00 ] ERR: (ThinkException) 无法加载模块:Admin
