[ 2016-01-31T10:50:23+08:00 ] ::1 /
INFO: [ app_init ] --START--
INFO: Run Behavior\BuildLiteBehavior [ RunTime:0.000025s ]
INFO: [ app_init ] --END-- [ RunTime:0.003204s ]
INFO: [ app_begin ] --START--
INFO: Run Behavior\ReadHtmlCacheBehavior [ RunTime:0.001446s ]
INFO: [ app_begin ] --END-- [ RunTime:0.001556s ]
SQL: SHOW COLUMNS FROM `ast_index` [ RunTime:0.0129s ]
SQL: SHOW COLUMNS FROM `ast_member` [ RunTime:0.0088s ]
SQL: SELECT * FROM `ast_member`  [ RunTime:0.0011s ]
SQL: SELECT * FROM `ast_member` WHERE `p_cate` = 3  [ RunTime:0.0015s ]
SQL: SELECT * FROM `ast_member` WHERE `p_cate` = 4  [ RunTime:0.0003s ]
SQL: SELECT * FROM `ast_member` WHERE `p_cate` = 5  [ RunTime:0.0004s ]
SQL: SELECT * FROM `ast_member` WHERE `p_cate` = 6  [ RunTime:0.0003s ]
SQL: SELECT * FROM `ast_member` WHERE `p_cate` = 7  [ RunTime:0.0003s ]
SQL: SELECT * FROM `ast_member` WHERE `p_cate` = 8  [ RunTime:0.0002s ]
SQL: SELECT * FROM `ast_index` WHERE `i_class` = 4  [ RunTime:0.0004s ]
SQL: SELECT * FROM `ast_index` WHERE `i_class` = 5  [ RunTime:0.0005s ]
SQL: SHOW COLUMNS FROM `ast_banner` [ RunTime:0.0081s ]
SQL: SELECT * FROM `ast_banner`  [ RunTime:0.0005s ]
INFO: [ view_parse ] --START--
INFO: [ template_filter ] --START--
INFO: Run Behavior\ContentReplaceBehavior [ RunTime:0.000334s ]
INFO: [ template_filter ] --END-- [ RunTime:0.000408s ]
INFO: Run Behavior\ParseTemplateBehavior [ RunTime:0.038756s ]
INFO: [ view_parse ] --END-- [ RunTime:0.038853s ]
INFO: [ view_filter ] --START--
INFO: Run Behavior\WriteHtmlCacheBehavior [ RunTime:0.001021s ]
INFO: [ view_filter ] --END-- [ RunTime:0.001082s ]
INFO: [ app_end ] --START--
INFO: Run Behavior\ShowPageTraceBehavior [ RunTime:0.001982s ]
INFO: [ app_end ] --END-- [ RunTime:0.002094s ]

[ 2016-01-31T13:04:15+08:00 ] 123.151.42.61 http://www.baidu.com/
INFO: [ app_init ] --START--
INFO: Run Behavior\BuildLiteBehavior [ RunTime:0.000030s ]
INFO: [ app_init ] --END-- [ RunTime:0.001017s ]
INFO: [ app_begin ] --START--
INFO: Run Behavior\ReadHtmlCacheBehavior [ RunTime:0.001468s ]
INFO: [ app_begin ] --END-- [ RunTime:0.001589s ]
SQL: SHOW COLUMNS FROM `ast_index` [ RunTime:0.0089s ]
SQL: SHOW COLUMNS FROM `ast_member` [ RunTime:0.0056s ]
SQL: SELECT * FROM `ast_member`  [ RunTime:0.0008s ]
SQL: SELECT * FROM `ast_member` WHERE `p_cate` = 3  [ RunTime:0.0008s ]
SQL: SELECT * FROM `ast_member` WHERE `p_cate` = 4  [ RunTime:0.0007s ]
SQL: SELECT * FROM `ast_member` WHERE `p_cate` = 5  [ RunTime:0.0005s ]
SQL: SELECT * FROM `ast_member` WHERE `p_cate` = 6  [ RunTime:0.0005s ]
SQL: SELECT * FROM `ast_member` WHERE `p_cate` = 7  [ RunTime:0.0008s ]
SQL: SELECT * FROM `ast_member` WHERE `p_cate` = 8  [ RunTime:0.0005s ]
SQL: SELECT * FROM `ast_index` WHERE `i_class` = 4  [ RunTime:0.0004s ]
SQL: SELECT * FROM `ast_index` WHERE `i_class` = 5  [ RunTime:0.0004s ]
SQL: SHOW COLUMNS FROM `ast_banner` [ RunTime:0.0067s ]
SQL: SELECT * FROM `ast_banner`  [ RunTime:0.0006s ]
INFO: [ view_parse ] --START--
INFO: [ template_filter ] --START--
INFO: Run Behavior\ContentReplaceBehavior [ RunTime:0.001197s ]
INFO: [ template_filter ] --END-- [ RunTime:0.001327s ]
INFO: Run Behavior\ParseTemplateBehavior [ RunTime:0.034524s ]
INFO: [ view_parse ] --END-- [ RunTime:0.034628s ]
INFO: [ view_filter ] --START--
INFO: Run Behavior\WriteHtmlCacheBehavior [ RunTime:0.001142s ]
INFO: [ view_filter ] --END-- [ RunTime:0.001228s ]
INFO: [ app_end ] --START--
INFO: Run Behavior\ShowPageTraceBehavior [ RunTime:0.001230s ]
INFO: [ app_end ] --END-- [ RunTime:0.001319s ]

[ 2016-01-31T13:04:16+08:00 ] 123.151.42.61 http://www.baidu.com/
INFO: [ app_init ] --START--
INFO: Run Behavior\BuildLiteBehavior [ RunTime:0.000017s ]
INFO: [ app_init ] --END-- [ RunTime:0.000493s ]
INFO: [ app_begin ] --START--
INFO: Run Behavior\ReadHtmlCacheBehavior [ RunTime:0.002653s ]
INFO: [ app_begin ] --END-- [ RunTime:0.002876s ]
SQL: SHOW COLUMNS FROM `ast_index` [ RunTime:0.0074s ]
SQL: SHOW COLUMNS FROM `ast_member` [ RunTime:0.0053s ]
SQL: SELECT * FROM `ast_member`  [ RunTime:0.0004s ]
SQL: SELECT * FROM `ast_member` WHERE `p_cate` = 3  [ RunTime:0.0003s ]
SQL: SELECT * FROM `ast_member` WHERE `p_cate` = 4  [ RunTime:0.0003s ]
SQL: SELECT * FROM `ast_member` WHERE `p_cate` = 5  [ RunTime:0.0004s ]
SQL: SELECT * FROM `ast_member` WHERE `p_cate` = 6  [ RunTime:0.0004s ]
SQL: SELECT * FROM `ast_member` WHERE `p_cate` = 7  [ RunTime:0.0005s ]
SQL: SELECT * FROM `ast_member` WHERE `p_cate` = 8  [ RunTime:0.0004s ]
SQL: SELECT * FROM `ast_index` WHERE `i_class` = 4  [ RunTime:0.0005s ]
SQL: SELECT * FROM `ast_index` WHERE `i_class` = 5  [ RunTime:0.0005s ]
SQL: SHOW COLUMNS FROM `ast_banner` [ RunTime:0.0080s ]
SQL: SELECT * FROM `ast_banner`  [ RunTime:0.0004s ]
INFO: [ view_parse ] --START--
INFO: [ template_filter ] --START--
INFO: Run Behavior\ContentReplaceBehavior [ RunTime:0.000313s ]
INFO: [ template_filter ] --END-- [ RunTime:0.000438s ]
INFO: Run Behavior\ParseTemplateBehavior [ RunTime:0.039132s ]
INFO: [ view_parse ] --END-- [ RunTime:0.039232s ]
INFO: [ view_filter ] --START--
INFO: Run Behavior\WriteHtmlCacheBehavior [ RunTime:0.000784s ]
INFO: [ view_filter ] --END-- [ RunTime:0.000861s ]
INFO: [ app_end ] --START--
INFO: Run Behavior\ShowPageTraceBehavior [ RunTime:0.002897s ]
INFO: [ app_end ] --END-- [ RunTime:0.003026s ]

[ 2016-01-31T16:12:59+08:00 ] 123.56.233.103 /
INFO: [ app_init ] --START--
INFO: Run Behavior\BuildLiteBehavior [ RunTime:0.000029s ]
INFO: [ app_init ] --END-- [ RunTime:0.000810s ]
INFO: [ app_begin ] --START--
INFO: Run Behavior\ReadHtmlCacheBehavior [ RunTime:0.001178s ]
INFO: [ app_begin ] --END-- [ RunTime:0.001301s ]
SQL: SHOW COLUMNS FROM `ast_index` [ RunTime:0.0057s ]
SQL: SHOW COLUMNS FROM `ast_member` [ RunTime:0.0054s ]
SQL: SELECT * FROM `ast_member`  [ RunTime:0.0005s ]
SQL: SELECT * FROM `ast_member` WHERE `p_cate` = 3  [ RunTime:0.0016s ]
SQL: SELECT * FROM `ast_member` WHERE `p_cate` = 4  [ RunTime:0.0012s ]
SQL: SELECT * FROM `ast_member` WHERE `p_cate` = 5  [ RunTime:0.0013s ]
SQL: SELECT * FROM `ast_member` WHERE `p_cate` = 6  [ RunTime:0.0008s ]
SQL: SELECT * FROM `ast_member` WHERE `p_cate` = 7  [ RunTime:0.0006s ]
SQL: SELECT * FROM `ast_member` WHERE `p_cate` = 8  [ RunTime:0.0004s ]
SQL: SELECT * FROM `ast_index` WHERE `i_class` = 4  [ RunTime:0.0006s ]
SQL: SELECT * FROM `ast_index` WHERE `i_class` = 5  [ RunTime:0.0006s ]
SQL: SHOW COLUMNS FROM `ast_banner` [ RunTime:0.0064s ]
SQL: SELECT * FROM `ast_banner`  [ RunTime:0.0004s ]
INFO: [ view_parse ] --START--
INFO: [ template_filter ] --START--
INFO: Run Behavior\ContentReplaceBehavior [ RunTime:0.000657s ]
INFO: [ template_filter ] --END-- [ RunTime:0.000809s ]
INFO: Run Behavior\ParseTemplateBehavior [ RunTime:0.042982s ]
INFO: [ view_parse ] --END-- [ RunTime:0.043104s ]
INFO: [ view_filter ] --START--
INFO: Run Behavior\WriteHtmlCacheBehavior [ RunTime:0.000981s ]
INFO: [ view_filter ] --END-- [ RunTime:0.001078s ]
INFO: [ app_end ] --START--
INFO: Run Behavior\ShowPageTraceBehavior [ RunTime:0.001253s ]
INFO: [ app_end ] --END-- [ RunTime:0.001363s ]

[ 2016-01-31T16:51:35+08:00 ] 169.229.3.91 
INFO: [ app_init ] --START--
INFO: Run Behavior\BuildLiteBehavior [ RunTime:0.000021s ]
INFO: [ app_init ] --END-- [ RunTime:0.000850s ]
NOTIC: [8] Undefined index: HTTP_HOST C:\xampp\htdocs\aiston\ThinkPHP\Library\Think\Dispatcher.class.php 第 40 行.
NOTIC: [8] Undefined index: HTTP_HOST C:\xampp\htdocs\aiston\ThinkPHP\Library\Think\Dispatcher.class.php 第 47 行.
INFO: [ app_begin ] --START--
INFO: Run Behavior\ReadHtmlCacheBehavior [ RunTime:0.002051s ]
INFO: [ app_begin ] --END-- [ RunTime:0.002184s ]
SQL: SHOW COLUMNS FROM `ast_index` [ RunTime:0.0080s ]
SQL: SHOW COLUMNS FROM `ast_member` [ RunTime:0.0066s ]
SQL: SELECT * FROM `ast_member`  [ RunTime:0.0005s ]
SQL: SELECT * FROM `ast_member` WHERE `p_cate` = 3  [ RunTime:0.0003s ]
SQL: SELECT * FROM `ast_member` WHERE `p_cate` = 4  [ RunTime:0.0003s ]
SQL: SELECT * FROM `ast_member` WHERE `p_cate` = 5  [ RunTime:0.0003s ]
SQL: SELECT * FROM `ast_member` WHERE `p_cate` = 6  [ RunTime:0.0002s ]
SQL: SELECT * FROM `ast_member` WHERE `p_cate` = 7  [ RunTime:0.0003s ]
SQL: SELECT * FROM `ast_member` WHERE `p_cate` = 8  [ RunTime:0.0003s ]
SQL: SELECT * FROM `ast_index` WHERE `i_class` = 4  [ RunTime:0.0004s ]
SQL: SELECT * FROM `ast_index` WHERE `i_class` = 5  [ RunTime:0.0006s ]
SQL: SHOW COLUMNS FROM `ast_banner` [ RunTime:0.0112s ]
SQL: SELECT * FROM `ast_banner`  [ RunTime:0.0008s ]
INFO: [ view_parse ] --START--
INFO: [ template_filter ] --START--
INFO: Run Behavior\ContentReplaceBehavior [ RunTime:0.000374s ]
INFO: [ template_filter ] --END-- [ RunTime:0.000452s ]
INFO: Run Behavior\ParseTemplateBehavior [ RunTime:0.044703s ]
INFO: [ view_parse ] --END-- [ RunTime:0.044809s ]
INFO: [ view_filter ] --START--
INFO: Run Behavior\WriteHtmlCacheBehavior [ RunTime:0.000996s ]
INFO: [ view_filter ] --END-- [ RunTime:0.001073s ]
INFO: [ app_end ] --START--
INFO: Run Behavior\ShowPageTraceBehavior [ RunTime:0.001440s ]
INFO: [ app_end ] --END-- [ RunTime:0.001536s ]

[ 2016-01-31T17:32:42+08:00 ] 23.251.63.45 http://proxyjudge.us/
INFO: [ app_init ] --START--
INFO: Run Behavior\BuildLiteBehavior [ RunTime:0.000018s ]
INFO: [ app_init ] --END-- [ RunTime:0.000631s ]
INFO: [ app_begin ] --START--
INFO: Run Behavior\ReadHtmlCacheBehavior [ RunTime:0.001565s ]
INFO: [ app_begin ] --END-- [ RunTime:0.001702s ]
SQL: SHOW COLUMNS FROM `ast_index` [ RunTime:0.0069s ]
SQL: SHOW COLUMNS FROM `ast_member` [ RunTime:0.0045s ]
SQL: SELECT * FROM `ast_member`  [ RunTime:0.0005s ]
SQL: SELECT * FROM `ast_member` WHERE `p_cate` = 3  [ RunTime:0.0004s ]
SQL: SELECT * FROM `ast_member` WHERE `p_cate` = 4  [ RunTime:0.0003s ]
SQL: SELECT * FROM `ast_member` WHERE `p_cate` = 5  [ RunTime:0.0002s ]
SQL: SELECT * FROM `ast_member` WHERE `p_cate` = 6  [ RunTime:0.0002s ]
SQL: SELECT * FROM `ast_member` WHERE `p_cate` = 7  [ RunTime:0.0003s ]
SQL: SELECT * FROM `ast_member` WHERE `p_cate` = 8  [ RunTime:0.0003s ]
SQL: SELECT * FROM `ast_index` WHERE `i_class` = 4  [ RunTime:0.0003s ]
SQL: SELECT * FROM `ast_index` WHERE `i_class` = 5  [ RunTime:0.0003s ]
SQL: SHOW COLUMNS FROM `ast_banner` [ RunTime:0.0051s ]
SQL: SELECT * FROM `ast_banner`  [ RunTime:0.0003s ]
INFO: [ view_parse ] --START--
INFO: [ template_filter ] --START--
INFO: Run Behavior\ContentReplaceBehavior [ RunTime:0.000329s ]
INFO: [ template_filter ] --END-- [ RunTime:0.000425s ]
INFO: Run Behavior\ParseTemplateBehavior [ RunTime:0.033088s ]
INFO: [ view_parse ] --END-- [ RunTime:0.033165s ]
INFO: [ view_filter ] --START--
INFO: Run Behavior\WriteHtmlCacheBehavior [ RunTime:0.000909s ]
INFO: [ view_filter ] --END-- [ RunTime:0.000964s ]
INFO: [ app_end ] --START--
INFO: Run Behavior\ShowPageTraceBehavior [ RunTime:0.001174s ]
INFO: [ app_end ] --END-- [ RunTime:0.001238s ]

[ 2016-01-31T17:32:43+08:00 ] 23.251.63.45 www.baidu.com:443
INFO: [ app_init ] --START--
INFO: Run Behavior\BuildLiteBehavior [ RunTime:0.000018s ]
INFO: [ app_init ] --END-- [ RunTime:0.000766s ]
INFO: [ app_begin ] --START--
INFO: Run Behavior\ReadHtmlCacheBehavior [ RunTime:0.001201s ]
INFO: [ app_begin ] --END-- [ RunTime:0.001312s ]
SQL: SHOW COLUMNS FROM `ast_index` [ RunTime:0.0056s ]
SQL: SHOW COLUMNS FROM `ast_member` [ RunTime:0.0052s ]
SQL: SELECT * FROM `ast_member`  [ RunTime:0.0004s ]
SQL: SELECT * FROM `ast_member` WHERE `p_cate` = 3  [ RunTime:0.0003s ]
SQL: SELECT * FROM `ast_member` WHERE `p_cate` = 4  [ RunTime:0.0002s ]
SQL: SELECT * FROM `ast_member` WHERE `p_cate` = 5  [ RunTime:0.0002s ]
SQL: SELECT * FROM `ast_member` WHERE `p_cate` = 6  [ RunTime:0.0002s ]
SQL: SELECT * FROM `ast_member` WHERE `p_cate` = 7  [ RunTime:0.0002s ]
SQL: SELECT * FROM `ast_member` WHERE `p_cate` = 8  [ RunTime:0.0002s ]
SQL: SELECT * FROM `ast_index` WHERE `i_class` = 4  [ RunTime:0.0003s ]
SQL: SELECT * FROM `ast_index` WHERE `i_class` = 5  [ RunTime:0.0003s ]
SQL: SHOW COLUMNS FROM `ast_banner` [ RunTime:0.0048s ]
SQL: SELECT * FROM `ast_banner`  [ RunTime:0.0003s ]
INFO: [ view_parse ] --START--
INFO: [ template_filter ] --START--
INFO: Run Behavior\ContentReplaceBehavior [ RunTime:0.000355s ]
INFO: [ template_filter ] --END-- [ RunTime:0.000425s ]
INFO: Run Behavior\ParseTemplateBehavior [ RunTime:0.032208s ]
INFO: [ view_parse ] --END-- [ RunTime:0.032309s ]
INFO: [ view_filter ] --START--
INFO: Run Behavior\WriteHtmlCacheBehavior [ RunTime:0.000959s ]
INFO: [ view_filter ] --END-- [ RunTime:0.001028s ]
INFO: [ app_end ] --START--
INFO: Run Behavior\ShowPageTraceBehavior [ RunTime:0.001487s ]
INFO: [ app_end ] --END-- [ RunTime:0.001634s ]

[ 2016-01-31T17:32:43+08:00 ] 23.251.63.45 www.baidu.com:443
INFO: [ app_init ] --START--
INFO: Run Behavior\BuildLiteBehavior [ RunTime:0.000018s ]
INFO: [ app_init ] --END-- [ RunTime:0.000544s ]
INFO: [ app_begin ] --START--
INFO: Run Behavior\ReadHtmlCacheBehavior [ RunTime:0.001013s ]
INFO: [ app_begin ] --END-- [ RunTime:0.001077s ]
SQL: SHOW COLUMNS FROM `ast_index` [ RunTime:0.0045s ]
SQL: SHOW COLUMNS FROM `ast_member` [ RunTime:0.0054s ]
SQL: SELECT * FROM `ast_member`  [ RunTime:0.0007s ]
SQL: SELECT * FROM `ast_member` WHERE `p_cate` = 3  [ RunTime:0.0004s ]
SQL: SELECT * FROM `ast_member` WHERE `p_cate` = 4  [ RunTime:0.0003s ]
SQL: SELECT * FROM `ast_member` WHERE `p_cate` = 5  [ RunTime:0.0003s ]
SQL: SELECT * FROM `ast_member` WHERE `p_cate` = 6  [ RunTime:0.0002s ]
SQL: SELECT * FROM `ast_member` WHERE `p_cate` = 7  [ RunTime:0.0003s ]
SQL: SELECT * FROM `ast_member` WHERE `p_cate` = 8  [ RunTime:0.0003s ]
SQL: SELECT * FROM `ast_index` WHERE `i_class` = 4  [ RunTime:0.0004s ]
SQL: SELECT * FROM `ast_index` WHERE `i_class` = 5  [ RunTime:0.0004s ]
SQL: SHOW COLUMNS FROM `ast_banner` [ RunTime:0.0047s ]
SQL: SELECT * FROM `ast_banner`  [ RunTime:0.0003s ]
INFO: [ view_parse ] --START--
INFO: [ template_filter ] --START--
INFO: Run Behavior\ContentReplaceBehavior [ RunTime:0.000413s ]
INFO: [ template_filter ] --END-- [ RunTime:0.000504s ]
INFO: Run Behavior\ParseTemplateBehavior [ RunTime:0.031427s ]
INFO: [ view_parse ] --END-- [ RunTime:0.031505s ]
INFO: [ view_filter ] --START--
INFO: Run Behavior\WriteHtmlCacheBehavior [ RunTime:0.000946s ]
INFO: [ view_filter ] --END-- [ RunTime:0.001006s ]
INFO: [ app_end ] --START--
INFO: Run Behavior\ShowPageTraceBehavior [ RunTime:0.001269s ]
INFO: [ app_end ] --END-- [ RunTime:0.001381s ]

[ 2016-01-31T18:14:14+08:00 ] 180.109.139.73 http://www.baidu.com
INFO: [ app_init ] --START--
INFO: Run Behavior\BuildLiteBehavior [ RunTime:0.000026s ]
INFO: [ app_init ] --END-- [ RunTime:0.000737s ]
INFO: [ app_begin ] --START--
INFO: Run Behavior\ReadHtmlCacheBehavior [ RunTime:0.001298s ]
INFO: [ app_begin ] --END-- [ RunTime:0.001425s ]
SQL: SHOW COLUMNS FROM `ast_index` [ RunTime:0.0056s ]
SQL: SHOW COLUMNS FROM `ast_member` [ RunTime:0.0049s ]
SQL: SELECT * FROM `ast_member`  [ RunTime:0.0004s ]
SQL: SELECT * FROM `ast_member` WHERE `p_cate` = 3  [ RunTime:0.0005s ]
SQL: SELECT * FROM `ast_member` WHERE `p_cate` = 4  [ RunTime:0.0003s ]
SQL: SELECT * FROM `ast_member` WHERE `p_cate` = 5  [ RunTime:0.0002s ]
SQL: SELECT * FROM `ast_member` WHERE `p_cate` = 6  [ RunTime:0.0003s ]
SQL: SELECT * FROM `ast_member` WHERE `p_cate` = 7  [ RunTime:0.0002s ]
SQL: SELECT * FROM `ast_member` WHERE `p_cate` = 8  [ RunTime:0.0003s ]
SQL: SELECT * FROM `ast_index` WHERE `i_class` = 4  [ RunTime:0.0002s ]
SQL: SELECT * FROM `ast_index` WHERE `i_class` = 5  [ RunTime:0.0003s ]
SQL: SHOW COLUMNS FROM `ast_banner` [ RunTime:0.0049s ]
SQL: SELECT * FROM `ast_banner`  [ RunTime:0.0003s ]
INFO: [ view_parse ] --START--
INFO: [ template_filter ] --START--
INFO: Run Behavior\ContentReplaceBehavior [ RunTime:0.000597s ]
INFO: [ template_filter ] --END-- [ RunTime:0.000724s ]
INFO: Run Behavior\ParseTemplateBehavior [ RunTime:0.040174s ]
INFO: [ view_parse ] --END-- [ RunTime:0.040293s ]
INFO: [ view_filter ] --START--
INFO: Run Behavior\WriteHtmlCacheBehavior [ RunTime:0.001525s ]
INFO: [ view_filter ] --END-- [ RunTime:0.001610s ]
INFO: [ app_end ] --START--
INFO: Run Behavior\ShowPageTraceBehavior [ RunTime:0.001541s ]
INFO: [ app_end ] --END-- [ RunTime:0.001635s ]

[ 2016-01-31T19:45:38+08:00 ] 127.0.0.1 /
INFO: [ app_init ] --START--
INFO: Run Behavior\BuildLiteBehavior [ RunTime:0.000030s ]
INFO: [ app_init ] --END-- [ RunTime:0.001092s ]
INFO: [ app_begin ] --START--
INFO: Run Behavior\ReadHtmlCacheBehavior [ RunTime:0.005744s ]
INFO: [ app_begin ] --END-- [ RunTime:0.005877s ]
SQL: SHOW COLUMNS FROM `ast_index` [ RunTime:0.0135s ]
SQL: SHOW COLUMNS FROM `ast_member` [ RunTime:0.0071s ]
SQL: SELECT * FROM `ast_member`  [ RunTime:0.0006s ]
SQL: SELECT * FROM `ast_member` WHERE `p_cate` = 3  [ RunTime:0.0004s ]
SQL: SELECT * FROM `ast_member` WHERE `p_cate` = 4  [ RunTime:0.0012s ]
SQL: SELECT * FROM `ast_member` WHERE `p_cate` = 5  [ RunTime:0.0005s ]
SQL: SELECT * FROM `ast_member` WHERE `p_cate` = 6  [ RunTime:0.0004s ]
SQL: SELECT * FROM `ast_member` WHERE `p_cate` = 7  [ RunTime:0.0004s ]
SQL: SELECT * FROM `ast_member` WHERE `p_cate` = 8  [ RunTime:0.0004s ]
SQL: SELECT * FROM `ast_index` WHERE `i_class` = 4  [ RunTime:0.0004s ]
SQL: SELECT * FROM `ast_index` WHERE `i_class` = 5  [ RunTime:0.0006s ]
SQL: SHOW COLUMNS FROM `ast_banner` [ RunTime:0.0100s ]
SQL: SELECT * FROM `ast_banner`  [ RunTime:0.0004s ]
INFO: [ view_parse ] --START--
INFO: [ template_filter ] --START--
INFO: Run Behavior\ContentReplaceBehavior [ RunTime:0.000591s ]
INFO: [ template_filter ] --END-- [ RunTime:0.000703s ]
INFO: Run Behavior\ParseTemplateBehavior [ RunTime:0.048436s ]
INFO: [ view_parse ] --END-- [ RunTime:0.048552s ]
INFO: [ view_filter ] --START--
INFO: Run Behavior\WriteHtmlCacheBehavior [ RunTime:0.001195s ]
INFO: [ view_filter ] --END-- [ RunTime:0.001287s ]
INFO: [ app_end ] --START--
INFO: Run Behavior\ShowPageTraceBehavior [ RunTime:0.001730s ]
INFO: [ app_end ] --END-- [ RunTime:0.001852s ]

