[ 2016-01-26T10:52:07+08:00 ] ::1 /font-awesome-4.2.0/css/font-awesome.min.css
INFO: [ app_init ] --START--
INFO: Run Behavior\BuildLiteBehavior [ RunTime:0.000023s ]
INFO: [ app_init ] --END-- [ RunTime:0.000844s ]
ERR: 无法加载模块:Font-awesome-4.2.0

[ 2016-01-26T13:46:21+08:00 ] ::1 /font-awesome-4.2.0/css/font-awesome.min.css
INFO: [ app_init ] --START--
INFO: Run Behavior\BuildLiteBehavior [ RunTime:0.000029s ]
INFO: [ app_init ] --END-- [ RunTime:0.000927s ]
ERR: 无法加载模块:Font-awesome-4.2.0

[ 2016-01-26T13:46:21+08:00 ] ::1 /favicon.ico
INFO: [ app_init ] --START--
INFO: Run Behavior\BuildLiteBehavior [ RunTime:0.000028s ]
INFO: [ app_init ] --END-- [ RunTime:0.000830s ]
ERR: 无法加载模块:Favicon

[ 2016-01-26T13:46:35+08:00 ] ::1 /font-awesome-4.2.0/css/font-awesome.min.css
INFO: [ app_init ] --START--
INFO: Run Behavior\BuildLiteBehavior [ RunTime:0.000027s ]
INFO: [ app_init ] --END-- [ RunTime:0.000650s ]
ERR: 无法加载模块:Font-awesome-4.2.0

[ 2016-01-26T22:30:23+08:00 ] ::1 /font-awesome-4.2.0/css/font-awesome.min.css
INFO: [ app_init ] --START--
INFO: Run Behavior\BuildLiteBehavior [ RunTime:0.000036s ]
INFO: [ app_init ] --END-- [ RunTime:0.001944s ]
ERR: 无法加载模块:Font-awesome-4.2.0

[ 2016-01-26T22:30:24+08:00 ] ::1 /favicon.ico
INFO: [ app_init ] --START--
INFO: Run Behavior\BuildLiteBehavior [ RunTime:0.000027s ]
INFO: [ app_init ] --END-- [ RunTime:0.000745s ]
ERR: 无法加载模块:Favicon

