[ 2015-12-01T15:42:54+08:00 ] ::1 /Admin/Member/add
INFO: [ app_init ] --START--
INFO: Run Behavior\BuildLiteBehavior [ RunTime:0.000000s ]
INFO: [ app_init ] --END-- [ RunTime:0.001001s ]
INFO: [ app_begin ] --START--
INFO: Run Behavior\ReadHtmlCacheBehavior [ RunTime:0.001000s ]
INFO: [ app_begin ] --END-- [ RunTime:0.001000s ]
SQL: SHOW COLUMNS FROM `ast_admin` [ RunTime:0.0030s ]
SQL: SELECT * FROM `ast_admin`  [ RunTime:0.0010s ]
SQL: SELECT * FROM `ast_admin` WHERE `admin_id` = 17 LIMIT 1   [ RunTime:0.0000s ]
SQL: SHOW COLUMNS FROM `ast_nav` [ RunTime:0.0030s ]
SQL: SELECT * FROM `ast_nav`  [ RunTime:0.0000s ]
SQL: SELECT COUNT(*) AS tp_count FROM `ast_admin` LIMIT 1   [ RunTime:0.0000s ]
NOTIC: [2] Missing argument 3 for getAdminPage(), called in D:\xampp\htdocs\tp\Application\Admin\Controller\CommonController.class.php on line 51 and defined D:\xampp\htdocs\tp\Application\Common\Common\function.php 第 3 行.
NOTIC: [8] Undefined variable: num D:\xampp\htdocs\tp\Application\Common\Common\function.php 第 4 行.
SQL: SELECT * FROM `ast_admin` ORDER BY admin_id LIMIT 0,10   [ RunTime:0.0000s ]
INFO: [ view_parse ] --START--
INFO: [ template_filter ] --START--
INFO: Run Behavior\ContentReplaceBehavior [ RunTime:0.000000s ]
INFO: [ template_filter ] --END-- [ RunTime:0.000000s ]
NOTIC: [8] Array to string conversion D:\xampp\htdocs\tp\Application\Runtime\Cache\Admin\cbac30b13a417c95dc977a1bb5ff6dbc.php 第 505 行.
NOTIC: [8] Undefined variable: url D:\xampp\htdocs\tp\Application\Runtime\Cache\Admin\cbac30b13a417c95dc977a1bb5ff6dbc.php 第 731 行.
NOTIC: [8] Undefined variable: url D:\xampp\htdocs\tp\Application\Runtime\Cache\Admin\cbac30b13a417c95dc977a1bb5ff6dbc.php 第 734 行.
NOTIC: [8] Undefined variable: url D:\xampp\htdocs\tp\Application\Runtime\Cache\Admin\cbac30b13a417c95dc977a1bb5ff6dbc.php 第 737 行.
INFO: Run Behavior\ParseTemplateBehavior [ RunTime:0.020002s ]
INFO: [ view_parse ] --END-- [ RunTime:0.020002s ]
INFO: [ view_filter ] --START--
INFO: Run Behavior\WriteHtmlCacheBehavior [ RunTime:0.000000s ]
INFO: [ view_filter ] --END-- [ RunTime:0.000000s ]
INFO: [ app_end ] --START--
INFO: Run Behavior\ShowPageTraceBehavior [ RunTime:0.005000s ]
INFO: [ app_end ] --END-- [ RunTime:0.005000s ]

[ 2015-12-01T15:43:16+08:00 ] ::1 /Admin/Member/user
INFO: [ app_init ] --START--
INFO: Run Behavior\BuildLiteBehavior [ RunTime:0.000000s ]
INFO: [ app_init ] --END-- [ RunTime:0.001000s ]
INFO: [ app_begin ] --START--
INFO: Run Behavior\ReadHtmlCacheBehavior [ RunTime:0.001000s ]
INFO: [ app_begin ] --END-- [ RunTime:0.001000s ]
SQL: SHOW COLUMNS FROM `ast_admin` [ RunTime:0.0030s ]
SQL: SELECT * FROM `ast_admin`  [ RunTime:0.0000s ]
SQL: SELECT * FROM `ast_admin` WHERE `admin_id` = 17 LIMIT 1   [ RunTime:0.0010s ]
SQL: SHOW COLUMNS FROM `ast_nav` [ RunTime:0.0020s ]
SQL: SELECT * FROM `ast_nav`  [ RunTime:0.0010s ]
SQL: SELECT COUNT(*) AS tp_count FROM `ast_admin` LIMIT 1   [ RunTime:0.0000s ]
NOTIC: [2] Missing argument 3 for getAdminPage(), called in D:\xampp\htdocs\tp\Application\Admin\Controller\CommonController.class.php on line 51 and defined D:\xampp\htdocs\tp\Application\Common\Common\function.php 第 3 行.
NOTIC: [8] Undefined variable: num D:\xampp\htdocs\tp\Application\Common\Common\function.php 第 4 行.
SQL: SELECT * FROM `ast_admin` ORDER BY admin_id LIMIT 0,10   [ RunTime:0.0000s ]
SQL: SHOW COLUMNS FROM `ast_member` [ RunTime:0.0030s ]
SQL: SELECT * FROM `ast_member` WHERE `vip_username` = 'I\'M Tencent'  [ RunTime:0.0000s ]
INFO: [ app_end ] --START--
INFO: Run Behavior\ShowPageTraceBehavior [ RunTime:0.001000s ]
INFO: [ app_end ] --END-- [ RunTime:0.001000s ]

[ 2015-12-01T15:44:22+08:00 ] ::1 /Admin/Member/add
INFO: [ app_init ] --START--
INFO: Run Behavior\BuildLiteBehavior [ RunTime:0.000000s ]
INFO: [ app_init ] --END-- [ RunTime:0.000000s ]
INFO: [ app_begin ] --START--
INFO: Run Behavior\ReadHtmlCacheBehavior [ RunTime:0.000000s ]
INFO: [ app_begin ] --END-- [ RunTime:0.000000s ]
SQL: SHOW COLUMNS FROM `ast_admin` [ RunTime:0.0030s ]
SQL: SELECT * FROM `ast_admin`  [ RunTime:0.0000s ]
SQL: SELECT * FROM `ast_admin` WHERE `admin_id` = 17 LIMIT 1   [ RunTime:0.0010s ]
SQL: SHOW COLUMNS FROM `ast_nav` [ RunTime:0.0030s ]
SQL: SELECT * FROM `ast_nav`  [ RunTime:0.0000s ]
SQL: SELECT COUNT(*) AS tp_count FROM `ast_admin` LIMIT 1   [ RunTime:0.0010s ]
NOTIC: [2] Missing argument 3 for getAdminPage(), called in D:\xampp\htdocs\tp\Application\Admin\Controller\CommonController.class.php on line 51 and defined D:\xampp\htdocs\tp\Application\Common\Common\function.php 第 3 行.
NOTIC: [8] Undefined variable: num D:\xampp\htdocs\tp\Application\Common\Common\function.php 第 4 行.
SQL: SELECT * FROM `ast_admin` ORDER BY admin_id LIMIT 0,10   [ RunTime:0.0010s ]
SQL: SHOW COLUMNS FROM `ast_member` [ RunTime:0.0030s ]
SQL: INSERT INTO `ast_member` (`vip_username`,`vip_password`,`vip_addtime`,`vip_relname`,`vip_tel`,`vip_mail`,`vip_address`,`vip_birthday`,`vip_sex`,`vip_zipCode`,`vip_fixedTel`) VALUES ('I\'M Tencent','123asd','1448955862','Mahuateng','15213487423','1145535537@qq.com','CHONGQINGSHINANANQU','1993-12-15','1','405400','023-52651123') [ RunTime:0.0000s ]
INFO: [ view_parse ] --START--
INFO: [ template_filter ] --START--
INFO: Run Behavior\ContentReplaceBehavior [ RunTime:0.001000s ]
INFO: [ template_filter ] --END-- [ RunTime:0.001000s ]
NOTIC: [8] Array to string conversion D:\xampp\htdocs\tp\Application\Runtime\Cache\Admin\cbac30b13a417c95dc977a1bb5ff6dbc.php 第 505 行.
NOTIC: [8] Undefined variable: url D:\xampp\htdocs\tp\Application\Runtime\Cache\Admin\cbac30b13a417c95dc977a1bb5ff6dbc.php 第 731 行.
NOTIC: [8] Undefined variable: url D:\xampp\htdocs\tp\Application\Runtime\Cache\Admin\cbac30b13a417c95dc977a1bb5ff6dbc.php 第 734 行.
NOTIC: [8] Undefined variable: url D:\xampp\htdocs\tp\Application\Runtime\Cache\Admin\cbac30b13a417c95dc977a1bb5ff6dbc.php 第 737 行.
INFO: Run Behavior\ParseTemplateBehavior [ RunTime:0.018001s ]
INFO: [ view_parse ] --END-- [ RunTime:0.018001s ]
INFO: [ view_filter ] --START--
INFO: Run Behavior\WriteHtmlCacheBehavior [ RunTime:0.000000s ]
INFO: [ view_filter ] --END-- [ RunTime:0.000000s ]
INFO: [ app_end ] --START--
INFO: Run Behavior\ShowPageTraceBehavior [ RunTime:0.000000s ]
INFO: [ app_end ] --END-- [ RunTime:0.000000s ]

[ 2015-12-01T15:44:22+08:00 ] ::1 /Admin/Member/index
INFO: [ app_init ] --START--
INFO: Run Behavior\BuildLiteBehavior [ RunTime:0.000000s ]
INFO: [ app_init ] --END-- [ RunTime:0.001000s ]
INFO: [ app_begin ] --START--
INFO: Run Behavior\ReadHtmlCacheBehavior [ RunTime:0.001000s ]
INFO: [ app_begin ] --END-- [ RunTime:0.001000s ]
SQL: SHOW COLUMNS FROM `ast_admin` [ RunTime:0.0030s ]
SQL: SELECT * FROM `ast_admin`  [ RunTime:0.0000s ]
SQL: SELECT * FROM `ast_admin` WHERE `admin_id` = 17 LIMIT 1   [ RunTime:0.0000s ]
SQL: SHOW COLUMNS FROM `ast_nav` [ RunTime:0.0030s ]
SQL: SELECT * FROM `ast_nav`  [ RunTime:0.0000s ]
SQL: SELECT COUNT(*) AS tp_count FROM `ast_admin` LIMIT 1   [ RunTime:0.0000s ]
NOTIC: [2] Missing argument 3 for getAdminPage(), called in D:\xampp\htdocs\tp\Application\Admin\Controller\CommonController.class.php on line 51 and defined D:\xampp\htdocs\tp\Application\Common\Common\function.php 第 3 行.
NOTIC: [8] Undefined variable: num D:\xampp\htdocs\tp\Application\Common\Common\function.php 第 4 行.
SQL: SELECT * FROM `ast_admin` ORDER BY admin_id LIMIT 0,10   [ RunTime:0.0000s ]
SQL: SHOW COLUMNS FROM `ast_member` [ RunTime:0.0030s ]
SQL: SELECT COUNT(*) AS tp_count FROM `ast_member` LIMIT 1   [ RunTime:0.0000s ]
SQL: SELECT * FROM `ast_member` ORDER BY vip_addtime DESC LIMIT 0,10   [ RunTime:0.0010s ]
INFO: [ view_parse ] --START--
INFO: [ template_filter ] --START--
INFO: Run Behavior\ContentReplaceBehavior [ RunTime:0.000000s ]
INFO: [ template_filter ] --END-- [ RunTime:0.000000s ]
NOTIC: [8] Use of undefined constant 男 - assumed '男' D:\xampp\htdocs\tp\Application\Runtime\Cache\Admin\cd4483014f2e11fff8848d4b0b1995b7.php 第 289 行.
NOTIC: [8] Use of undefined constant 男 - assumed '男' D:\xampp\htdocs\tp\Application\Runtime\Cache\Admin\cd4483014f2e11fff8848d4b0b1995b7.php 第 289 行.
NOTIC: [8] Use of undefined constant 男 - assumed '男' D:\xampp\htdocs\tp\Application\Runtime\Cache\Admin\cd4483014f2e11fff8848d4b0b1995b7.php 第 289 行.
NOTIC: [8] Use of undefined constant 男 - assumed '男' D:\xampp\htdocs\tp\Application\Runtime\Cache\Admin\cd4483014f2e11fff8848d4b0b1995b7.php 第 289 行.
NOTIC: [8] Use of undefined constant 男 - assumed '男' D:\xampp\htdocs\tp\Application\Runtime\Cache\Admin\cd4483014f2e11fff8848d4b0b1995b7.php 第 289 行.
NOTIC: [8] Use of undefined constant 男 - assumed '男' D:\xampp\htdocs\tp\Application\Runtime\Cache\Admin\cd4483014f2e11fff8848d4b0b1995b7.php 第 289 行.
NOTIC: [8] Use of undefined constant 男 - assumed '男' D:\xampp\htdocs\tp\Application\Runtime\Cache\Admin\cd4483014f2e11fff8848d4b0b1995b7.php 第 289 行.
NOTIC: [8] Array to string conversion D:\xampp\htdocs\tp\Application\Runtime\Cache\Admin\cd4483014f2e11fff8848d4b0b1995b7.php 第 505 行.
NOTIC: [8] Undefined variable: url D:\xampp\htdocs\tp\Application\Runtime\Cache\Admin\cd4483014f2e11fff8848d4b0b1995b7.php 第 731 行.
NOTIC: [8] Undefined variable: url D:\xampp\htdocs\tp\Application\Runtime\Cache\Admin\cd4483014f2e11fff8848d4b0b1995b7.php 第 734 行.
NOTIC: [8] Undefined variable: url D:\xampp\htdocs\tp\Application\Runtime\Cache\Admin\cd4483014f2e11fff8848d4b0b1995b7.php 第 737 行.
INFO: Run Behavior\ParseTemplateBehavior [ RunTime:0.022001s ]
INFO: [ view_parse ] --END-- [ RunTime:0.022001s ]
INFO: [ view_filter ] --START--
INFO: Run Behavior\WriteHtmlCacheBehavior [ RunTime:0.000000s ]
INFO: [ view_filter ] --END-- [ RunTime:0.000000s ]
INFO: [ app_end ] --START--
INFO: Run Behavior\ShowPageTraceBehavior [ RunTime:0.001000s ]
INFO: [ app_end ] --END-- [ RunTime:0.001000s ]

[ 2015-12-01T15:44:44+08:00 ] ::1 /Admin/Member/add
INFO: [ app_init ] --START--
INFO: Run Behavior\BuildLiteBehavior [ RunTime:0.000000s ]
INFO: [ app_init ] --END-- [ RunTime:0.001000s ]
INFO: [ app_begin ] --START--
INFO: Run Behavior\ReadHtmlCacheBehavior [ RunTime:0.001000s ]
INFO: [ app_begin ] --END-- [ RunTime:0.001000s ]
SQL: SHOW COLUMNS FROM `ast_admin` [ RunTime:0.0020s ]
SQL: SELECT * FROM `ast_admin`  [ RunTime:0.0000s ]
SQL: SELECT * FROM `ast_admin` WHERE `admin_id` = 17 LIMIT 1   [ RunTime:0.0000s ]
SQL: SHOW COLUMNS FROM `ast_nav` [ RunTime:0.0030s ]
SQL: SELECT * FROM `ast_nav`  [ RunTime:0.0000s ]
SQL: SELECT COUNT(*) AS tp_count FROM `ast_admin` LIMIT 1   [ RunTime:0.0010s ]
NOTIC: [2] Missing argument 3 for getAdminPage(), called in D:\xampp\htdocs\tp\Application\Admin\Controller\CommonController.class.php on line 51 and defined D:\xampp\htdocs\tp\Application\Common\Common\function.php 第 3 行.
NOTIC: [8] Undefined variable: num D:\xampp\htdocs\tp\Application\Common\Common\function.php 第 4 行.
SQL: SELECT * FROM `ast_admin` ORDER BY admin_id LIMIT 0,10   [ RunTime:0.0010s ]
INFO: [ view_parse ] --START--
INFO: [ template_filter ] --START--
INFO: Run Behavior\ContentReplaceBehavior [ RunTime:0.000000s ]
INFO: [ template_filter ] --END-- [ RunTime:0.000000s ]
NOTIC: [8] Array to string conversion D:\xampp\htdocs\tp\Application\Runtime\Cache\Admin\cbac30b13a417c95dc977a1bb5ff6dbc.php 第 505 行.
NOTIC: [8] Undefined variable: url D:\xampp\htdocs\tp\Application\Runtime\Cache\Admin\cbac30b13a417c95dc977a1bb5ff6dbc.php 第 731 行.
NOTIC: [8] Undefined variable: url D:\xampp\htdocs\tp\Application\Runtime\Cache\Admin\cbac30b13a417c95dc977a1bb5ff6dbc.php 第 734 行.
NOTIC: [8] Undefined variable: url D:\xampp\htdocs\tp\Application\Runtime\Cache\Admin\cbac30b13a417c95dc977a1bb5ff6dbc.php 第 737 行.
INFO: Run Behavior\ParseTemplateBehavior [ RunTime:0.021002s ]
INFO: [ view_parse ] --END-- [ RunTime:0.021002s ]
INFO: [ view_filter ] --START--
INFO: Run Behavior\WriteHtmlCacheBehavior [ RunTime:0.000000s ]
INFO: [ view_filter ] --END-- [ RunTime:0.000000s ]
INFO: [ app_end ] --START--
INFO: Run Behavior\ShowPageTraceBehavior [ RunTime:0.001000s ]
INFO: [ app_end ] --END-- [ RunTime:0.001000s ]

[ 2015-12-01T16:07:14+08:00 ] ::1 /Admin/Member/index
INFO: [ app_init ] --START--
INFO: Run Behavior\BuildLiteBehavior [ RunTime:0.000000s ]
INFO: [ app_init ] --END-- [ RunTime:0.000000s ]
INFO: [ app_begin ] --START--
INFO: Run Behavior\ReadHtmlCacheBehavior [ RunTime:0.000000s ]
INFO: [ app_begin ] --END-- [ RunTime:0.000000s ]
SQL: SHOW COLUMNS FROM `ast_admin` [ RunTime:0.0030s ]
SQL: SELECT * FROM `ast_admin`  [ RunTime:0.0010s ]
SQL: SELECT * FROM `ast_admin` WHERE `admin_id` = 17 LIMIT 1   [ RunTime:0.0000s ]
SQL: SHOW COLUMNS FROM `ast_nav` [ RunTime:0.0020s ]
SQL: SELECT * FROM `ast_nav`  [ RunTime:0.0000s ]
SQL: SELECT COUNT(*) AS tp_count FROM `ast_admin` LIMIT 1   [ RunTime:0.0000s ]
NOTIC: [2] Missing argument 3 for getAdminPage(), called in D:\xampp\htdocs\tp\Application\Admin\Controller\CommonController.class.php on line 51 and defined D:\xampp\htdocs\tp\Application\Common\Common\function.php 第 3 行.
NOTIC: [8] Undefined variable: num D:\xampp\htdocs\tp\Application\Common\Common\function.php 第 4 行.
SQL: SELECT * FROM `ast_admin` ORDER BY admin_id LIMIT 0,10   [ RunTime:0.0000s ]
SQL: SHOW COLUMNS FROM `ast_member` [ RunTime:0.0030s ]
SQL: SELECT COUNT(*) AS tp_count FROM `ast_member` LIMIT 1   [ RunTime:0.0000s ]
SQL: SELECT * FROM `ast_member` ORDER BY vip_addtime DESC LIMIT 0,10   [ RunTime:0.0000s ]
INFO: [ view_parse ] --START--
INFO: [ template_filter ] --START--
INFO: Run Behavior\ContentReplaceBehavior [ RunTime:0.001000s ]
INFO: [ template_filter ] --END-- [ RunTime:0.001000s ]
NOTIC: [8] Use of undefined constant 男 - assumed '男' D:\xampp\htdocs\tp\Application\Runtime\Cache\Admin\cd4483014f2e11fff8848d4b0b1995b7.php 第 289 行.
NOTIC: [8] Use of undefined constant 男 - assumed '男' D:\xampp\htdocs\tp\Application\Runtime\Cache\Admin\cd4483014f2e11fff8848d4b0b1995b7.php 第 289 行.
NOTIC: [8] Use of undefined constant 男 - assumed '男' D:\xampp\htdocs\tp\Application\Runtime\Cache\Admin\cd4483014f2e11fff8848d4b0b1995b7.php 第 289 行.
NOTIC: [8] Use of undefined constant 男 - assumed '男' D:\xampp\htdocs\tp\Application\Runtime\Cache\Admin\cd4483014f2e11fff8848d4b0b1995b7.php 第 289 行.
NOTIC: [8] Use of undefined constant 男 - assumed '男' D:\xampp\htdocs\tp\Application\Runtime\Cache\Admin\cd4483014f2e11fff8848d4b0b1995b7.php 第 289 行.
NOTIC: [8] Use of undefined constant 男 - assumed '男' D:\xampp\htdocs\tp\Application\Runtime\Cache\Admin\cd4483014f2e11fff8848d4b0b1995b7.php 第 289 行.
NOTIC: [8] Use of undefined constant 男 - assumed '男' D:\xampp\htdocs\tp\Application\Runtime\Cache\Admin\cd4483014f2e11fff8848d4b0b1995b7.php 第 289 行.
NOTIC: [8] Array to string conversion D:\xampp\htdocs\tp\Application\Runtime\Cache\Admin\cd4483014f2e11fff8848d4b0b1995b7.php 第 505 行.
NOTIC: [8] Undefined variable: url D:\xampp\htdocs\tp\Application\Runtime\Cache\Admin\cd4483014f2e11fff8848d4b0b1995b7.php 第 731 行.
NOTIC: [8] Undefined variable: url D:\xampp\htdocs\tp\Application\Runtime\Cache\Admin\cd4483014f2e11fff8848d4b0b1995b7.php 第 734 行.
NOTIC: [8] Undefined variable: url D:\xampp\htdocs\tp\Application\Runtime\Cache\Admin\cd4483014f2e11fff8848d4b0b1995b7.php 第 737 行.
INFO: Run Behavior\ParseTemplateBehavior [ RunTime:0.020001s ]
INFO: [ view_parse ] --END-- [ RunTime:0.020001s ]
INFO: [ view_filter ] --START--
INFO: Run Behavior\WriteHtmlCacheBehavior [ RunTime:0.001000s ]
INFO: [ view_filter ] --END-- [ RunTime:0.001000s ]
INFO: [ app_end ] --START--
INFO: Run Behavior\ShowPageTraceBehavior [ RunTime:0.004000s ]
INFO: [ app_end ] --END-- [ RunTime:0.004000s ]

[ 2015-12-01T16:08:13+08:00 ] ::1 /Admin/Member/add
INFO: [ app_init ] --START--
INFO: Run Behavior\BuildLiteBehavior [ RunTime:0.000000s ]
INFO: [ app_init ] --END-- [ RunTime:0.000000s ]
INFO: [ app_begin ] --START--
INFO: Run Behavior\ReadHtmlCacheBehavior [ RunTime:0.000000s ]
INFO: [ app_begin ] --END-- [ RunTime:0.000000s ]
SQL: SHOW COLUMNS FROM `ast_admin` [ RunTime:0.0030s ]
SQL: SELECT * FROM `ast_admin`  [ RunTime:0.0000s ]
SQL: SELECT * FROM `ast_admin` WHERE `admin_id` = 17 LIMIT 1   [ RunTime:0.0000s ]
SQL: SHOW COLUMNS FROM `ast_nav` [ RunTime:0.0030s ]
SQL: SELECT * FROM `ast_nav`  [ RunTime:0.0000s ]
SQL: SELECT COUNT(*) AS tp_count FROM `ast_admin` LIMIT 1   [ RunTime:0.0000s ]
NOTIC: [2] Missing argument 3 for getAdminPage(), called in D:\xampp\htdocs\tp\Application\Admin\Controller\CommonController.class.php on line 51 and defined D:\xampp\htdocs\tp\Application\Common\Common\function.php 第 3 行.
NOTIC: [8] Undefined variable: num D:\xampp\htdocs\tp\Application\Common\Common\function.php 第 4 行.
SQL: SELECT * FROM `ast_admin` ORDER BY admin_id LIMIT 0,10   [ RunTime:0.0010s ]
INFO: [ view_parse ] --START--
INFO: [ template_filter ] --START--
INFO: Run Behavior\ContentReplaceBehavior [ RunTime:0.001000s ]
INFO: [ template_filter ] --END-- [ RunTime:0.001000s ]
NOTIC: [8] Array to string conversion D:\xampp\htdocs\tp\Application\Runtime\Cache\Admin\cbac30b13a417c95dc977a1bb5ff6dbc.php 第 505 行.
NOTIC: [8] Undefined variable: url D:\xampp\htdocs\tp\Application\Runtime\Cache\Admin\cbac30b13a417c95dc977a1bb5ff6dbc.php 第 731 行.
NOTIC: [8] Undefined variable: url D:\xampp\htdocs\tp\Application\Runtime\Cache\Admin\cbac30b13a417c95dc977a1bb5ff6dbc.php 第 734 行.
NOTIC: [8] Undefined variable: url D:\xampp\htdocs\tp\Application\Runtime\Cache\Admin\cbac30b13a417c95dc977a1bb5ff6dbc.php 第 737 行.
INFO: Run Behavior\ParseTemplateBehavior [ RunTime:0.018001s ]
INFO: [ view_parse ] --END-- [ RunTime:0.018001s ]
INFO: [ view_filter ] --START--
INFO: Run Behavior\WriteHtmlCacheBehavior [ RunTime:0.000000s ]
INFO: [ view_filter ] --END-- [ RunTime:0.000000s ]
INFO: [ app_end ] --START--
INFO: Run Behavior\ShowPageTraceBehavior [ RunTime:0.001000s ]
INFO: [ app_end ] --END-- [ RunTime:0.001000s ]

[ 2015-12-01T16:09:55+08:00 ] ::1 /Admin/Member/add
INFO: [ app_init ] --START--
INFO: Run Behavior\BuildLiteBehavior [ RunTime:0.001000s ]
INFO: [ app_init ] --END-- [ RunTime:0.001000s ]
INFO: [ app_begin ] --START--
INFO: Run Behavior\ReadHtmlCacheBehavior [ RunTime:0.001000s ]
INFO: [ app_begin ] --END-- [ RunTime:0.001000s ]
SQL: SHOW COLUMNS FROM `ast_admin` [ RunTime:0.0030s ]
SQL: SELECT * FROM `ast_admin`  [ RunTime:0.0000s ]
SQL: SELECT * FROM `ast_admin` WHERE `admin_id` = 17 LIMIT 1   [ RunTime:0.0000s ]
SQL: SHOW COLUMNS FROM `ast_nav` [ RunTime:0.0020s ]
SQL: SELECT * FROM `ast_nav`  [ RunTime:0.0000s ]
SQL: SELECT COUNT(*) AS tp_count FROM `ast_admin` LIMIT 1   [ RunTime:0.0000s ]
NOTIC: [2] Missing argument 3 for getAdminPage(), called in D:\xampp\htdocs\tp\Application\Admin\Controller\CommonController.class.php on line 51 and defined D:\xampp\htdocs\tp\Application\Common\Common\function.php 第 3 行.
NOTIC: [8] Undefined variable: num D:\xampp\htdocs\tp\Application\Common\Common\function.php 第 4 行.
SQL: SELECT * FROM `ast_admin` ORDER BY admin_id LIMIT 0,10   [ RunTime:0.0010s ]
INFO: [ view_parse ] --START--
INFO: [ template_filter ] --START--
INFO: Run Behavior\ContentReplaceBehavior [ RunTime:0.001000s ]
INFO: [ template_filter ] --END-- [ RunTime:0.001000s ]
NOTIC: [8] Array to string conversion D:\xampp\htdocs\tp\Application\Runtime\Cache\Admin\cbac30b13a417c95dc977a1bb5ff6dbc.php 第 505 行.
NOTIC: [8] Undefined variable: url D:\xampp\htdocs\tp\Application\Runtime\Cache\Admin\cbac30b13a417c95dc977a1bb5ff6dbc.php 第 731 行.
NOTIC: [8] Undefined variable: url D:\xampp\htdocs\tp\Application\Runtime\Cache\Admin\cbac30b13a417c95dc977a1bb5ff6dbc.php 第 734 行.
NOTIC: [8] Undefined variable: url D:\xampp\htdocs\tp\Application\Runtime\Cache\Admin\cbac30b13a417c95dc977a1bb5ff6dbc.php 第 737 行.
INFO: Run Behavior\ParseTemplateBehavior [ RunTime:0.017001s ]
INFO: [ view_parse ] --END-- [ RunTime:0.017001s ]
INFO: [ view_filter ] --START--
INFO: Run Behavior\WriteHtmlCacheBehavior [ RunTime:0.000000s ]
INFO: [ view_filter ] --END-- [ RunTime:0.000000s ]
INFO: [ app_end ] --START--
INFO: Run Behavior\ShowPageTraceBehavior [ RunTime:0.000000s ]
INFO: [ app_end ] --END-- [ RunTime:0.001000s ]

[ 2015-12-01T16:11:12+08:00 ] ::1 /Admin/Member/add
INFO: [ app_init ] --START--
INFO: Run Behavior\BuildLiteBehavior [ RunTime:0.000000s ]
INFO: [ app_init ] --END-- [ RunTime:0.001000s ]
INFO: [ app_begin ] --START--
INFO: Run Behavior\ReadHtmlCacheBehavior [ RunTime:0.001000s ]
INFO: [ app_begin ] --END-- [ RunTime:0.001000s ]
SQL: SHOW COLUMNS FROM `ast_admin` [ RunTime:0.0030s ]
SQL: SELECT * FROM `ast_admin`  [ RunTime:0.0000s ]
SQL: SELECT * FROM `ast_admin` WHERE `admin_id` = 17 LIMIT 1   [ RunTime:0.0000s ]
SQL: SHOW COLUMNS FROM `ast_nav` [ RunTime:0.0030s ]
SQL: SELECT * FROM `ast_nav`  [ RunTime:0.0000s ]
SQL: SELECT COUNT(*) AS tp_count FROM `ast_admin` LIMIT 1   [ RunTime:0.0000s ]
NOTIC: [2] Missing argument 3 for getAdminPage(), called in D:\xampp\htdocs\tp\Application\Admin\Controller\CommonController.class.php on line 51 and defined D:\xampp\htdocs\tp\Application\Common\Common\function.php 第 3 行.
NOTIC: [8] Undefined variable: num D:\xampp\htdocs\tp\Application\Common\Common\function.php 第 4 行.
SQL: SELECT * FROM `ast_admin` ORDER BY admin_id LIMIT 0,10   [ RunTime:0.0000s ]
INFO: [ view_parse ] --START--
INFO: [ template_filter ] --START--
INFO: Run Behavior\ContentReplaceBehavior [ RunTime:0.000000s ]
INFO: [ template_filter ] --END-- [ RunTime:0.000000s ]
NOTIC: [8] Array to string conversion D:\xampp\htdocs\tp\Application\Runtime\Cache\Admin\cbac30b13a417c95dc977a1bb5ff6dbc.php 第 505 行.
NOTIC: [8] Undefined variable: url D:\xampp\htdocs\tp\Application\Runtime\Cache\Admin\cbac30b13a417c95dc977a1bb5ff6dbc.php 第 731 行.
NOTIC: [8] Undefined variable: url D:\xampp\htdocs\tp\Application\Runtime\Cache\Admin\cbac30b13a417c95dc977a1bb5ff6dbc.php 第 734 行.
NOTIC: [8] Undefined variable: url D:\xampp\htdocs\tp\Application\Runtime\Cache\Admin\cbac30b13a417c95dc977a1bb5ff6dbc.php 第 737 行.
INFO: Run Behavior\ParseTemplateBehavior [ RunTime:0.019001s ]
INFO: [ view_parse ] --END-- [ RunTime:0.019001s ]
INFO: [ view_filter ] --START--
INFO: Run Behavior\WriteHtmlCacheBehavior [ RunTime:0.001000s ]
INFO: [ view_filter ] --END-- [ RunTime:0.001000s ]
INFO: [ app_end ] --START--
INFO: Run Behavior\ShowPageTraceBehavior [ RunTime:0.001000s ]
INFO: [ app_end ] --END-- [ RunTime:0.001000s ]

[ 2015-12-01T16:11:14+08:00 ] ::1 /Admin/Message/index
INFO: [ app_init ] --START--
INFO: Run Behavior\BuildLiteBehavior [ RunTime:0.000000s ]
INFO: [ app_init ] --END-- [ RunTime:0.001000s ]
INFO: [ app_begin ] --START--
INFO: Run Behavior\ReadHtmlCacheBehavior [ RunTime:0.000000s ]
INFO: [ app_begin ] --END-- [ RunTime:0.000000s ]
SQL: SHOW COLUMNS FROM `ast_admin` [ RunTime:0.0030s ]
SQL: SELECT * FROM `ast_admin`  [ RunTime:0.0000s ]
SQL: SELECT * FROM `ast_admin` WHERE `admin_id` = 17 LIMIT 1   [ RunTime:0.0000s ]
SQL: SHOW COLUMNS FROM `ast_nav` [ RunTime:0.0030s ]
SQL: SELECT * FROM `ast_nav`  [ RunTime:0.0000s ]
SQL: SELECT COUNT(*) AS tp_count FROM `ast_admin` LIMIT 1   [ RunTime:0.0000s ]
NOTIC: [2] Missing argument 3 for getAdminPage(), called in D:\xampp\htdocs\tp\Application\Admin\Controller\CommonController.class.php on line 51 and defined D:\xampp\htdocs\tp\Application\Common\Common\function.php 第 3 行.
NOTIC: [8] Undefined variable: num D:\xampp\htdocs\tp\Application\Common\Common\function.php 第 4 行.
SQL: SELECT * FROM `ast_admin` ORDER BY admin_id LIMIT 0,10   [ RunTime:0.0010s ]
SQL: SHOW COLUMNS FROM `ast_message` [ RunTime:0.0020s ]
SQL: SELECT COUNT(*) AS tp_count FROM `ast_message` LIMIT 1   [ RunTime:0.0000s ]
SQL: SELECT * FROM `ast_message` ORDER BY msg_addtime DESC LIMIT 0,10   [ RunTime:0.0010s ]
INFO: [ view_parse ] --START--
INFO: [ template_filter ] --START--
INFO: Run Behavior\ContentReplaceBehavior [ RunTime:0.000000s ]
INFO: [ template_filter ] --END-- [ RunTime:0.001000s ]
INFO: Run Behavior\ParseTemplateBehavior [ RunTime:0.011000s ]
INFO: [ view_parse ] --END-- [ RunTime:0.011000s ]
INFO: [ view_filter ] --START--
INFO: Run Behavior\WriteHtmlCacheBehavior [ RunTime:0.000000s ]
INFO: [ view_filter ] --END-- [ RunTime:0.000000s ]
INFO: [ app_end ] --START--
INFO: Run Behavior\ShowPageTraceBehavior [ RunTime:0.001000s ]
INFO: [ app_end ] --END-- [ RunTime:0.001000s ]

[ 2015-12-01T16:11:16+08:00 ] ::1 /Admin/Member/index
INFO: [ app_init ] --START--
INFO: Run Behavior\BuildLiteBehavior [ RunTime:0.000000s ]
INFO: [ app_init ] --END-- [ RunTime:0.001000s ]
INFO: [ app_begin ] --START--
INFO: Run Behavior\ReadHtmlCacheBehavior [ RunTime:0.000000s ]
INFO: [ app_begin ] --END-- [ RunTime:0.000000s ]
SQL: SHOW COLUMNS FROM `ast_admin` [ RunTime:0.0020s ]
SQL: SELECT * FROM `ast_admin`  [ RunTime:0.0000s ]
SQL: SELECT * FROM `ast_admin` WHERE `admin_id` = 17 LIMIT 1   [ RunTime:0.0000s ]
SQL: SHOW COLUMNS FROM `ast_nav` [ RunTime:0.0020s ]
SQL: SELECT * FROM `ast_nav`  [ RunTime:0.0000s ]
SQL: SELECT COUNT(*) AS tp_count FROM `ast_admin` LIMIT 1   [ RunTime:0.0010s ]
NOTIC: [2] Missing argument 3 for getAdminPage(), called in D:\xampp\htdocs\tp\Application\Admin\Controller\CommonController.class.php on line 51 and defined D:\xampp\htdocs\tp\Application\Common\Common\function.php 第 3 行.
NOTIC: [8] Undefined variable: num D:\xampp\htdocs\tp\Application\Common\Common\function.php 第 4 行.
SQL: SELECT * FROM `ast_admin` ORDER BY admin_id LIMIT 0,10   [ RunTime:0.0010s ]
SQL: SHOW COLUMNS FROM `ast_member` [ RunTime:0.0040s ]
SQL: SELECT COUNT(*) AS tp_count FROM `ast_member` LIMIT 1   [ RunTime:0.0000s ]
SQL: SELECT * FROM `ast_member` ORDER BY vip_addtime DESC LIMIT 0,10   [ RunTime:0.0000s ]
INFO: [ view_parse ] --START--
INFO: [ template_filter ] --START--
INFO: Run Behavior\ContentReplaceBehavior [ RunTime:0.000000s ]
INFO: [ template_filter ] --END-- [ RunTime:0.000000s ]
NOTIC: [8] Use of undefined constant 男 - assumed '男' D:\xampp\htdocs\tp\Application\Runtime\Cache\Admin\cd4483014f2e11fff8848d4b0b1995b7.php 第 289 行.
NOTIC: [8] Use of undefined constant 男 - assumed '男' D:\xampp\htdocs\tp\Application\Runtime\Cache\Admin\cd4483014f2e11fff8848d4b0b1995b7.php 第 289 行.
NOTIC: [8] Use of undefined constant 男 - assumed '男' D:\xampp\htdocs\tp\Application\Runtime\Cache\Admin\cd4483014f2e11fff8848d4b0b1995b7.php 第 289 行.
NOTIC: [8] Use of undefined constant 男 - assumed '男' D:\xampp\htdocs\tp\Application\Runtime\Cache\Admin\cd4483014f2e11fff8848d4b0b1995b7.php 第 289 行.
NOTIC: [8] Use of undefined constant 男 - assumed '男' D:\xampp\htdocs\tp\Application\Runtime\Cache\Admin\cd4483014f2e11fff8848d4b0b1995b7.php 第 289 行.
NOTIC: [8] Use of undefined constant 男 - assumed '男' D:\xampp\htdocs\tp\Application\Runtime\Cache\Admin\cd4483014f2e11fff8848d4b0b1995b7.php 第 289 行.
NOTIC: [8] Use of undefined constant 男 - assumed '男' D:\xampp\htdocs\tp\Application\Runtime\Cache\Admin\cd4483014f2e11fff8848d4b0b1995b7.php 第 289 行.
NOTIC: [8] Array to string conversion D:\xampp\htdocs\tp\Application\Runtime\Cache\Admin\cd4483014f2e11fff8848d4b0b1995b7.php 第 505 行.
NOTIC: [8] Undefined variable: url D:\xampp\htdocs\tp\Application\Runtime\Cache\Admin\cd4483014f2e11fff8848d4b0b1995b7.php 第 731 行.
NOTIC: [8] Undefined variable: url D:\xampp\htdocs\tp\Application\Runtime\Cache\Admin\cd4483014f2e11fff8848d4b0b1995b7.php 第 734 行.
NOTIC: [8] Undefined variable: url D:\xampp\htdocs\tp\Application\Runtime\Cache\Admin\cd4483014f2e11fff8848d4b0b1995b7.php 第 737 行.
INFO: Run Behavior\ParseTemplateBehavior [ RunTime:0.021002s ]
INFO: [ view_parse ] --END-- [ RunTime:0.021002s ]
INFO: [ view_filter ] --START--
INFO: Run Behavior\WriteHtmlCacheBehavior [ RunTime:0.000000s ]
INFO: [ view_filter ] --END-- [ RunTime:0.000000s ]
INFO: [ app_end ] --START--
INFO: Run Behavior\ShowPageTraceBehavior [ RunTime:0.001000s ]
INFO: [ app_end ] --END-- [ RunTime:0.001000s ]

[ 2015-12-01T16:24:56+08:00 ] ::1 /Admin/Product/index
INFO: [ app_init ] --START--
INFO: Run Behavior\BuildLiteBehavior [ RunTime:0.000000s ]
INFO: [ app_init ] --END-- [ RunTime:0.000000s ]
INFO: [ app_begin ] --START--
INFO: Run Behavior\ReadHtmlCacheBehavior [ RunTime:0.001000s ]
INFO: [ app_begin ] --END-- [ RunTime:0.002000s ]
SQL: SHOW COLUMNS FROM `ast_admin` [ RunTime:0.0020s ]
SQL: SELECT * FROM `ast_admin`  [ RunTime:0.0000s ]
SQL: SELECT * FROM `ast_admin` WHERE `admin_id` = 17 LIMIT 1   [ RunTime:0.0000s ]
SQL: SHOW COLUMNS FROM `ast_nav` [ RunTime:0.0020s ]
SQL: SELECT * FROM `ast_nav`  [ RunTime:0.0010s ]
SQL: SELECT COUNT(*) AS tp_count FROM `ast_admin` LIMIT 1   [ RunTime:0.0000s ]
NOTIC: [2] Missing argument 3 for getAdminPage(), called in D:\xampp\htdocs\tp\Application\Admin\Controller\CommonController.class.php on line 51 and defined D:\xampp\htdocs\tp\Application\Common\Common\function.php 第 3 行.
NOTIC: [8] Undefined variable: num D:\xampp\htdocs\tp\Application\Common\Common\function.php 第 4 行.
SQL: SELECT * FROM `ast_admin` ORDER BY admin_id LIMIT 0,10   [ RunTime:0.0010s ]
SQL: SHOW COLUMNS FROM `ast_product` [ RunTime:0.0030s ]
SQL: SHOW COLUMNS FROM `ast_procate` [ RunTime:0.0020s ]
SQL: SELECT * FROM `ast_procate` WHERE `cate_id` = 0 LIMIT 1   [ RunTime:0.0000s ]
SQL: SELECT * FROM `ast_procate` WHERE `cate_id` = 0 LIMIT 1   [ RunTime:0.0000s ]
SQL: SELECT * FROM `ast_procate` WHERE `cate_pid` = 0  [ RunTime:0.0010s ]
SQL: SELECT * FROM `ast_procate` WHERE `cate_pid` = 0  [ RunTime:0.0000s ]
SQL: SELECT COUNT(*) AS tp_count FROM `ast_product` LIMIT 1   [ RunTime:0.0000s ]
SQL: SELECT * FROM `ast_product` INNER JOIN `ast_procate` ON ast_product.pro_cate_id = ast_procate.cate_id  ORDER BY pro_addtime DESC LIMIT 0,10   [ RunTime:0.0010s ]
SQL: SHOW COLUMNS FROM `ast_procomment` [ RunTime:0.0030s ]
SQL: SELECT * FROM `ast_procomment`  [ RunTime:0.0000s ]
NOTIC: [8] Undefined index: mentNum D:\xampp\htdocs\tp\Application\Admin\Controller\ProductController.class.php 第 74 行.
NOTIC: [8] Undefined index: mentNum D:\xampp\htdocs\tp\Application\Admin\Controller\ProductController.class.php 第 74 行.
INFO: [ view_parse ] --START--
INFO: [ template_filter ] --START--
INFO: Run Behavior\ContentReplaceBehavior [ RunTime:0.000000s ]
INFO: [ template_filter ] --END-- [ RunTime:0.000000s ]
NOTIC: [8] Undefined index: mentNum D:\xampp\htdocs\tp\Application\Runtime\Cache\Admin\34e4b095905075aaede5ee9039415509.php 第 158 行.
NOTIC: [8] Undefined index: mentNum D:\xampp\htdocs\tp\Application\Runtime\Cache\Admin\34e4b095905075aaede5ee9039415509.php 第 158 行.
NOTIC: [8] Undefined index: mentNum D:\xampp\htdocs\tp\Application\Runtime\Cache\Admin\34e4b095905075aaede5ee9039415509.php 第 158 行.
NOTIC: [8] Undefined index: mentNum D:\xampp\htdocs\tp\Application\Runtime\Cache\Admin\34e4b095905075aaede5ee9039415509.php 第 158 行.
NOTIC: [8] Array to string conversion D:\xampp\htdocs\tp\Application\Runtime\Cache\Admin\34e4b095905075aaede5ee9039415509.php 第 379 行.
INFO: Run Behavior\ParseTemplateBehavior [ RunTime:0.023001s ]
INFO: [ view_parse ] --END-- [ RunTime:0.023001s ]
INFO: [ view_filter ] --START--
INFO: Run Behavior\WriteHtmlCacheBehavior [ RunTime:0.001000s ]
INFO: [ view_filter ] --END-- [ RunTime:0.001000s ]
INFO: [ app_end ] --START--
INFO: Run Behavior\ShowPageTraceBehavior [ RunTime:0.000000s ]
INFO: [ app_end ] --END-- [ RunTime:0.000000s ]

[ 2015-12-01T16:25:05+08:00 ] ::1 /Admin/Product/formDelete.html
INFO: [ app_init ] --START--
INFO: Run Behavior\BuildLiteBehavior [ RunTime:0.000000s ]
INFO: [ app_init ] --END-- [ RunTime:0.000000s ]
INFO: [ app_begin ] --START--
INFO: Run Behavior\ReadHtmlCacheBehavior [ RunTime:0.000000s ]
INFO: [ app_begin ] --END-- [ RunTime:0.000000s ]
SQL: SHOW COLUMNS FROM `ast_admin` [ RunTime:0.0030s ]
SQL: SELECT * FROM `ast_admin`  [ RunTime:0.0000s ]
SQL: SELECT * FROM `ast_admin` WHERE `admin_id` = 17 LIMIT 1   [ RunTime:0.0000s ]
SQL: SHOW COLUMNS FROM `ast_nav` [ RunTime:0.0020s ]
SQL: SELECT * FROM `ast_nav`  [ RunTime:0.0010s ]
SQL: SELECT COUNT(*) AS tp_count FROM `ast_admin` LIMIT 1   [ RunTime:0.0000s ]
NOTIC: [2] Missing argument 3 for getAdminPage(), called in D:\xampp\htdocs\tp\Application\Admin\Controller\CommonController.class.php on line 51 and defined D:\xampp\htdocs\tp\Application\Common\Common\function.php 第 3 行.
NOTIC: [8] Undefined variable: num D:\xampp\htdocs\tp\Application\Common\Common\function.php 第 4 行.
SQL: SELECT * FROM `ast_admin` ORDER BY admin_id LIMIT 0,10   [ RunTime:0.0000s ]
SQL: SHOW COLUMNS FROM `ast_product` [ RunTime:0.0020s ]
SQL: SHOW COLUMNS FROM `ast_procomment` [ RunTime:0.0020s ]
SQL: SHOW COLUMNS FROM `ast_procmt_reply` [ RunTime:0.0030s ]
SQL: SELECT * FROM `ast_procomment` WHERE `cmt_pro_id` IN ('2')  [ RunTime:0.0010s ]
SQL: DELETE FROM `ast_procomment` WHERE `cmt_pro_id` IN ('2') [ RunTime:0.0000s ]
SQL: DELETE FROM `ast_procmt_reply` WHERE `reply_cmtid` IN ('9','8','7') [ RunTime:0.0000s ]
SQL: DELETE FROM `ast_product` WHERE `pro_id` IN ('2') [ RunTime:0.0000s ]

[ 2015-12-01T16:25:05+08:00 ] ::1 /Admin/Product/index
INFO: [ app_init ] --START--
INFO: Run Behavior\BuildLiteBehavior [ RunTime:0.000000s ]
INFO: [ app_init ] --END-- [ RunTime:0.000000s ]
INFO: [ app_begin ] --START--
INFO: Run Behavior\ReadHtmlCacheBehavior [ RunTime:0.001000s ]
INFO: [ app_begin ] --END-- [ RunTime:0.001000s ]
SQL: SHOW COLUMNS FROM `ast_admin` [ RunTime:0.0030s ]
SQL: SELECT * FROM `ast_admin`  [ RunTime:0.0010s ]
SQL: SELECT * FROM `ast_admin` WHERE `admin_id` = 17 LIMIT 1   [ RunTime:0.0000s ]
SQL: SHOW COLUMNS FROM `ast_nav` [ RunTime:0.0030s ]
SQL: SELECT * FROM `ast_nav`  [ RunTime:0.0000s ]
SQL: SELECT COUNT(*) AS tp_count FROM `ast_admin` LIMIT 1   [ RunTime:0.0000s ]
NOTIC: [2] Missing argument 3 for getAdminPage(), called in D:\xampp\htdocs\tp\Application\Admin\Controller\CommonController.class.php on line 51 and defined D:\xampp\htdocs\tp\Application\Common\Common\function.php 第 3 行.
NOTIC: [8] Undefined variable: num D:\xampp\htdocs\tp\Application\Common\Common\function.php 第 4 行.
SQL: SELECT * FROM `ast_admin` ORDER BY admin_id LIMIT 0,10   [ RunTime:0.0000s ]
SQL: SHOW COLUMNS FROM `ast_product` [ RunTime:0.0030s ]
SQL: SHOW COLUMNS FROM `ast_procate` [ RunTime:0.0030s ]
SQL: SELECT * FROM `ast_procate` WHERE `cate_id` = 0 LIMIT 1   [ RunTime:0.0000s ]
SQL: SELECT * FROM `ast_procate` WHERE `cate_id` = 0 LIMIT 1   [ RunTime:0.0000s ]
SQL: SELECT * FROM `ast_procate` WHERE `cate_pid` = 0  [ RunTime:0.0000s ]
SQL: SELECT * FROM `ast_procate` WHERE `cate_pid` = 0  [ RunTime:0.0000s ]
SQL: SELECT COUNT(*) AS tp_count FROM `ast_product` LIMIT 1   [ RunTime:0.0000s ]
SQL: SELECT * FROM `ast_product` INNER JOIN `ast_procate` ON ast_product.pro_cate_id = ast_procate.cate_id  ORDER BY pro_addtime DESC LIMIT 0,10   [ RunTime:0.0000s ]
SQL: SHOW COLUMNS FROM `ast_procomment` [ RunTime:0.0030s ]
SQL: SELECT * FROM `ast_procomment`  [ RunTime:0.0000s ]
NOTIC: [8] Undefined index: mentNum D:\xampp\htdocs\tp\Application\Admin\Controller\ProductController.class.php 第 74 行.
INFO: [ view_parse ] --START--
INFO: [ template_filter ] --START--
INFO: Run Behavior\ContentReplaceBehavior [ RunTime:0.000000s ]
INFO: [ template_filter ] --END-- [ RunTime:0.000000s ]
NOTIC: [8] Undefined index: mentNum D:\xampp\htdocs\tp\Application\Runtime\Cache\Admin\34e4b095905075aaede5ee9039415509.php 第 158 行.
NOTIC: [8] Undefined index: mentNum D:\xampp\htdocs\tp\Application\Runtime\Cache\Admin\34e4b095905075aaede5ee9039415509.php 第 158 行.
NOTIC: [8] Undefined index: mentNum D:\xampp\htdocs\tp\Application\Runtime\Cache\Admin\34e4b095905075aaede5ee9039415509.php 第 158 行.
NOTIC: [8] Undefined index: mentNum D:\xampp\htdocs\tp\Application\Runtime\Cache\Admin\34e4b095905075aaede5ee9039415509.php 第 158 行.
NOTIC: [8] Array to string conversion D:\xampp\htdocs\tp\Application\Runtime\Cache\Admin\34e4b095905075aaede5ee9039415509.php 第 379 行.
INFO: Run Behavior\ParseTemplateBehavior [ RunTime:0.020001s ]
INFO: [ view_parse ] --END-- [ RunTime:0.020001s ]
INFO: [ view_filter ] --START--
INFO: Run Behavior\WriteHtmlCacheBehavior [ RunTime:0.000000s ]
INFO: [ view_filter ] --END-- [ RunTime:0.000000s ]
INFO: [ app_end ] --START--
INFO: Run Behavior\ShowPageTraceBehavior [ RunTime:0.001000s ]
INFO: [ app_end ] --END-- [ RunTime:0.001000s ]

[ 2015-12-01T16:25:41+08:00 ] ::1 /Admin/Product/comment/pid/1.html
INFO: [ app_init ] --START--
INFO: Run Behavior\BuildLiteBehavior [ RunTime:0.000000s ]
INFO: [ app_init ] --END-- [ RunTime:0.001000s ]
INFO: [ app_begin ] --START--
INFO: Run Behavior\ReadHtmlCacheBehavior [ RunTime:0.001000s ]
INFO: [ app_begin ] --END-- [ RunTime:0.001000s ]
SQL: SHOW COLUMNS FROM `ast_admin` [ RunTime:0.0020s ]
SQL: SELECT * FROM `ast_admin`  [ RunTime:0.0000s ]
SQL: SELECT * FROM `ast_admin` WHERE `admin_id` = 17 LIMIT 1   [ RunTime:0.0000s ]
SQL: SHOW COLUMNS FROM `ast_nav` [ RunTime:0.0020s ]
SQL: SELECT * FROM `ast_nav`  [ RunTime:0.0010s ]
SQL: SELECT COUNT(*) AS tp_count FROM `ast_admin` LIMIT 1   [ RunTime:0.0000s ]
NOTIC: [2] Missing argument 3 for getAdminPage(), called in D:\xampp\htdocs\tp\Application\Admin\Controller\CommonController.class.php on line 51 and defined D:\xampp\htdocs\tp\Application\Common\Common\function.php 第 3 行.
NOTIC: [8] Undefined variable: num D:\xampp\htdocs\tp\Application\Common\Common\function.php 第 4 行.
SQL: SELECT * FROM `ast_admin` ORDER BY admin_id LIMIT 0,10   [ RunTime:0.0000s ]
SQL: SHOW COLUMNS FROM `ast_procomment` [ RunTime:0.0030s ]
SQL: SELECT COUNT(*) AS tp_count FROM `ast_procomment` LIMIT 1   [ RunTime:0.0000s ]
SQL: SELECT * FROM `ast_procomment` WHERE `cmt_pro_id` = 1 LIMIT 0,10   [ RunTime:0.0000s ]
SQL: SHOW COLUMNS FROM `ast_procmt_reply` [ RunTime:0.0020s ]
SQL: SELECT * FROM `ast_procmt_reply`  [ RunTime:0.0010s ]
INFO: [ view_parse ] --START--
INFO: [ template_filter ] --START--
INFO: Run Behavior\ContentReplaceBehavior [ RunTime:0.000000s ]
INFO: [ template_filter ] --END-- [ RunTime:0.000000s ]
NOTIC: [8] Undefined index: cmt_reply D:\xampp\htdocs\tp\Application\Runtime\Cache\Admin\8e0fe332e783bb2d6ffc255d7235e76f.php 第 226 行.
INFO: Run Behavior\ParseTemplateBehavior [ RunTime:0.012000s ]
INFO: [ view_parse ] --END-- [ RunTime:0.012000s ]
INFO: [ view_filter ] --START--
INFO: Run Behavior\WriteHtmlCacheBehavior [ RunTime:0.001000s ]
INFO: [ view_filter ] --END-- [ RunTime:0.001000s ]
INFO: [ app_end ] --START--
INFO: Run Behavior\ShowPageTraceBehavior [ RunTime:0.000000s ]
INFO: [ app_end ] --END-- [ RunTime:0.000000s ]

[ 2015-12-01T16:26:34+08:00 ] ::1 /Admin/Member/add
INFO: [ app_init ] --START--
INFO: Run Behavior\BuildLiteBehavior [ RunTime:0.000000s ]
INFO: [ app_init ] --END-- [ RunTime:0.001000s ]
INFO: [ app_begin ] --START--
INFO: Run Behavior\ReadHtmlCacheBehavior [ RunTime:0.000000s ]
INFO: [ app_begin ] --END-- [ RunTime:0.000000s ]
SQL: SHOW COLUMNS FROM `ast_admin` [ RunTime:0.0030s ]
SQL: SELECT * FROM `ast_admin`  [ RunTime:0.0000s ]
SQL: SELECT * FROM `ast_admin` WHERE `admin_id` = 17 LIMIT 1   [ RunTime:0.0000s ]
SQL: SHOW COLUMNS FROM `ast_nav` [ RunTime:0.0020s ]
SQL: SELECT * FROM `ast_nav`  [ RunTime:0.0000s ]
SQL: SELECT COUNT(*) AS tp_count FROM `ast_admin` LIMIT 1   [ RunTime:0.0000s ]
NOTIC: [2] Missing argument 3 for getAdminPage(), called in D:\xampp\htdocs\tp\Application\Admin\Controller\CommonController.class.php on line 51 and defined D:\xampp\htdocs\tp\Application\Common\Common\function.php 第 3 行.
NOTIC: [8] Undefined variable: num D:\xampp\htdocs\tp\Application\Common\Common\function.php 第 4 行.
SQL: SELECT * FROM `ast_admin` ORDER BY admin_id LIMIT 0,10   [ RunTime:0.0010s ]
INFO: [ view_parse ] --START--
INFO: [ template_filter ] --START--
INFO: Run Behavior\ContentReplaceBehavior [ RunTime:0.001000s ]
INFO: [ template_filter ] --END-- [ RunTime:0.001000s ]
NOTIC: [8] Array to string conversion D:\xampp\htdocs\tp\Application\Runtime\Cache\Admin\cbac30b13a417c95dc977a1bb5ff6dbc.php 第 463 行.
NOTIC: [8] Undefined variable: url D:\xampp\htdocs\tp\Application\Runtime\Cache\Admin\cbac30b13a417c95dc977a1bb5ff6dbc.php 第 689 行.
NOTIC: [8] Undefined variable: url D:\xampp\htdocs\tp\Application\Runtime\Cache\Admin\cbac30b13a417c95dc977a1bb5ff6dbc.php 第 692 行.
NOTIC: [8] Undefined variable: url D:\xampp\htdocs\tp\Application\Runtime\Cache\Admin\cbac30b13a417c95dc977a1bb5ff6dbc.php 第 695 行.
INFO: Run Behavior\ParseTemplateBehavior [ RunTime:0.017001s ]
INFO: [ view_parse ] --END-- [ RunTime:0.017001s ]
INFO: [ view_filter ] --START--
INFO: Run Behavior\WriteHtmlCacheBehavior [ RunTime:0.000000s ]
INFO: [ view_filter ] --END-- [ RunTime:0.000000s ]
INFO: [ app_end ] --START--
INFO: Run Behavior\ShowPageTraceBehavior [ RunTime:0.001000s ]
INFO: [ app_end ] --END-- [ RunTime:0.001000s ]

[ 2015-12-01T16:26:49+08:00 ] ::1 /Admin/Product/index
INFO: [ app_init ] --START--
INFO: Run Behavior\BuildLiteBehavior [ RunTime:0.000000s ]
INFO: [ app_init ] --END-- [ RunTime:0.000000s ]
INFO: [ app_begin ] --START--
INFO: Run Behavior\ReadHtmlCacheBehavior [ RunTime:0.000000s ]
INFO: [ app_begin ] --END-- [ RunTime:0.000000s ]
SQL: SHOW COLUMNS FROM `ast_admin` [ RunTime:0.0030s ]
SQL: SELECT * FROM `ast_admin`  [ RunTime:0.0000s ]
SQL: SELECT * FROM `ast_admin` WHERE `admin_id` = 17 LIMIT 1   [ RunTime:0.0010s ]
SQL: SHOW COLUMNS FROM `ast_nav` [ RunTime:0.0020s ]
SQL: SELECT * FROM `ast_nav`  [ RunTime:0.0010s ]
SQL: SELECT COUNT(*) AS tp_count FROM `ast_admin` LIMIT 1   [ RunTime:0.0000s ]
NOTIC: [2] Missing argument 3 for getAdminPage(), called in D:\xampp\htdocs\tp\Application\Admin\Controller\CommonController.class.php on line 51 and defined D:\xampp\htdocs\tp\Application\Common\Common\function.php 第 3 行.
NOTIC: [8] Undefined variable: num D:\xampp\htdocs\tp\Application\Common\Common\function.php 第 4 行.
SQL: SELECT * FROM `ast_admin` ORDER BY admin_id LIMIT 0,10   [ RunTime:0.0010s ]
SQL: SHOW COLUMNS FROM `ast_product` [ RunTime:0.0030s ]
SQL: SHOW COLUMNS FROM `ast_procate` [ RunTime:0.0020s ]
SQL: SELECT * FROM `ast_procate` WHERE `cate_id` = 0 LIMIT 1   [ RunTime:0.0000s ]
SQL: SELECT * FROM `ast_procate` WHERE `cate_id` = 0 LIMIT 1   [ RunTime:0.0000s ]
SQL: SELECT * FROM `ast_procate` WHERE `cate_pid` = 0  [ RunTime:0.0000s ]
SQL: SELECT * FROM `ast_procate` WHERE `cate_pid` = 0  [ RunTime:0.0000s ]
SQL: SELECT COUNT(*) AS tp_count FROM `ast_product` LIMIT 1   [ RunTime:0.0010s ]
SQL: SELECT * FROM `ast_product` INNER JOIN `ast_procate` ON ast_product.pro_cate_id = ast_procate.cate_id  ORDER BY pro_addtime DESC LIMIT 0,10   [ RunTime:0.0000s ]
SQL: SHOW COLUMNS FROM `ast_procomment` [ RunTime:0.0030s ]
SQL: SELECT * FROM `ast_procomment`  [ RunTime:0.0000s ]
NOTIC: [8] Undefined index: mentNum D:\xampp\htdocs\tp\Application\Admin\Controller\ProductController.class.php 第 74 行.
INFO: [ view_parse ] --START--
INFO: [ template_filter ] --START--
INFO: Run Behavior\ContentReplaceBehavior [ RunTime:0.001000s ]
INFO: [ template_filter ] --END-- [ RunTime:0.001000s ]
NOTIC: [8] Undefined index: mentNum D:\xampp\htdocs\tp\Application\Runtime\Cache\Admin\34e4b095905075aaede5ee9039415509.php 第 158 行.
NOTIC: [8] Undefined index: mentNum D:\xampp\htdocs\tp\Application\Runtime\Cache\Admin\34e4b095905075aaede5ee9039415509.php 第 158 行.
NOTIC: [8] Undefined index: mentNum D:\xampp\htdocs\tp\Application\Runtime\Cache\Admin\34e4b095905075aaede5ee9039415509.php 第 158 行.
NOTIC: [8] Undefined index: mentNum D:\xampp\htdocs\tp\Application\Runtime\Cache\Admin\34e4b095905075aaede5ee9039415509.php 第 158 行.
NOTIC: [8] Array to string conversion D:\xampp\htdocs\tp\Application\Runtime\Cache\Admin\34e4b095905075aaede5ee9039415509.php 第 379 行.
INFO: Run Behavior\ParseTemplateBehavior [ RunTime:0.020001s ]
INFO: [ view_parse ] --END-- [ RunTime:0.021001s ]
INFO: [ view_filter ] --START--
INFO: Run Behavior\WriteHtmlCacheBehavior [ RunTime:0.000000s ]
INFO: [ view_filter ] --END-- [ RunTime:0.000000s ]
INFO: [ app_end ] --START--
INFO: Run Behavior\ShowPageTraceBehavior [ RunTime:0.001000s ]
INFO: [ app_end ] --END-- [ RunTime:0.001000s ]

[ 2015-12-01T16:26:51+08:00 ] ::1 /Admin/Product/comment/pid/1.html
INFO: [ app_init ] --START--
INFO: Run Behavior\BuildLiteBehavior [ RunTime:0.000000s ]
INFO: [ app_init ] --END-- [ RunTime:0.001000s ]
INFO: [ app_begin ] --START--
INFO: Run Behavior\ReadHtmlCacheBehavior [ RunTime:0.001000s ]
INFO: [ app_begin ] --END-- [ RunTime:0.001000s ]
SQL: SHOW COLUMNS FROM `ast_admin` [ RunTime:0.0030s ]
SQL: SELECT * FROM `ast_admin`  [ RunTime:0.0010s ]
SQL: SELECT * FROM `ast_admin` WHERE `admin_id` = 17 LIMIT 1   [ RunTime:0.0000s ]
SQL: SHOW COLUMNS FROM `ast_nav` [ RunTime:0.0030s ]
SQL: SELECT * FROM `ast_nav`  [ RunTime:0.0000s ]
SQL: SELECT COUNT(*) AS tp_count FROM `ast_admin` LIMIT 1   [ RunTime:0.0000s ]
NOTIC: [2] Missing argument 3 for getAdminPage(), called in D:\xampp\htdocs\tp\Application\Admin\Controller\CommonController.class.php on line 51 and defined D:\xampp\htdocs\tp\Application\Common\Common\function.php 第 3 行.
NOTIC: [8] Undefined variable: num D:\xampp\htdocs\tp\Application\Common\Common\function.php 第 4 行.
SQL: SELECT * FROM `ast_admin` ORDER BY admin_id LIMIT 0,10   [ RunTime:0.0000s ]
SQL: SHOW COLUMNS FROM `ast_procomment` [ RunTime:0.0030s ]
SQL: SELECT COUNT(*) AS tp_count FROM `ast_procomment` LIMIT 1   [ RunTime:0.0000s ]
SQL: SELECT * FROM `ast_procomment` WHERE `cmt_pro_id` = 1 LIMIT 0,10   [ RunTime:0.0000s ]
SQL: SHOW COLUMNS FROM `ast_procmt_reply` [ RunTime:0.0020s ]
SQL: SELECT * FROM `ast_procmt_reply`  [ RunTime:0.0010s ]
INFO: [ view_parse ] --START--
INFO: [ template_filter ] --START--
INFO: Run Behavior\ContentReplaceBehavior [ RunTime:0.000000s ]
INFO: [ template_filter ] --END-- [ RunTime:0.000000s ]
NOTIC: [8] Undefined index: cmt_reply D:\xampp\htdocs\tp\Application\Runtime\Cache\Admin\8e0fe332e783bb2d6ffc255d7235e76f.php 第 226 行.
INFO: Run Behavior\ParseTemplateBehavior [ RunTime:0.012001s ]
INFO: [ view_parse ] --END-- [ RunTime:0.012001s ]
INFO: [ view_filter ] --START--
INFO: Run Behavior\WriteHtmlCacheBehavior [ RunTime:0.000000s ]
INFO: [ view_filter ] --END-- [ RunTime:0.000000s ]
INFO: [ app_end ] --START--
INFO: Run Behavior\ShowPageTraceBehavior [ RunTime:0.001000s ]
INFO: [ app_end ] --END-- [ RunTime:0.001000s ]

[ 2015-12-01T16:28:47+08:00 ] ::1 /Admin/Product/comment/pid/1.html
INFO: [ app_init ] --START--
INFO: Run Behavior\BuildLiteBehavior [ RunTime:0.000000s ]
INFO: [ app_init ] --END-- [ RunTime:0.000000s ]
INFO: [ app_begin ] --START--
INFO: Run Behavior\ReadHtmlCacheBehavior [ RunTime:0.001000s ]
INFO: [ app_begin ] --END-- [ RunTime:0.001000s ]
SQL: SHOW COLUMNS FROM `ast_admin` [ RunTime:0.0030s ]
SQL: SELECT * FROM `ast_admin`  [ RunTime:0.0000s ]
SQL: SELECT * FROM `ast_admin` WHERE `admin_id` = 17 LIMIT 1   [ RunTime:0.0000s ]
SQL: SHOW COLUMNS FROM `ast_nav` [ RunTime:0.0040s ]
SQL: SELECT * FROM `ast_nav`  [ RunTime:0.0000s ]
SQL: SELECT COUNT(*) AS tp_count FROM `ast_admin` LIMIT 1   [ RunTime:0.0000s ]
NOTIC: [2] Missing argument 3 for getAdminPage(), called in D:\xampp\htdocs\tp\Application\Admin\Controller\CommonController.class.php on line 51 and defined D:\xampp\htdocs\tp\Application\Common\Common\function.php 第 3 行.
NOTIC: [8] Undefined variable: num D:\xampp\htdocs\tp\Application\Common\Common\function.php 第 4 行.
SQL: SELECT * FROM `ast_admin` ORDER BY admin_id LIMIT 0,10   [ RunTime:0.0000s ]
SQL: SHOW COLUMNS FROM `ast_procomment` [ RunTime:0.0030s ]
SQL: SELECT COUNT(*) AS tp_count FROM `ast_procomment` LIMIT 1   [ RunTime:0.0000s ]
SQL: SELECT * FROM `ast_procomment` WHERE `cmt_pro_id` = 1 LIMIT 0,10   [ RunTime:0.0000s ]
SQL: SHOW COLUMNS FROM `ast_procmt_reply` [ RunTime:0.0030s ]
SQL: SELECT * FROM `ast_procmt_reply`  [ RunTime:0.0010s ]
INFO: [ view_parse ] --START--
INFO: [ template_filter ] --START--
INFO: Run Behavior\ContentReplaceBehavior [ RunTime:0.000000s ]
INFO: [ template_filter ] --END-- [ RunTime:0.000000s ]
NOTIC: [8] Undefined index: cmt_reply D:\xampp\htdocs\tp\Application\Runtime\Cache\Admin\8e0fe332e783bb2d6ffc255d7235e76f.php 第 226 行.
INFO: Run Behavior\ParseTemplateBehavior [ RunTime:0.012000s ]
INFO: [ view_parse ] --END-- [ RunTime:0.012000s ]
INFO: [ view_filter ] --START--
INFO: Run Behavior\WriteHtmlCacheBehavior [ RunTime:0.001000s ]
INFO: [ view_filter ] --END-- [ RunTime:0.001000s ]
INFO: [ app_end ] --START--
INFO: Run Behavior\ShowPageTraceBehavior [ RunTime:0.001000s ]
INFO: [ app_end ] --END-- [ RunTime:0.001000s ]

[ 2015-12-01T16:29:09+08:00 ] ::1 /Admin/Product/comment/pid/1.html
INFO: [ app_init ] --START--
INFO: Run Behavior\BuildLiteBehavior [ RunTime:0.000000s ]
INFO: [ app_init ] --END-- [ RunTime:0.001000s ]
INFO: [ app_begin ] --START--
INFO: Run Behavior\ReadHtmlCacheBehavior [ RunTime:0.001000s ]
INFO: [ app_begin ] --END-- [ RunTime:0.001000s ]
SQL: SHOW COLUMNS FROM `ast_admin` [ RunTime:0.0020s ]
SQL: SELECT * FROM `ast_admin`  [ RunTime:0.0000s ]
SQL: SELECT * FROM `ast_admin` WHERE `admin_id` = 17 LIMIT 1   [ RunTime:0.0000s ]
SQL: SHOW COLUMNS FROM `ast_nav` [ RunTime:0.0020s ]
SQL: SELECT * FROM `ast_nav`  [ RunTime:0.0000s ]
SQL: SELECT COUNT(*) AS tp_count FROM `ast_admin` LIMIT 1   [ RunTime:0.0000s ]
NOTIC: [2] Missing argument 3 for getAdminPage(), called in D:\xampp\htdocs\tp\Application\Admin\Controller\CommonController.class.php on line 51 and defined D:\xampp\htdocs\tp\Application\Common\Common\function.php 第 3 行.
NOTIC: [8] Undefined variable: num D:\xampp\htdocs\tp\Application\Common\Common\function.php 第 4 行.
SQL: SELECT * FROM `ast_admin` ORDER BY admin_id LIMIT 0,10   [ RunTime:0.0000s ]
SQL: SHOW COLUMNS FROM `ast_procomment` [ RunTime:0.0020s ]
SQL: SELECT COUNT(*) AS tp_count FROM `ast_procomment` LIMIT 1   [ RunTime:0.0000s ]
SQL: SELECT * FROM `ast_procomment` WHERE `cmt_pro_id` = 1 LIMIT 0,10   [ RunTime:0.0000s ]
SQL: SHOW COLUMNS FROM `ast_procmt_reply` [ RunTime:0.0020s ]
SQL: SELECT * FROM `ast_procmt_reply`  [ RunTime:0.0000s ]
INFO: [ view_parse ] --START--
INFO: [ template_filter ] --START--
INFO: Run Behavior\ContentReplaceBehavior [ RunTime:0.000000s ]
INFO: [ template_filter ] --END-- [ RunTime:0.001000s ]
NOTIC: [8] Undefined index: cmt_reply D:\xampp\htdocs\tp\Application\Runtime\Cache\Admin\8e0fe332e783bb2d6ffc255d7235e76f.php 第 226 行.
INFO: Run Behavior\ParseTemplateBehavior [ RunTime:0.011000s ]
INFO: [ view_parse ] --END-- [ RunTime:0.012000s ]
INFO: [ view_filter ] --START--
INFO: Run Behavior\WriteHtmlCacheBehavior [ RunTime:0.000000s ]
INFO: [ view_filter ] --END-- [ RunTime:0.000000s ]
INFO: [ app_end ] --START--
INFO: Run Behavior\ShowPageTraceBehavior [ RunTime:0.000000s ]
INFO: [ app_end ] --END-- [ RunTime:0.000000s ]

[ 2015-12-01T16:30:47+08:00 ] ::1 /Admin/Product/comment/pid/1.html
INFO: [ app_init ] --START--
INFO: Run Behavior\BuildLiteBehavior [ RunTime:0.000000s ]
INFO: [ app_init ] --END-- [ RunTime:0.001000s ]
INFO: [ app_begin ] --START--
INFO: Run Behavior\ReadHtmlCacheBehavior [ RunTime:0.000000s ]
INFO: [ app_begin ] --END-- [ RunTime:0.001000s ]
SQL: SHOW COLUMNS FROM `ast_admin` [ RunTime:0.0030s ]
SQL: SELECT * FROM `ast_admin`  [ RunTime:0.0000s ]
SQL: SELECT * FROM `ast_admin` WHERE `admin_id` = 17 LIMIT 1   [ RunTime:0.0000s ]
SQL: SHOW COLUMNS FROM `ast_nav` [ RunTime:0.0020s ]
SQL: SELECT * FROM `ast_nav`  [ RunTime:0.0010s ]
SQL: SELECT COUNT(*) AS tp_count FROM `ast_admin` LIMIT 1   [ RunTime:0.0000s ]
NOTIC: [2] Missing argument 3 for getAdminPage(), called in D:\xampp\htdocs\tp\Application\Admin\Controller\CommonController.class.php on line 51 and defined D:\xampp\htdocs\tp\Application\Common\Common\function.php 第 3 行.
NOTIC: [8] Undefined variable: num D:\xampp\htdocs\tp\Application\Common\Common\function.php 第 4 行.
SQL: SELECT * FROM `ast_admin` ORDER BY admin_id LIMIT 0,10   [ RunTime:0.0000s ]
SQL: SHOW COLUMNS FROM `ast_procomment` [ RunTime:0.0030s ]
SQL: SELECT COUNT(*) AS tp_count FROM `ast_procomment` LIMIT 1   [ RunTime:0.0000s ]
SQL: SELECT * FROM `ast_procomment` WHERE `cmt_pro_id` = 1 LIMIT 0,10   [ RunTime:0.0000s ]
SQL: SHOW COLUMNS FROM `ast_procmt_reply` [ RunTime:0.0020s ]
SQL: SELECT * FROM `ast_procmt_reply`  [ RunTime:0.0000s ]
INFO: [ view_parse ] --START--
INFO: [ template_filter ] --START--
INFO: Run Behavior\ContentReplaceBehavior [ RunTime:0.000000s ]
INFO: [ template_filter ] --END-- [ RunTime:0.001000s ]
NOTIC: [8] Undefined index: cmt_reply D:\xampp\htdocs\tp\Application\Runtime\Cache\Admin\8e0fe332e783bb2d6ffc255d7235e76f.php 第 226 行.
INFO: Run Behavior\ParseTemplateBehavior [ RunTime:0.010000s ]
INFO: [ view_parse ] --END-- [ RunTime:0.010000s ]
INFO: [ view_filter ] --START--
INFO: Run Behavior\WriteHtmlCacheBehavior [ RunTime:0.000000s ]
INFO: [ view_filter ] --END-- [ RunTime:0.000000s ]
INFO: [ app_end ] --START--
INFO: Run Behavior\ShowPageTraceBehavior [ RunTime:0.000000s ]
INFO: [ app_end ] --END-- [ RunTime:0.000000s ]

[ 2015-12-01T16:31:09+08:00 ] ::1 /Admin/Product/comment/pid/1.html
INFO: [ app_init ] --START--
INFO: Run Behavior\BuildLiteBehavior [ RunTime:0.000000s ]
INFO: [ app_init ] --END-- [ RunTime:0.001000s ]
INFO: [ app_begin ] --START--
INFO: Run Behavior\ReadHtmlCacheBehavior [ RunTime:0.001000s ]
INFO: [ app_begin ] --END-- [ RunTime:0.001000s ]
SQL: SHOW COLUMNS FROM `ast_admin` [ RunTime:0.0020s ]
SQL: SELECT * FROM `ast_admin`  [ RunTime:0.0010s ]
SQL: SELECT * FROM `ast_admin` WHERE `admin_id` = 17 LIMIT 1   [ RunTime:0.0000s ]
SQL: SHOW COLUMNS FROM `ast_nav` [ RunTime:0.0020s ]
SQL: SELECT * FROM `ast_nav`  [ RunTime:0.0000s ]
SQL: SELECT COUNT(*) AS tp_count FROM `ast_admin` LIMIT 1   [ RunTime:0.0000s ]
NOTIC: [2] Missing argument 3 for getAdminPage(), called in D:\xampp\htdocs\tp\Application\Admin\Controller\CommonController.class.php on line 51 and defined D:\xampp\htdocs\tp\Application\Common\Common\function.php 第 3 行.
NOTIC: [8] Undefined variable: num D:\xampp\htdocs\tp\Application\Common\Common\function.php 第 4 行.
SQL: SELECT * FROM `ast_admin` ORDER BY admin_id LIMIT 0,10   [ RunTime:0.0000s ]
SQL: SHOW COLUMNS FROM `ast_procomment` [ RunTime:0.0020s ]
SQL: SELECT COUNT(*) AS tp_count FROM `ast_procomment` LIMIT 1   [ RunTime:0.0000s ]
SQL: SELECT * FROM `ast_procomment` WHERE `cmt_pro_id` = 1 LIMIT 0,10   [ RunTime:0.0000s ]
SQL: SHOW COLUMNS FROM `ast_procmt_reply` [ RunTime:0.0030s ]
SQL: SELECT * FROM `ast_procmt_reply`  [ RunTime:0.0000s ]
INFO: [ view_parse ] --START--
INFO: [ template_filter ] --START--
INFO: Run Behavior\ContentReplaceBehavior [ RunTime:0.000000s ]
INFO: [ template_filter ] --END-- [ RunTime:0.000000s ]
NOTIC: [8] Undefined index: cmt_reply D:\xampp\htdocs\tp\Application\Runtime\Cache\Admin\8e0fe332e783bb2d6ffc255d7235e76f.php 第 226 行.
INFO: Run Behavior\ParseTemplateBehavior [ RunTime:0.012000s ]
INFO: [ view_parse ] --END-- [ RunTime:0.012000s ]
INFO: [ view_filter ] --START--
INFO: Run Behavior\WriteHtmlCacheBehavior [ RunTime:0.000000s ]
INFO: [ view_filter ] --END-- [ RunTime:0.000000s ]
INFO: [ app_end ] --START--
INFO: Run Behavior\ShowPageTraceBehavior [ RunTime:0.000000s ]
INFO: [ app_end ] --END-- [ RunTime:0.000000s ]

[ 2015-12-01T16:31:33+08:00 ] ::1 /Admin/Product/comment/pid/1.html
INFO: [ app_init ] --START--
INFO: Run Behavior\BuildLiteBehavior [ RunTime:0.000000s ]
INFO: [ app_init ] --END-- [ RunTime:0.001000s ]
INFO: [ app_begin ] --START--
INFO: Run Behavior\ReadHtmlCacheBehavior [ RunTime:0.000000s ]
INFO: [ app_begin ] --END-- [ RunTime:0.000000s ]
SQL: SHOW COLUMNS FROM `ast_admin` [ RunTime:0.0020s ]
SQL: SELECT * FROM `ast_admin`  [ RunTime:0.0000s ]
SQL: SELECT * FROM `ast_admin` WHERE `admin_id` = 17 LIMIT 1   [ RunTime:0.0000s ]
SQL: SHOW COLUMNS FROM `ast_nav` [ RunTime:0.0030s ]
SQL: SELECT * FROM `ast_nav`  [ RunTime:0.0000s ]
SQL: SELECT COUNT(*) AS tp_count FROM `ast_admin` LIMIT 1   [ RunTime:0.0000s ]
NOTIC: [2] Missing argument 3 for getAdminPage(), called in D:\xampp\htdocs\tp\Application\Admin\Controller\CommonController.class.php on line 51 and defined D:\xampp\htdocs\tp\Application\Common\Common\function.php 第 3 行.
NOTIC: [8] Undefined variable: num D:\xampp\htdocs\tp\Application\Common\Common\function.php 第 4 行.
SQL: SELECT * FROM `ast_admin` ORDER BY admin_id LIMIT 0,10   [ RunTime:0.0000s ]
SQL: SHOW COLUMNS FROM `ast_procomment` [ RunTime:0.0030s ]
SQL: SELECT COUNT(*) AS tp_count FROM `ast_procomment` LIMIT 1   [ RunTime:0.0000s ]
SQL: SELECT * FROM `ast_procomment` WHERE `cmt_pro_id` = 1 LIMIT 0,10   [ RunTime:0.0000s ]
SQL: SHOW COLUMNS FROM `ast_procmt_reply` [ RunTime:0.0020s ]
SQL: SELECT * FROM `ast_procmt_reply`  [ RunTime:0.0000s ]
INFO: [ view_parse ] --START--
INFO: [ template_filter ] --START--
INFO: Run Behavior\ContentReplaceBehavior [ RunTime:0.001000s ]
INFO: [ template_filter ] --END-- [ RunTime:0.001000s ]
NOTIC: [8] Undefined index: cmt_reply D:\xampp\htdocs\tp\Application\Runtime\Cache\Admin\8e0fe332e783bb2d6ffc255d7235e76f.php 第 226 行.
INFO: Run Behavior\ParseTemplateBehavior [ RunTime:0.012000s ]
INFO: [ view_parse ] --END-- [ RunTime:0.012000s ]
INFO: [ view_filter ] --START--
INFO: Run Behavior\WriteHtmlCacheBehavior [ RunTime:0.000000s ]
INFO: [ view_filter ] --END-- [ RunTime:0.000000s ]
INFO: [ app_end ] --START--
INFO: Run Behavior\ShowPageTraceBehavior [ RunTime:0.000000s ]
INFO: [ app_end ] --END-- [ RunTime:0.000000s ]

[ 2015-12-01T16:35:45+08:00 ] ::1 /Admin/Product/comment/pid/1.html
INFO: [ app_init ] --START--
INFO: Run Behavior\BuildLiteBehavior [ RunTime:0.000000s ]
INFO: [ app_init ] --END-- [ RunTime:0.000000s ]
INFO: [ app_begin ] --START--
INFO: Run Behavior\ReadHtmlCacheBehavior [ RunTime:0.003000s ]
INFO: [ app_begin ] --END-- [ RunTime:0.003000s ]
SQL: SHOW COLUMNS FROM `ast_admin` [ RunTime:0.0040s ]
SQL: SELECT * FROM `ast_admin`  [ RunTime:0.0000s ]
SQL: SELECT * FROM `ast_admin` WHERE `admin_id` = 17 LIMIT 1   [ RunTime:0.0000s ]
SQL: SHOW COLUMNS FROM `ast_nav` [ RunTime:0.0020s ]
SQL: SELECT * FROM `ast_nav`  [ RunTime:0.0010s ]
SQL: SELECT COUNT(*) AS tp_count FROM `ast_admin` LIMIT 1   [ RunTime:0.0000s ]
NOTIC: [2] Missing argument 3 for getAdminPage(), called in D:\xampp\htdocs\tp\Application\Admin\Controller\CommonController.class.php on line 51 and defined D:\xampp\htdocs\tp\Application\Common\Common\function.php 第 3 行.
NOTIC: [8] Undefined variable: num D:\xampp\htdocs\tp\Application\Common\Common\function.php 第 4 行.
SQL: SELECT * FROM `ast_admin` ORDER BY admin_id LIMIT 0,10   [ RunTime:0.0000s ]
SQL: SHOW COLUMNS FROM `ast_procomment` [ RunTime:0.0030s ]
SQL: SELECT COUNT(*) AS tp_count FROM `ast_procomment` LIMIT 1   [ RunTime:0.0000s ]
SQL: SELECT * FROM `ast_procomment` WHERE `cmt_pro_id` = 1 LIMIT 0,10   [ RunTime:0.0010s ]
SQL: SHOW COLUMNS FROM `ast_procmt_reply` [ RunTime:0.0020s ]
SQL: SELECT * FROM `ast_procmt_reply`  [ RunTime:0.0000s ]
INFO: [ view_parse ] --START--
INFO: [ template_filter ] --START--
INFO: Run Behavior\ContentReplaceBehavior [ RunTime:0.000000s ]
INFO: [ template_filter ] --END-- [ RunTime:0.000000s ]
NOTIC: [8] Undefined index: cmt_reply D:\xampp\htdocs\tp\Application\Runtime\Cache\Admin\8e0fe332e783bb2d6ffc255d7235e76f.php 第 226 行.
INFO: Run Behavior\ParseTemplateBehavior [ RunTime:0.013000s ]
INFO: [ view_parse ] --END-- [ RunTime:0.013000s ]
INFO: [ view_filter ] --START--
INFO: Run Behavior\WriteHtmlCacheBehavior [ RunTime:0.001000s ]
INFO: [ view_filter ] --END-- [ RunTime:0.001000s ]
INFO: [ app_end ] --START--
INFO: Run Behavior\ShowPageTraceBehavior [ RunTime:0.001000s ]
INFO: [ app_end ] --END-- [ RunTime:0.001000s ]

[ 2015-12-01T16:46:06+08:00 ] ::1 /Admin/Product/comment/pid/1.html
INFO: [ app_init ] --START--
INFO: Run Behavior\BuildLiteBehavior [ RunTime:0.000000s ]
INFO: [ app_init ] --END-- [ RunTime:0.000000s ]
INFO: [ app_begin ] --START--
INFO: Run Behavior\ReadHtmlCacheBehavior [ RunTime:0.001000s ]
INFO: [ app_begin ] --END-- [ RunTime:0.001000s ]
SQL: SHOW COLUMNS FROM `ast_admin` [ RunTime:0.0030s ]
SQL: SELECT * FROM `ast_admin`  [ RunTime:0.0000s ]
SQL: SELECT * FROM `ast_admin` WHERE `admin_id` = 17 LIMIT 1   [ RunTime:0.0000s ]
SQL: SHOW COLUMNS FROM `ast_nav` [ RunTime:0.0030s ]
SQL: SELECT * FROM `ast_nav`  [ RunTime:0.0000s ]
SQL: SELECT COUNT(*) AS tp_count FROM `ast_admin` LIMIT 1   [ RunTime:0.0000s ]
NOTIC: [2] Missing argument 3 for getAdminPage(), called in D:\xampp\htdocs\tp\Application\Admin\Controller\CommonController.class.php on line 51 and defined D:\xampp\htdocs\tp\Application\Common\Common\function.php 第 3 行.
NOTIC: [8] Undefined variable: num D:\xampp\htdocs\tp\Application\Common\Common\function.php 第 4 行.
SQL: SELECT * FROM `ast_admin` ORDER BY admin_id LIMIT 0,10   [ RunTime:0.0000s ]
SQL: SHOW COLUMNS FROM `ast_procomment` [ RunTime:0.0020s ]
SQL: SELECT COUNT(*) AS tp_count FROM `ast_procomment` LIMIT 1   [ RunTime:0.0000s ]
SQL: SELECT * FROM `ast_procomment` WHERE `cmt_pro_id` = 1 LIMIT 0,10   [ RunTime:0.0000s ]
SQL: SHOW COLUMNS FROM `ast_procmt_reply` [ RunTime:0.0030s ]
SQL: SELECT * FROM `ast_procmt_reply`  [ RunTime:0.0010s ]
INFO: [ view_parse ] --START--
INFO: [ template_filter ] --START--
INFO: Run Behavior\ContentReplaceBehavior [ RunTime:0.000000s ]
INFO: [ template_filter ] --END-- [ RunTime:0.000000s ]
NOTIC: [8] Undefined index: cmt_reply D:\xampp\htdocs\tp\Application\Runtime\Cache\Admin\8e0fe332e783bb2d6ffc255d7235e76f.php 第 226 行.
INFO: Run Behavior\ParseTemplateBehavior [ RunTime:0.013000s ]
INFO: [ view_parse ] --END-- [ RunTime:0.013000s ]
INFO: [ view_filter ] --START--
INFO: Run Behavior\WriteHtmlCacheBehavior [ RunTime:0.000000s ]
INFO: [ view_filter ] --END-- [ RunTime:0.000000s ]
INFO: [ app_end ] --START--
INFO: Run Behavior\ShowPageTraceBehavior [ RunTime:0.000000s ]
INFO: [ app_end ] --END-- [ RunTime:0.000000s ]

[ 2015-12-01T16:46:09+08:00 ] ::1 /Admin/Member/add
INFO: [ app_init ] --START--
INFO: Run Behavior\BuildLiteBehavior [ RunTime:0.000000s ]
INFO: [ app_init ] --END-- [ RunTime:0.001000s ]
INFO: [ app_begin ] --START--
INFO: Run Behavior\ReadHtmlCacheBehavior [ RunTime:0.001000s ]
INFO: [ app_begin ] --END-- [ RunTime:0.001000s ]
SQL: SHOW COLUMNS FROM `ast_admin` [ RunTime:0.0030s ]
SQL: SELECT * FROM `ast_admin`  [ RunTime:0.0000s ]
SQL: SELECT * FROM `ast_admin` WHERE `admin_id` = 17 LIMIT 1   [ RunTime:0.0000s ]
SQL: SHOW COLUMNS FROM `ast_nav` [ RunTime:0.0020s ]
SQL: SELECT * FROM `ast_nav`  [ RunTime:0.0000s ]
SQL: SELECT COUNT(*) AS tp_count FROM `ast_admin` LIMIT 1   [ RunTime:0.0000s ]
NOTIC: [2] Missing argument 3 for getAdminPage(), called in D:\xampp\htdocs\tp\Application\Admin\Controller\CommonController.class.php on line 51 and defined D:\xampp\htdocs\tp\Application\Common\Common\function.php 第 3 行.
NOTIC: [8] Undefined variable: num D:\xampp\htdocs\tp\Application\Common\Common\function.php 第 4 行.
SQL: SELECT * FROM `ast_admin` ORDER BY admin_id LIMIT 0,10   [ RunTime:0.0000s ]
INFO: [ view_parse ] --START--
INFO: [ template_filter ] --START--
INFO: Run Behavior\ContentReplaceBehavior [ RunTime:0.000000s ]
INFO: [ template_filter ] --END-- [ RunTime:0.000000s ]
NOTIC: [8] Array to string conversion D:\xampp\htdocs\tp\Application\Runtime\Cache\Admin\cbac30b13a417c95dc977a1bb5ff6dbc.php 第 463 行.
NOTIC: [8] Undefined variable: url D:\xampp\htdocs\tp\Application\Runtime\Cache\Admin\cbac30b13a417c95dc977a1bb5ff6dbc.php 第 689 行.
NOTIC: [8] Undefined variable: url D:\xampp\htdocs\tp\Application\Runtime\Cache\Admin\cbac30b13a417c95dc977a1bb5ff6dbc.php 第 692 行.
NOTIC: [8] Undefined variable: url D:\xampp\htdocs\tp\Application\Runtime\Cache\Admin\cbac30b13a417c95dc977a1bb5ff6dbc.php 第 695 行.
INFO: Run Behavior\ParseTemplateBehavior [ RunTime:0.018001s ]
INFO: [ view_parse ] --END-- [ RunTime:0.018001s ]
INFO: [ view_filter ] --START--
INFO: Run Behavior\WriteHtmlCacheBehavior [ RunTime:0.000000s ]
INFO: [ view_filter ] --END-- [ RunTime:0.000000s ]
INFO: [ app_end ] --START--
INFO: Run Behavior\ShowPageTraceBehavior [ RunTime:0.001000s ]
INFO: [ app_end ] --END-- [ RunTime:0.001000s ]

[ 2015-12-01T16:46:29+08:00 ] ::1 /Admin/Member/add
INFO: [ app_init ] --START--
INFO: Run Behavior\BuildLiteBehavior [ RunTime:0.000000s ]
INFO: [ app_init ] --END-- [ RunTime:0.000000s ]
INFO: [ app_begin ] --START--
INFO: Run Behavior\ReadHtmlCacheBehavior [ RunTime:0.001000s ]
INFO: [ app_begin ] --END-- [ RunTime:0.001000s ]
SQL: SHOW COLUMNS FROM `ast_admin` [ RunTime:0.0020s ]
SQL: SELECT * FROM `ast_admin`  [ RunTime:0.0010s ]
SQL: SELECT * FROM `ast_admin` WHERE `admin_id` = 17 LIMIT 1   [ RunTime:0.0000s ]
SQL: SHOW COLUMNS FROM `ast_nav` [ RunTime:0.0030s ]
SQL: SELECT * FROM `ast_nav`  [ RunTime:0.0000s ]
SQL: SELECT COUNT(*) AS tp_count FROM `ast_admin` LIMIT 1   [ RunTime:0.0000s ]
NOTIC: [2] Missing argument 3 for getAdminPage(), called in D:\xampp\htdocs\tp\Application\Admin\Controller\CommonController.class.php on line 51 and defined D:\xampp\htdocs\tp\Application\Common\Common\function.php 第 3 行.
NOTIC: [8] Undefined variable: num D:\xampp\htdocs\tp\Application\Common\Common\function.php 第 4 行.
SQL: SELECT * FROM `ast_admin` ORDER BY admin_id LIMIT 0,10   [ RunTime:0.0000s ]
INFO: [ view_parse ] --START--
INFO: [ template_filter ] --START--
INFO: Run Behavior\ContentReplaceBehavior [ RunTime:0.000000s ]
INFO: [ template_filter ] --END-- [ RunTime:0.000000s ]
NOTIC: [8] Array to string conversion D:\xampp\htdocs\tp\Application\Runtime\Cache\Admin\cbac30b13a417c95dc977a1bb5ff6dbc.php 第 463 行.
NOTIC: [8] Undefined variable: url D:\xampp\htdocs\tp\Application\Runtime\Cache\Admin\cbac30b13a417c95dc977a1bb5ff6dbc.php 第 689 行.
NOTIC: [8] Undefined variable: url D:\xampp\htdocs\tp\Application\Runtime\Cache\Admin\cbac30b13a417c95dc977a1bb5ff6dbc.php 第 692 行.
NOTIC: [8] Undefined variable: url D:\xampp\htdocs\tp\Application\Runtime\Cache\Admin\cbac30b13a417c95dc977a1bb5ff6dbc.php 第 695 行.
INFO: Run Behavior\ParseTemplateBehavior [ RunTime:0.018001s ]
INFO: [ view_parse ] --END-- [ RunTime:0.018001s ]
INFO: [ view_filter ] --START--
INFO: Run Behavior\WriteHtmlCacheBehavior [ RunTime:0.000000s ]
INFO: [ view_filter ] --END-- [ RunTime:0.001000s ]
INFO: [ app_end ] --START--
INFO: Run Behavior\ShowPageTraceBehavior [ RunTime:0.000000s ]
INFO: [ app_end ] --END-- [ RunTime:0.000000s ]

[ 2015-12-01T16:48:07+08:00 ] ::1 /Admin/Member/add
INFO: [ app_init ] --START--
INFO: Run Behavior\BuildLiteBehavior [ RunTime:0.000000s ]
INFO: [ app_init ] --END-- [ RunTime:0.001000s ]
INFO: [ app_begin ] --START--
INFO: Run Behavior\ReadHtmlCacheBehavior [ RunTime:0.000000s ]
INFO: [ app_begin ] --END-- [ RunTime:0.000000s ]
SQL: SHOW COLUMNS FROM `ast_admin` [ RunTime:0.0020s ]
SQL: SELECT * FROM `ast_admin`  [ RunTime:0.0000s ]
SQL: SELECT * FROM `ast_admin` WHERE `admin_id` = 17 LIMIT 1   [ RunTime:0.0000s ]
SQL: SHOW COLUMNS FROM `ast_nav` [ RunTime:0.0030s ]
SQL: SELECT * FROM `ast_nav`  [ RunTime:0.0000s ]
SQL: SELECT COUNT(*) AS tp_count FROM `ast_admin` LIMIT 1   [ RunTime:0.0000s ]
NOTIC: [2] Missing argument 3 for getAdminPage(), called in D:\xampp\htdocs\tp\Application\Admin\Controller\CommonController.class.php on line 51 and defined D:\xampp\htdocs\tp\Application\Common\Common\function.php 第 3 行.
NOTIC: [8] Undefined variable: num D:\xampp\htdocs\tp\Application\Common\Common\function.php 第 4 行.
SQL: SELECT * FROM `ast_admin` ORDER BY admin_id LIMIT 0,10   [ RunTime:0.0010s ]
INFO: [ view_parse ] --START--
INFO: [ template_filter ] --START--
INFO: Run Behavior\ContentReplaceBehavior [ RunTime:0.001000s ]
INFO: [ template_filter ] --END-- [ RunTime:0.001000s ]
NOTIC: [8] Array to string conversion D:\xampp\htdocs\tp\Application\Runtime\Cache\Admin\cbac30b13a417c95dc977a1bb5ff6dbc.php 第 463 行.
NOTIC: [8] Undefined variable: url D:\xampp\htdocs\tp\Application\Runtime\Cache\Admin\cbac30b13a417c95dc977a1bb5ff6dbc.php 第 689 行.
NOTIC: [8] Undefined variable: url D:\xampp\htdocs\tp\Application\Runtime\Cache\Admin\cbac30b13a417c95dc977a1bb5ff6dbc.php 第 692 行.
NOTIC: [8] Undefined variable: url D:\xampp\htdocs\tp\Application\Runtime\Cache\Admin\cbac30b13a417c95dc977a1bb5ff6dbc.php 第 695 行.
INFO: Run Behavior\ParseTemplateBehavior [ RunTime:0.019002s ]
INFO: [ view_parse ] --END-- [ RunTime:0.019002s ]
INFO: [ view_filter ] --START--
INFO: Run Behavior\WriteHtmlCacheBehavior [ RunTime:0.001000s ]
INFO: [ view_filter ] --END-- [ RunTime:0.001000s ]
INFO: [ app_end ] --START--
INFO: Run Behavior\ShowPageTraceBehavior [ RunTime:0.001000s ]
INFO: [ app_end ] --END-- [ RunTime:0.001000s ]

[ 2015-12-01T16:48:10+08:00 ] ::1 /Admin/Member/add
INFO: [ app_init ] --START--
INFO: Run Behavior\BuildLiteBehavior [ RunTime:0.000000s ]
INFO: [ app_init ] --END-- [ RunTime:0.001000s ]
INFO: [ app_begin ] --START--
INFO: Run Behavior\ReadHtmlCacheBehavior [ RunTime:0.001001s ]
INFO: [ app_begin ] --END-- [ RunTime:0.001001s ]
SQL: SHOW COLUMNS FROM `ast_admin` [ RunTime:0.0020s ]
SQL: SELECT * FROM `ast_admin`  [ RunTime:0.0000s ]
SQL: SELECT * FROM `ast_admin` WHERE `admin_id` = 17 LIMIT 1   [ RunTime:0.0000s ]
SQL: SHOW COLUMNS FROM `ast_nav` [ RunTime:0.0020s ]
SQL: SELECT * FROM `ast_nav`  [ RunTime:0.0000s ]
SQL: SELECT COUNT(*) AS tp_count FROM `ast_admin` LIMIT 1   [ RunTime:0.0000s ]
NOTIC: [2] Missing argument 3 for getAdminPage(), called in D:\xampp\htdocs\tp\Application\Admin\Controller\CommonController.class.php on line 51 and defined D:\xampp\htdocs\tp\Application\Common\Common\function.php 第 3 行.
NOTIC: [8] Undefined variable: num D:\xampp\htdocs\tp\Application\Common\Common\function.php 第 4 行.
SQL: SELECT * FROM `ast_admin` ORDER BY admin_id LIMIT 0,10   [ RunTime:0.0010s ]
SQL: SHOW COLUMNS FROM `ast_member` [ RunTime:0.0030s ]
SQL: INSERT INTO `ast_member` (`vip_username`,`vip_password`,`vip_addtime`,`vip_relname`,`vip_tel`,`vip_mail`,`vip_address`,`vip_birthday`,`vip_sex`,`vip_zipCode`,`vip_fixedTel`) VALUES ('','','1448959690','','','','','','','','') [ RunTime:0.0010s ]
INFO: [ view_parse ] --START--
INFO: [ template_filter ] --START--
INFO: Run Behavior\ContentReplaceBehavior [ RunTime:0.001001s ]
INFO: [ template_filter ] --END-- [ RunTime:0.001001s ]
NOTIC: [8] Array to string conversion D:\xampp\htdocs\tp\Application\Runtime\Cache\Admin\cbac30b13a417c95dc977a1bb5ff6dbc.php 第 463 行.
NOTIC: [8] Undefined variable: url D:\xampp\htdocs\tp\Application\Runtime\Cache\Admin\cbac30b13a417c95dc977a1bb5ff6dbc.php 第 689 行.
NOTIC: [8] Undefined variable: url D:\xampp\htdocs\tp\Application\Runtime\Cache\Admin\cbac30b13a417c95dc977a1bb5ff6dbc.php 第 692 行.
NOTIC: [8] Undefined variable: url D:\xampp\htdocs\tp\Application\Runtime\Cache\Admin\cbac30b13a417c95dc977a1bb5ff6dbc.php 第 695 行.
INFO: Run Behavior\ParseTemplateBehavior [ RunTime:0.017001s ]
INFO: [ view_parse ] --END-- [ RunTime:0.017001s ]
INFO: [ view_filter ] --START--
INFO: Run Behavior\WriteHtmlCacheBehavior [ RunTime:0.000000s ]
INFO: [ view_filter ] --END-- [ RunTime:0.000000s ]
INFO: [ app_end ] --START--
INFO: Run Behavior\ShowPageTraceBehavior [ RunTime:0.000000s ]
INFO: [ app_end ] --END-- [ RunTime:0.000000s ]

[ 2015-12-01T16:48:10+08:00 ] ::1 /Admin/Member/index
INFO: [ app_init ] --START--
INFO: Run Behavior\BuildLiteBehavior [ RunTime:0.000000s ]
INFO: [ app_init ] --END-- [ RunTime:0.001000s ]
INFO: [ app_begin ] --START--
INFO: Run Behavior\ReadHtmlCacheBehavior [ RunTime:0.001000s ]
INFO: [ app_begin ] --END-- [ RunTime:0.001000s ]
SQL: SHOW COLUMNS FROM `ast_admin` [ RunTime:0.0030s ]
SQL: SELECT * FROM `ast_admin`  [ RunTime:0.0010s ]
SQL: SELECT * FROM `ast_admin` WHERE `admin_id` = 17 LIMIT 1   [ RunTime:0.0000s ]
SQL: SHOW COLUMNS FROM `ast_nav` [ RunTime:0.0030s ]
SQL: SELECT * FROM `ast_nav`  [ RunTime:0.0010s ]
SQL: SELECT COUNT(*) AS tp_count FROM `ast_admin` LIMIT 1   [ RunTime:0.0000s ]
NOTIC: [2] Missing argument 3 for getAdminPage(), called in D:\xampp\htdocs\tp\Application\Admin\Controller\CommonController.class.php on line 51 and defined D:\xampp\htdocs\tp\Application\Common\Common\function.php 第 3 行.
NOTIC: [8] Undefined variable: num D:\xampp\htdocs\tp\Application\Common\Common\function.php 第 4 行.
SQL: SELECT * FROM `ast_admin` ORDER BY admin_id LIMIT 0,10   [ RunTime:0.0000s ]
SQL: SHOW COLUMNS FROM `ast_member` [ RunTime:0.0020s ]
SQL: SELECT COUNT(*) AS tp_count FROM `ast_member` LIMIT 1   [ RunTime:0.0000s ]
SQL: SELECT * FROM `ast_member` ORDER BY vip_addtime DESC LIMIT 0,10   [ RunTime:0.0000s ]
INFO: [ view_parse ] --START--
INFO: [ template_filter ] --START--
INFO: Run Behavior\ContentReplaceBehavior [ RunTime:0.001001s ]
INFO: [ template_filter ] --END-- [ RunTime:0.001001s ]
NOTIC: [8] Use of undefined constant 男 - assumed '男' D:\xampp\htdocs\tp\Application\Runtime\Cache\Admin\cd4483014f2e11fff8848d4b0b1995b7.php 第 289 行.
NOTIC: [8] Use of undefined constant 男 - assumed '男' D:\xampp\htdocs\tp\Application\Runtime\Cache\Admin\cd4483014f2e11fff8848d4b0b1995b7.php 第 289 行.
NOTIC: [8] Use of undefined constant 男 - assumed '男' D:\xampp\htdocs\tp\Application\Runtime\Cache\Admin\cd4483014f2e11fff8848d4b0b1995b7.php 第 289 行.
NOTIC: [8] Use of undefined constant 男 - assumed '男' D:\xampp\htdocs\tp\Application\Runtime\Cache\Admin\cd4483014f2e11fff8848d4b0b1995b7.php 第 289 行.
NOTIC: [8] Use of undefined constant 男 - assumed '男' D:\xampp\htdocs\tp\Application\Runtime\Cache\Admin\cd4483014f2e11fff8848d4b0b1995b7.php 第 289 行.
NOTIC: [8] Use of undefined constant 男 - assumed '男' D:\xampp\htdocs\tp\Application\Runtime\Cache\Admin\cd4483014f2e11fff8848d4b0b1995b7.php 第 289 行.
NOTIC: [8] Use of undefined constant 男 - assumed '男' D:\xampp\htdocs\tp\Application\Runtime\Cache\Admin\cd4483014f2e11fff8848d4b0b1995b7.php 第 289 行.
NOTIC: [8] Use of undefined constant 男 - assumed '男' D:\xampp\htdocs\tp\Application\Runtime\Cache\Admin\cd4483014f2e11fff8848d4b0b1995b7.php 第 289 行.
NOTIC: [8] Array to string conversion D:\xampp\htdocs\tp\Application\Runtime\Cache\Admin\cd4483014f2e11fff8848d4b0b1995b7.php 第 505 行.
NOTIC: [8] Undefined variable: url D:\xampp\htdocs\tp\Application\Runtime\Cache\Admin\cd4483014f2e11fff8848d4b0b1995b7.php 第 731 行.
NOTIC: [8] Undefined variable: url D:\xampp\htdocs\tp\Application\Runtime\Cache\Admin\cd4483014f2e11fff8848d4b0b1995b7.php 第 734 行.
NOTIC: [8] Undefined variable: url D:\xampp\htdocs\tp\Application\Runtime\Cache\Admin\cd4483014f2e11fff8848d4b0b1995b7.php 第 737 行.
INFO: Run Behavior\ParseTemplateBehavior [ RunTime:0.021001s ]
INFO: [ view_parse ] --END-- [ RunTime:0.021001s ]
INFO: [ view_filter ] --START--
INFO: Run Behavior\WriteHtmlCacheBehavior [ RunTime:0.000000s ]
INFO: [ view_filter ] --END-- [ RunTime:0.001000s ]
INFO: [ app_end ] --START--
INFO: Run Behavior\ShowPageTraceBehavior [ RunTime:0.000000s ]
INFO: [ app_end ] --END-- [ RunTime:0.000000s ]

[ 2015-12-01T16:48:12+08:00 ] ::1 /Admin/Member/delVip/vip_id/17.html
INFO: [ app_init ] --START--
INFO: Run Behavior\BuildLiteBehavior [ RunTime:0.000000s ]
INFO: [ app_init ] --END-- [ RunTime:0.001000s ]
INFO: [ app_begin ] --START--
INFO: Run Behavior\ReadHtmlCacheBehavior [ RunTime:0.001000s ]
INFO: [ app_begin ] --END-- [ RunTime:0.001000s ]
SQL: SHOW COLUMNS FROM `ast_admin` [ RunTime:0.0030s ]
SQL: SELECT * FROM `ast_admin`  [ RunTime:0.0000s ]
SQL: SELECT * FROM `ast_admin` WHERE `admin_id` = 17 LIMIT 1   [ RunTime:0.0000s ]
SQL: SHOW COLUMNS FROM `ast_nav` [ RunTime:0.0020s ]
SQL: SELECT * FROM `ast_nav`  [ RunTime:0.0000s ]
SQL: SELECT COUNT(*) AS tp_count FROM `ast_admin` LIMIT 1   [ RunTime:0.0000s ]
NOTIC: [2] Missing argument 3 for getAdminPage(), called in D:\xampp\htdocs\tp\Application\Admin\Controller\CommonController.class.php on line 51 and defined D:\xampp\htdocs\tp\Application\Common\Common\function.php 第 3 行.
NOTIC: [8] Undefined variable: num D:\xampp\htdocs\tp\Application\Common\Common\function.php 第 4 行.
SQL: SELECT * FROM `ast_admin` ORDER BY admin_id LIMIT 0,10   [ RunTime:0.0000s ]
SQL: SHOW COLUMNS FROM `ast_member` [ RunTime:0.0020s ]
SQL: DELETE FROM `ast_member` WHERE `vip_id` = 17 [ RunTime:0.0000s ]
INFO: [ app_end ] --START--
INFO: Run Behavior\ShowPageTraceBehavior [ RunTime:0.000000s ]
INFO: [ app_end ] --END-- [ RunTime:0.000000s ]

[ 2015-12-01T16:48:12+08:00 ] ::1 /Admin/Member/index
INFO: [ app_init ] --START--
INFO: Run Behavior\BuildLiteBehavior [ RunTime:0.000000s ]
INFO: [ app_init ] --END-- [ RunTime:0.000000s ]
INFO: [ app_begin ] --START--
INFO: Run Behavior\ReadHtmlCacheBehavior [ RunTime:0.000000s ]
INFO: [ app_begin ] --END-- [ RunTime:0.001000s ]
SQL: SHOW COLUMNS FROM `ast_admin` [ RunTime:0.0030s ]
SQL: SELECT * FROM `ast_admin`  [ RunTime:0.0000s ]
SQL: SELECT * FROM `ast_admin` WHERE `admin_id` = 17 LIMIT 1   [ RunTime:0.0000s ]
SQL: SHOW COLUMNS FROM `ast_nav` [ RunTime:0.0030s ]
SQL: SELECT * FROM `ast_nav`  [ RunTime:0.0010s ]
SQL: SELECT COUNT(*) AS tp_count FROM `ast_admin` LIMIT 1   [ RunTime:0.0000s ]
NOTIC: [2] Missing argument 3 for getAdminPage(), called in D:\xampp\htdocs\tp\Application\Admin\Controller\CommonController.class.php on line 51 and defined D:\xampp\htdocs\tp\Application\Common\Common\function.php 第 3 行.
NOTIC: [8] Undefined variable: num D:\xampp\htdocs\tp\Application\Common\Common\function.php 第 4 行.
SQL: SELECT * FROM `ast_admin` ORDER BY admin_id LIMIT 0,10   [ RunTime:0.0010s ]
SQL: SHOW COLUMNS FROM `ast_member` [ RunTime:0.0020s ]
SQL: SELECT COUNT(*) AS tp_count FROM `ast_member` LIMIT 1   [ RunTime:0.0010s ]
SQL: SELECT * FROM `ast_member` ORDER BY vip_addtime DESC LIMIT 0,10   [ RunTime:0.0000s ]
INFO: [ view_parse ] --START--
INFO: [ template_filter ] --START--
INFO: Run Behavior\ContentReplaceBehavior [ RunTime:0.000000s ]
INFO: [ template_filter ] --END-- [ RunTime:0.000000s ]
NOTIC: [8] Use of undefined constant 男 - assumed '男' D:\xampp\htdocs\tp\Application\Runtime\Cache\Admin\cd4483014f2e11fff8848d4b0b1995b7.php 第 289 行.
NOTIC: [8] Use of undefined constant 男 - assumed '男' D:\xampp\htdocs\tp\Application\Runtime\Cache\Admin\cd4483014f2e11fff8848d4b0b1995b7.php 第 289 行.
NOTIC: [8] Use of undefined constant 男 - assumed '男' D:\xampp\htdocs\tp\Application\Runtime\Cache\Admin\cd4483014f2e11fff8848d4b0b1995b7.php 第 289 行.
NOTIC: [8] Use of undefined constant 男 - assumed '男' D:\xampp\htdocs\tp\Application\Runtime\Cache\Admin\cd4483014f2e11fff8848d4b0b1995b7.php 第 289 行.
NOTIC: [8] Use of undefined constant 男 - assumed '男' D:\xampp\htdocs\tp\Application\Runtime\Cache\Admin\cd4483014f2e11fff8848d4b0b1995b7.php 第 289 行.
NOTIC: [8] Use of undefined constant 男 - assumed '男' D:\xampp\htdocs\tp\Application\Runtime\Cache\Admin\cd4483014f2e11fff8848d4b0b1995b7.php 第 289 行.
NOTIC: [8] Use of undefined constant 男 - assumed '男' D:\xampp\htdocs\tp\Application\Runtime\Cache\Admin\cd4483014f2e11fff8848d4b0b1995b7.php 第 289 行.
NOTIC: [8] Array to string conversion D:\xampp\htdocs\tp\Application\Runtime\Cache\Admin\cd4483014f2e11fff8848d4b0b1995b7.php 第 505 行.
NOTIC: [8] Undefined variable: url D:\xampp\htdocs\tp\Application\Runtime\Cache\Admin\cd4483014f2e11fff8848d4b0b1995b7.php 第 731 行.
NOTIC: [8] Undefined variable: url D:\xampp\htdocs\tp\Application\Runtime\Cache\Admin\cd4483014f2e11fff8848d4b0b1995b7.php 第 734 行.
NOTIC: [8] Undefined variable: url D:\xampp\htdocs\tp\Application\Runtime\Cache\Admin\cd4483014f2e11fff8848d4b0b1995b7.php 第 737 行.
INFO: Run Behavior\ParseTemplateBehavior [ RunTime:0.020001s ]
INFO: [ view_parse ] --END-- [ RunTime:0.020001s ]
INFO: [ view_filter ] --START--
INFO: Run Behavior\WriteHtmlCacheBehavior [ RunTime:0.000000s ]
INFO: [ view_filter ] --END-- [ RunTime:0.000000s ]
INFO: [ app_end ] --START--
INFO: Run Behavior\ShowPageTraceBehavior [ RunTime:0.000000s ]
INFO: [ app_end ] --END-- [ RunTime:0.000000s ]

[ 2015-12-01T16:48:17+08:00 ] ::1 /Admin/Member/add
INFO: [ app_init ] --START--
INFO: Run Behavior\BuildLiteBehavior [ RunTime:0.000000s ]
INFO: [ app_init ] --END-- [ RunTime:0.000000s ]
INFO: [ app_begin ] --START--
INFO: Run Behavior\ReadHtmlCacheBehavior [ RunTime:0.000000s ]
INFO: [ app_begin ] --END-- [ RunTime:0.000000s ]
SQL: SHOW COLUMNS FROM `ast_admin` [ RunTime:0.0030s ]
SQL: SELECT * FROM `ast_admin`  [ RunTime:0.0010s ]
SQL: SELECT * FROM `ast_admin` WHERE `admin_id` = 17 LIMIT 1   [ RunTime:0.0000s ]
SQL: SHOW COLUMNS FROM `ast_nav` [ RunTime:0.0030s ]
SQL: SELECT * FROM `ast_nav`  [ RunTime:0.0000s ]
SQL: SELECT COUNT(*) AS tp_count FROM `ast_admin` LIMIT 1   [ RunTime:0.0000s ]
NOTIC: [2] Missing argument 3 for getAdminPage(), called in D:\xampp\htdocs\tp\Application\Admin\Controller\CommonController.class.php on line 51 and defined D:\xampp\htdocs\tp\Application\Common\Common\function.php 第 3 行.
NOTIC: [8] Undefined variable: num D:\xampp\htdocs\tp\Application\Common\Common\function.php 第 4 行.
SQL: SELECT * FROM `ast_admin` ORDER BY admin_id LIMIT 0,10   [ RunTime:0.0000s ]
INFO: [ view_parse ] --START--
INFO: [ template_filter ] --START--
INFO: Run Behavior\ContentReplaceBehavior [ RunTime:0.000000s ]
INFO: [ template_filter ] --END-- [ RunTime:0.000000s ]
NOTIC: [8] Array to string conversion D:\xampp\htdocs\tp\Application\Runtime\Cache\Admin\cbac30b13a417c95dc977a1bb5ff6dbc.php 第 463 行.
NOTIC: [8] Undefined variable: url D:\xampp\htdocs\tp\Application\Runtime\Cache\Admin\cbac30b13a417c95dc977a1bb5ff6dbc.php 第 689 行.
NOTIC: [8] Undefined variable: url D:\xampp\htdocs\tp\Application\Runtime\Cache\Admin\cbac30b13a417c95dc977a1bb5ff6dbc.php 第 692 行.
NOTIC: [8] Undefined variable: url D:\xampp\htdocs\tp\Application\Runtime\Cache\Admin\cbac30b13a417c95dc977a1bb5ff6dbc.php 第 695 行.
INFO: Run Behavior\ParseTemplateBehavior [ RunTime:0.018001s ]
INFO: [ view_parse ] --END-- [ RunTime:0.018001s ]
INFO: [ view_filter ] --START--
INFO: Run Behavior\WriteHtmlCacheBehavior [ RunTime:0.001000s ]
INFO: [ view_filter ] --END-- [ RunTime:0.001000s ]
INFO: [ app_end ] --START--
INFO: Run Behavior\ShowPageTraceBehavior [ RunTime:0.001000s ]
INFO: [ app_end ] --END-- [ RunTime:0.001000s ]

[ 2015-12-01T16:55:25+08:00 ] ::1 /Admin/Message/index
INFO: [ app_init ] --START--
INFO: Run Behavior\BuildLiteBehavior [ RunTime:0.000000s ]
INFO: [ app_init ] --END-- [ RunTime:0.000000s ]
INFO: [ app_begin ] --START--
INFO: Run Behavior\ReadHtmlCacheBehavior [ RunTime:0.001000s ]
INFO: [ app_begin ] --END-- [ RunTime:0.001000s ]
SQL: SHOW COLUMNS FROM `ast_admin` [ RunTime:0.0030s ]
SQL: SELECT * FROM `ast_admin`  [ RunTime:0.0000s ]
SQL: SELECT * FROM `ast_admin` WHERE `admin_id` = 17 LIMIT 1   [ RunTime:0.0000s ]
SQL: SHOW COLUMNS FROM `ast_nav` [ RunTime:0.0030s ]
SQL: SELECT * FROM `ast_nav`  [ RunTime:0.0000s ]
SQL: SELECT COUNT(*) AS tp_count FROM `ast_admin` LIMIT 1   [ RunTime:0.0000s ]
NOTIC: [2] Missing argument 3 for getAdminPage(), called in D:\xampp\htdocs\tp\Application\Admin\Controller\CommonController.class.php on line 51 and defined D:\xampp\htdocs\tp\Application\Common\Common\function.php 第 3 行.
NOTIC: [8] Undefined variable: num D:\xampp\htdocs\tp\Application\Common\Common\function.php 第 4 行.
SQL: SELECT * FROM `ast_admin` ORDER BY admin_id LIMIT 0,10   [ RunTime:0.0000s ]
SQL: SHOW COLUMNS FROM `ast_message` [ RunTime:0.0020s ]
SQL: SELECT COUNT(*) AS tp_count FROM `ast_message` LIMIT 1   [ RunTime:0.0010s ]
SQL: SELECT * FROM `ast_message` ORDER BY msg_addtime DESC LIMIT 0,10   [ RunTime:0.0000s ]
INFO: [ view_parse ] --START--
INFO: [ template_filter ] --START--
INFO: Run Behavior\ContentReplaceBehavior [ RunTime:0.001000s ]
INFO: [ template_filter ] --END-- [ RunTime:0.001000s ]
INFO: Run Behavior\ParseTemplateBehavior [ RunTime:0.013001s ]
INFO: [ view_parse ] --END-- [ RunTime:0.013001s ]
INFO: [ view_filter ] --START--
INFO: Run Behavior\WriteHtmlCacheBehavior [ RunTime:0.000000s ]
INFO: [ view_filter ] --END-- [ RunTime:0.000000s ]
INFO: [ app_end ] --START--
INFO: Run Behavior\ShowPageTraceBehavior [ RunTime:0.004000s ]
INFO: [ app_end ] --END-- [ RunTime:0.004000s ]

[ 2015-12-01T16:55:36+08:00 ] ::1 /Admin/Product/index
INFO: [ app_init ] --START--
INFO: Run Behavior\BuildLiteBehavior [ RunTime:0.000000s ]
INFO: [ app_init ] --END-- [ RunTime:0.000000s ]
INFO: [ app_begin ] --START--
INFO: Run Behavior\ReadHtmlCacheBehavior [ RunTime:0.001000s ]
INFO: [ app_begin ] --END-- [ RunTime:0.001000s ]
SQL: SHOW COLUMNS FROM `ast_admin` [ RunTime:0.0030s ]
SQL: SELECT * FROM `ast_admin`  [ RunTime:0.0010s ]
SQL: SELECT * FROM `ast_admin` WHERE `admin_id` = 17 LIMIT 1   [ RunTime:0.0000s ]
SQL: SHOW COLUMNS FROM `ast_nav` [ RunTime:0.0030s ]
SQL: SELECT * FROM `ast_nav`  [ RunTime:0.0000s ]
SQL: SELECT COUNT(*) AS tp_count FROM `ast_admin` LIMIT 1   [ RunTime:0.0000s ]
NOTIC: [2] Missing argument 3 for getAdminPage(), called in D:\xampp\htdocs\tp\Application\Admin\Controller\CommonController.class.php on line 51 and defined D:\xampp\htdocs\tp\Application\Common\Common\function.php 第 3 行.
NOTIC: [8] Undefined variable: num D:\xampp\htdocs\tp\Application\Common\Common\function.php 第 4 行.
SQL: SELECT * FROM `ast_admin` ORDER BY admin_id LIMIT 0,10   [ RunTime:0.0000s ]
SQL: SHOW COLUMNS FROM `ast_product` [ RunTime:0.0030s ]
SQL: SHOW COLUMNS FROM `ast_procate` [ RunTime:0.0030s ]
SQL: SELECT * FROM `ast_procate` WHERE `cate_id` = 0 LIMIT 1   [ RunTime:0.0000s ]
SQL: SELECT * FROM `ast_procate` WHERE `cate_id` = 0 LIMIT 1   [ RunTime:0.0000s ]
SQL: SELECT * FROM `ast_procate` WHERE `cate_pid` = 0  [ RunTime:0.0010s ]
SQL: SELECT * FROM `ast_procate` WHERE `cate_pid` = 0  [ RunTime:0.0000s ]
SQL: SELECT COUNT(*) AS tp_count FROM `ast_product` LIMIT 1   [ RunTime:0.0000s ]
SQL: SELECT * FROM `ast_product` INNER JOIN `ast_procate` ON ast_product.pro_cate_id = ast_procate.cate_id  ORDER BY pro_addtime DESC LIMIT 0,10   [ RunTime:0.0000s ]
SQL: SHOW COLUMNS FROM `ast_procomment` [ RunTime:0.0020s ]
SQL: SELECT * FROM `ast_procomment`  [ RunTime:0.0000s ]
NOTIC: [8] Undefined index: mentNum D:\xampp\htdocs\tp\Application\Admin\Controller\ProductController.class.php 第 74 行.
INFO: [ view_parse ] --START--
INFO: [ template_filter ] --START--
INFO: Run Behavior\ContentReplaceBehavior [ RunTime:0.001000s ]
INFO: [ template_filter ] --END-- [ RunTime:0.001000s ]
NOTIC: [8] Undefined index: mentNum D:\xampp\htdocs\tp\Application\Runtime\Cache\Admin\34e4b095905075aaede5ee9039415509.php 第 158 行.
NOTIC: [8] Undefined index: mentNum D:\xampp\htdocs\tp\Application\Runtime\Cache\Admin\34e4b095905075aaede5ee9039415509.php 第 158 行.
NOTIC: [8] Undefined index: mentNum D:\xampp\htdocs\tp\Application\Runtime\Cache\Admin\34e4b095905075aaede5ee9039415509.php 第 158 行.
NOTIC: [8] Undefined index: mentNum D:\xampp\htdocs\tp\Application\Runtime\Cache\Admin\34e4b095905075aaede5ee9039415509.php 第 158 行.
NOTIC: [8] Array to string conversion D:\xampp\htdocs\tp\Application\Runtime\Cache\Admin\34e4b095905075aaede5ee9039415509.php 第 379 行.
INFO: Run Behavior\ParseTemplateBehavior [ RunTime:0.022001s ]
INFO: [ view_parse ] --END-- [ RunTime:0.022001s ]
INFO: [ view_filter ] --START--
INFO: Run Behavior\WriteHtmlCacheBehavior [ RunTime:0.001000s ]
INFO: [ view_filter ] --END-- [ RunTime:0.001000s ]
INFO: [ app_end ] --START--
INFO: Run Behavior\ShowPageTraceBehavior [ RunTime:0.001000s ]
INFO: [ app_end ] --END-- [ RunTime:0.001000s ]

[ 2015-12-01T17:07:18+08:00 ] ::1 /Admin/Product/index
INFO: [ app_init ] --START--
INFO: Run Behavior\BuildLiteBehavior [ RunTime:0.000000s ]
INFO: [ app_init ] --END-- [ RunTime:0.000000s ]
INFO: [ app_begin ] --START--
INFO: Run Behavior\ReadHtmlCacheBehavior [ RunTime:0.010000s ]
INFO: [ app_begin ] --END-- [ RunTime:0.010000s ]
SQL: SHOW COLUMNS FROM `ast_admin` [ RunTime:0.0000s ]
SQL: SELECT * FROM `ast_admin`  [ RunTime:0.0000s ]
SQL: SELECT * FROM `ast_admin` WHERE `admin_id` = 17 LIMIT 1   [ RunTime:0.0000s ]
SQL: SHOW COLUMNS FROM `ast_nav` [ RunTime:0.0100s ]
SQL: SELECT * FROM `ast_nav`  [ RunTime:0.0000s ]
SQL: SELECT COUNT(*) AS tp_count FROM `ast_admin` LIMIT 1   [ RunTime:0.0000s ]
NOTIC: [2] Missing argument 3 for getAdminPage(), called in D:\xampp\htdocs\tp\Application\Admin\Controller\CommonController.class.php on line 51 and defined D:\xampp\htdocs\tp\Application\Common\Common\function.php 第 3 行.
NOTIC: [8] Undefined variable: num D:\xampp\htdocs\tp\Application\Common\Common\function.php 第 4 行.
SQL: SELECT * FROM `ast_admin` ORDER BY admin_id LIMIT 0,10   [ RunTime:0.0000s ]
SQL: SHOW COLUMNS FROM `ast_product` [ RunTime:0.0000s ]
SQL: SHOW COLUMNS FROM `ast_procate` [ RunTime:0.0000s ]
SQL: SELECT * FROM `ast_procate` WHERE `cate_id` = 0 LIMIT 1   [ RunTime:0.0000s ]
SQL: SELECT * FROM `ast_procate` WHERE `cate_id` = 0 LIMIT 1   [ RunTime:0.0000s ]
SQL: SELECT * FROM `ast_procate` WHERE `cate_pid` = 0  [ RunTime:0.0000s ]
SQL: SELECT * FROM `ast_procate` WHERE `cate_pid` = 0  [ RunTime:0.0000s ]
SQL: SELECT COUNT(*) AS tp_count FROM `ast_product` LIMIT 1   [ RunTime:0.0000s ]
SQL: SELECT * FROM `ast_product` INNER JOIN `ast_procate` ON ast_product.pro_cate_id = ast_procate.cate_id  ORDER BY pro_addtime DESC LIMIT 0,10   [ RunTime:0.0000s ]
SQL: SHOW COLUMNS FROM `ast_procomment` [ RunTime:0.0100s ]
SQL: SELECT * FROM `ast_procomment`  [ RunTime:0.0000s ]
NOTIC: [8] Undefined index: mentNum D:\xampp\htdocs\tp\Application\Admin\Controller\ProductController.class.php 第 74 行.
INFO: [ view_parse ] --START--
INFO: [ template_filter ] --START--
INFO: Run Behavior\ContentReplaceBehavior [ RunTime:0.000000s ]
INFO: [ template_filter ] --END-- [ RunTime:0.000000s ]
NOTIC: [8] Undefined index: mentNum D:\xampp\htdocs\tp\Application\Runtime\Cache\Admin\34e4b095905075aaede5ee9039415509.php 第 158 行.
NOTIC: [8] Undefined index: mentNum D:\xampp\htdocs\tp\Application\Runtime\Cache\Admin\34e4b095905075aaede5ee9039415509.php 第 158 行.
NOTIC: [8] Undefined index: mentNum D:\xampp\htdocs\tp\Application\Runtime\Cache\Admin\34e4b095905075aaede5ee9039415509.php 第 158 行.
NOTIC: [8] Undefined index: mentNum D:\xampp\htdocs\tp\Application\Runtime\Cache\Admin\34e4b095905075aaede5ee9039415509.php 第 158 行.
NOTIC: [8] Array to string conversion D:\xampp\htdocs\tp\Application\Runtime\Cache\Admin\34e4b095905075aaede5ee9039415509.php 第 379 行.
INFO: Run Behavior\ParseTemplateBehavior [ RunTime:0.020000s ]
INFO: [ view_parse ] --END-- [ RunTime:0.020000s ]
INFO: [ view_filter ] --START--
INFO: Run Behavior\WriteHtmlCacheBehavior [ RunTime:0.000000s ]
INFO: [ view_filter ] --END-- [ RunTime:0.000000s ]
INFO: [ app_end ] --START--
INFO: Run Behavior\ShowPageTraceBehavior [ RunTime:0.000000s ]
INFO: [ app_end ] --END-- [ RunTime:0.000000s ]

