[ 2016-01-25T10:40:36+08:00 ] ::1 /index.php/Admin/Photo/index
INFO: [ app_init ] --START--
INFO: Run Behavior\BuildLiteBehavior [ RunTime:0.000017s ]
INFO: [ app_init ] --END-- [ RunTime:0.000631s ]
INFO: [ app_begin ] --START--
INFO: Run Behavior\ReadHtmlCacheBehavior [ RunTime:0.001074s ]
INFO: [ app_begin ] --END-- [ RunTime:0.001189s ]
SQL: SHOW COLUMNS FROM `ast_admin` [ RunTime:0.0072s ]
SQL: SELECT * FROM `ast_admin`  [ RunTime:0.0003s ]
SQL: SELECT * FROM `ast_admin` WHERE `admin_id` = 1 LIMIT 1   [ RunTime:0.0003s ]
SQL: SHOW COLUMNS FROM `ast_nav` [ RunTime:0.0071s ]
SQL: SELECT * FROM `ast_nav`  [ RunTime:0.0010s ]
SQL: SELECT COUNT(*) AS tp_count FROM `ast_admin` LIMIT 1   [ RunTime:0.0002s ]
NOTIC: [2] Missing argument 3 for getAdminPage(), called in C:\xampp\htdocs\aiston\Application\Admin\Controller\CommonController.class.php on line 51 and defined C:\xampp\htdocs\aiston\Application\Common\Common\function.php 第 3 行.
NOTIC: [8] Undefined variable: num C:\xampp\htdocs\aiston\Application\Common\Common\function.php 第 4 行.
SQL: SELECT * FROM `ast_admin` ORDER BY admin_id LIMIT 0,10   [ RunTime:0.0003s ]
SQL: SHOW COLUMNS FROM `ast_banner` [ RunTime:0.0069s ]
SQL: SHOW COLUMNS FROM `ast_banner_page` [ RunTime:0.0103s ]
SQL: SELECT * FROM `ast_banner_page`  [ RunTime:0.0003s ]
SQL: SELECT * FROM `ast_banner` WHERE `ban_pageid` = 1  [ RunTime:0.0002s ]
INFO: [ view_parse ] --START--
INFO: [ template_filter ] --START--
INFO: Run Behavior\ContentReplaceBehavior [ RunTime:0.000523s ]
INFO: [ template_filter ] --END-- [ RunTime:0.000593s ]
NOTIC: [8] Array to string conversion C:\xampp\htdocs\aiston\Application\Runtime\Cache\Admin\2625b8b6f26bc411829a8805214a9f19.php 第 298 行.
NOTIC: [8] Undefined variable: url C:\xampp\htdocs\aiston\Application\Runtime\Cache\Admin\2625b8b6f26bc411829a8805214a9f19.php 第 527 行.
NOTIC: [8] Undefined variable: url C:\xampp\htdocs\aiston\Application\Runtime\Cache\Admin\2625b8b6f26bc411829a8805214a9f19.php 第 530 行.
INFO: Run Behavior\ParseTemplateBehavior [ RunTime:0.027604s ]
INFO: [ view_parse ] --END-- [ RunTime:0.027668s ]
INFO: [ view_filter ] --START--
INFO: Run Behavior\WriteHtmlCacheBehavior [ RunTime:0.000605s ]
INFO: [ view_filter ] --END-- [ RunTime:0.000654s ]
INFO: [ app_end ] --START--
INFO: Run Behavior\ShowPageTraceBehavior [ RunTime:0.001248s ]
INFO: [ app_end ] --END-- [ RunTime:0.001337s ]

[ 2016-01-25T10:40:40+08:00 ] ::1 /index.php/Admin/Article/index
INFO: [ app_init ] --START--
INFO: Run Behavior\BuildLiteBehavior [ RunTime:0.000021s ]
INFO: [ app_init ] --END-- [ RunTime:0.000716s ]
INFO: [ app_begin ] --START--
INFO: Run Behavior\ReadHtmlCacheBehavior [ RunTime:0.000949s ]
INFO: [ app_begin ] --END-- [ RunTime:0.001028s ]
SQL: SHOW COLUMNS FROM `ast_admin` [ RunTime:0.0049s ]
SQL: SELECT * FROM `ast_admin`  [ RunTime:0.0003s ]
SQL: SELECT * FROM `ast_admin` WHERE `admin_id` = 1 LIMIT 1   [ RunTime:0.0003s ]
SQL: SHOW COLUMNS FROM `ast_nav` [ RunTime:0.0041s ]
SQL: SELECT * FROM `ast_nav`  [ RunTime:0.0004s ]
SQL: SELECT COUNT(*) AS tp_count FROM `ast_admin` LIMIT 1   [ RunTime:0.0002s ]
NOTIC: [2] Missing argument 3 for getAdminPage(), called in C:\xampp\htdocs\aiston\Application\Admin\Controller\CommonController.class.php on line 51 and defined C:\xampp\htdocs\aiston\Application\Common\Common\function.php 第 3 行.
NOTIC: [8] Undefined variable: num C:\xampp\htdocs\aiston\Application\Common\Common\function.php 第 4 行.
SQL: SELECT * FROM `ast_admin` ORDER BY admin_id LIMIT 0,10   [ RunTime:0.0003s ]
SQL: SHOW COLUMNS FROM `ast_article` [ RunTime:0.0083s ]
SQL: SHOW COLUMNS FROM `ast_artcate` [ RunTime:0.0062s ]
SQL: SELECT * FROM `ast_artcate` WHERE `cate_id` = 0 LIMIT 1   [ RunTime:0.0003s ]
SQL: SELECT * FROM `ast_artcate` WHERE `cate_id` = 0 LIMIT 1   [ RunTime:0.0002s ]
SQL: SELECT * FROM `ast_artcate` WHERE `cate_pid` = 0  [ RunTime:0.0002s ]
SQL: SELECT * FROM `ast_artcate` WHERE `cate_pid` = 0  [ RunTime:0.0003s ]
SQL: SELECT COUNT(*) AS tp_count FROM `ast_article` LIMIT 1   [ RunTime:0.0002s ]
SQL: SELECT * FROM `ast_article` INNER JOIN `ast_artcate` ON ast_article.art_cateid = ast_artcate.cate_id  ORDER BY art_addtime DESC LIMIT 0,10   [ RunTime:0.0014s ]
SQL: SHOW COLUMNS FROM `ast_artcomment` [ RunTime:0.0070s ]
SQL: SELECT * FROM `ast_artcomment`  [ RunTime:0.0003s ]
INFO: [ view_parse ] --START--
INFO: [ template_filter ] --START--
INFO: Run Behavior\ContentReplaceBehavior [ RunTime:0.000664s ]
INFO: [ template_filter ] --END-- [ RunTime:0.000747s ]
NOTIC: [8] Undefined index: mentNum C:\xampp\htdocs\aiston\Application\Runtime\Cache\Admin\7a4184ffe8f804b12b2e7f8851dd8f7d.php 第 161 行.
NOTIC: [8] Undefined index: mentNum C:\xampp\htdocs\aiston\Application\Runtime\Cache\Admin\7a4184ffe8f804b12b2e7f8851dd8f7d.php 第 161 行.
NOTIC: [8] Undefined index: mentNum C:\xampp\htdocs\aiston\Application\Runtime\Cache\Admin\7a4184ffe8f804b12b2e7f8851dd8f7d.php 第 161 行.
NOTIC: [8] Undefined index: mentNum C:\xampp\htdocs\aiston\Application\Runtime\Cache\Admin\7a4184ffe8f804b12b2e7f8851dd8f7d.php 第 161 行.
NOTIC: [8] Undefined index: mentNum C:\xampp\htdocs\aiston\Application\Runtime\Cache\Admin\7a4184ffe8f804b12b2e7f8851dd8f7d.php 第 161 行.
NOTIC: [8] Undefined index: mentNum C:\xampp\htdocs\aiston\Application\Runtime\Cache\Admin\7a4184ffe8f804b12b2e7f8851dd8f7d.php 第 161 行.
NOTIC: [8] Undefined index: mentNum C:\xampp\htdocs\aiston\Application\Runtime\Cache\Admin\7a4184ffe8f804b12b2e7f8851dd8f7d.php 第 161 行.
NOTIC: [8] Undefined index: mentNum C:\xampp\htdocs\aiston\Application\Runtime\Cache\Admin\7a4184ffe8f804b12b2e7f8851dd8f7d.php 第 161 行.
NOTIC: [8] Undefined index: mentNum C:\xampp\htdocs\aiston\Application\Runtime\Cache\Admin\7a4184ffe8f804b12b2e7f8851dd8f7d.php 第 161 行.
NOTIC: [8] Undefined index: mentNum C:\xampp\htdocs\aiston\Application\Runtime\Cache\Admin\7a4184ffe8f804b12b2e7f8851dd8f7d.php 第 161 行.
NOTIC: [8] Array to string conversion C:\xampp\htdocs\aiston\Application\Runtime\Cache\Admin\7a4184ffe8f804b12b2e7f8851dd8f7d.php 第 381 行.
INFO: Run Behavior\ParseTemplateBehavior [ RunTime:0.030631s ]
INFO: [ view_parse ] --END-- [ RunTime:0.030691s ]
INFO: [ view_filter ] --START--
INFO: Run Behavior\WriteHtmlCacheBehavior [ RunTime:0.000636s ]
INFO: [ view_filter ] --END-- [ RunTime:0.000687s ]
NOTIC: [8] Undefined index: show C:\xampp\htdocs\aiston\Application\Admin\Controller\ArticleController.class.php 第 82 行.
NOTIC: [8] Undefined index: id C:\xampp\htdocs\aiston\Application\Admin\Controller\ArticleController.class.php 第 83 行.
SQL: UPDATE `ast_article` SET `art_isshow`='1' WHERE `art_id` = null [ RunTime:0.0003s ]
INFO: [ app_end ] --START--
INFO: Run Behavior\ShowPageTraceBehavior [ RunTime:0.001344s ]
INFO: [ app_end ] --END-- [ RunTime:0.001435s ]

[ 2016-01-25T10:40:43+08:00 ] ::1 /index.php/Admin/Article/add
INFO: [ app_init ] --START--
INFO: Run Behavior\BuildLiteBehavior [ RunTime:0.000017s ]
INFO: [ app_init ] --END-- [ RunTime:0.000534s ]
INFO: [ app_begin ] --START--
INFO: Run Behavior\ReadHtmlCacheBehavior [ RunTime:0.000752s ]
INFO: [ app_begin ] --END-- [ RunTime:0.000816s ]
SQL: SHOW COLUMNS FROM `ast_admin` [ RunTime:0.0045s ]
SQL: SELECT * FROM `ast_admin`  [ RunTime:0.0003s ]
SQL: SELECT * FROM `ast_admin` WHERE `admin_id` = 1 LIMIT 1   [ RunTime:0.0002s ]
SQL: SHOW COLUMNS FROM `ast_nav` [ RunTime:0.0044s ]
SQL: SELECT * FROM `ast_nav`  [ RunTime:0.0005s ]
SQL: SELECT COUNT(*) AS tp_count FROM `ast_admin` LIMIT 1   [ RunTime:0.0002s ]
NOTIC: [2] Missing argument 3 for getAdminPage(), called in C:\xampp\htdocs\aiston\Application\Admin\Controller\CommonController.class.php on line 51 and defined C:\xampp\htdocs\aiston\Application\Common\Common\function.php 第 3 行.
NOTIC: [8] Undefined variable: num C:\xampp\htdocs\aiston\Application\Common\Common\function.php 第 4 行.
SQL: SELECT * FROM `ast_admin` ORDER BY admin_id LIMIT 0,10   [ RunTime:0.0003s ]
SQL: SHOW COLUMNS FROM `ast_artcate` [ RunTime:0.0042s ]
SQL: SHOW COLUMNS FROM `ast_article` [ RunTime:0.0051s ]
SQL: SELECT * FROM `ast_artcate` WHERE `cate_pid` = 0 ORDER BY cate_id ASC  [ RunTime:0.0005s ]
SQL: SELECT `art_order` FROM `ast_article` ORDER BY art_order DESC LIMIT 1   [ RunTime:0.0005s ]
INFO: [ view_parse ] --START--
INFO: [ template_filter ] --START--
INFO: Run Behavior\ContentReplaceBehavior [ RunTime:0.000476s ]
INFO: [ template_filter ] --END-- [ RunTime:0.000547s ]
NOTIC: [8] Undefined variable: htmlData C:\xampp\htdocs\aiston\Application\Runtime\Cache\Admin\e16cf278f1c326e72baf6415dbd5ab87.php 第 143 行.
NOTIC: [8] Undefined variable: htmlData C:\xampp\htdocs\aiston\Application\Runtime\Cache\Admin\e16cf278f1c326e72baf6415dbd5ab87.php 第 143 行.
NOTIC: [8] Array to string conversion C:\xampp\htdocs\aiston\Application\Runtime\Cache\Admin\e16cf278f1c326e72baf6415dbd5ab87.php 第 318 行.
NOTIC: [8] Undefined variable: url C:\xampp\htdocs\aiston\Application\Runtime\Cache\Admin\e16cf278f1c326e72baf6415dbd5ab87.php 第 547 行.
NOTIC: [8] Undefined variable: url C:\xampp\htdocs\aiston\Application\Runtime\Cache\Admin\e16cf278f1c326e72baf6415dbd5ab87.php 第 550 行.
INFO: Run Behavior\ParseTemplateBehavior [ RunTime:0.023243s ]
INFO: [ view_parse ] --END-- [ RunTime:0.023305s ]
INFO: [ view_filter ] --START--
INFO: Run Behavior\WriteHtmlCacheBehavior [ RunTime:0.000478s ]
INFO: [ view_filter ] --END-- [ RunTime:0.000527s ]
INFO: [ app_end ] --START--
INFO: Run Behavior\ShowPageTraceBehavior [ RunTime:0.001407s ]
INFO: [ app_end ] --END-- [ RunTime:0.001539s ]

[ 2016-01-25T10:40:48+08:00 ] ::1 /index.php/Admin/Article/index
INFO: [ app_init ] --START--
INFO: Run Behavior\BuildLiteBehavior [ RunTime:0.000026s ]
INFO: [ app_init ] --END-- [ RunTime:0.000576s ]
INFO: [ app_begin ] --START--
INFO: Run Behavior\ReadHtmlCacheBehavior [ RunTime:0.001075s ]
INFO: [ app_begin ] --END-- [ RunTime:0.001171s ]
SQL: SHOW COLUMNS FROM `ast_admin` [ RunTime:0.0048s ]
SQL: SELECT * FROM `ast_admin`  [ RunTime:0.0003s ]
SQL: SELECT * FROM `ast_admin` WHERE `admin_id` = 1 LIMIT 1   [ RunTime:0.0003s ]
SQL: SHOW COLUMNS FROM `ast_nav` [ RunTime:0.0058s ]
SQL: SELECT * FROM `ast_nav`  [ RunTime:0.0004s ]
SQL: SELECT COUNT(*) AS tp_count FROM `ast_admin` LIMIT 1   [ RunTime:0.0002s ]
NOTIC: [2] Missing argument 3 for getAdminPage(), called in C:\xampp\htdocs\aiston\Application\Admin\Controller\CommonController.class.php on line 51 and defined C:\xampp\htdocs\aiston\Application\Common\Common\function.php 第 3 行.
NOTIC: [8] Undefined variable: num C:\xampp\htdocs\aiston\Application\Common\Common\function.php 第 4 行.
SQL: SELECT * FROM `ast_admin` ORDER BY admin_id LIMIT 0,10   [ RunTime:0.0004s ]
SQL: SHOW COLUMNS FROM `ast_article` [ RunTime:0.0059s ]
SQL: SHOW COLUMNS FROM `ast_artcate` [ RunTime:0.0058s ]
SQL: SELECT * FROM `ast_artcate` WHERE `cate_id` = 0 LIMIT 1   [ RunTime:0.0003s ]
SQL: SELECT * FROM `ast_artcate` WHERE `cate_id` = 0 LIMIT 1   [ RunTime:0.0003s ]
SQL: SELECT * FROM `ast_artcate` WHERE `cate_pid` = 0  [ RunTime:0.0002s ]
SQL: SELECT * FROM `ast_artcate` WHERE `cate_pid` = 0  [ RunTime:0.0002s ]
SQL: SELECT COUNT(*) AS tp_count FROM `ast_article` LIMIT 1   [ RunTime:0.0002s ]
SQL: SELECT * FROM `ast_article` INNER JOIN `ast_artcate` ON ast_article.art_cateid = ast_artcate.cate_id  ORDER BY art_addtime DESC LIMIT 0,10   [ RunTime:0.0007s ]
SQL: SHOW COLUMNS FROM `ast_artcomment` [ RunTime:0.0053s ]
SQL: SELECT * FROM `ast_artcomment`  [ RunTime:0.0002s ]
INFO: [ view_parse ] --START--
INFO: [ template_filter ] --START--
INFO: Run Behavior\ContentReplaceBehavior [ RunTime:0.000581s ]
INFO: [ template_filter ] --END-- [ RunTime:0.000652s ]
NOTIC: [8] Undefined index: mentNum C:\xampp\htdocs\aiston\Application\Runtime\Cache\Admin\7a4184ffe8f804b12b2e7f8851dd8f7d.php 第 161 行.
NOTIC: [8] Undefined index: mentNum C:\xampp\htdocs\aiston\Application\Runtime\Cache\Admin\7a4184ffe8f804b12b2e7f8851dd8f7d.php 第 161 行.
NOTIC: [8] Undefined index: mentNum C:\xampp\htdocs\aiston\Application\Runtime\Cache\Admin\7a4184ffe8f804b12b2e7f8851dd8f7d.php 第 161 行.
NOTIC: [8] Undefined index: mentNum C:\xampp\htdocs\aiston\Application\Runtime\Cache\Admin\7a4184ffe8f804b12b2e7f8851dd8f7d.php 第 161 行.
NOTIC: [8] Undefined index: mentNum C:\xampp\htdocs\aiston\Application\Runtime\Cache\Admin\7a4184ffe8f804b12b2e7f8851dd8f7d.php 第 161 行.
NOTIC: [8] Undefined index: mentNum C:\xampp\htdocs\aiston\Application\Runtime\Cache\Admin\7a4184ffe8f804b12b2e7f8851dd8f7d.php 第 161 行.
NOTIC: [8] Undefined index: mentNum C:\xampp\htdocs\aiston\Application\Runtime\Cache\Admin\7a4184ffe8f804b12b2e7f8851dd8f7d.php 第 161 行.
NOTIC: [8] Undefined index: mentNum C:\xampp\htdocs\aiston\Application\Runtime\Cache\Admin\7a4184ffe8f804b12b2e7f8851dd8f7d.php 第 161 行.
NOTIC: [8] Undefined index: mentNum C:\xampp\htdocs\aiston\Application\Runtime\Cache\Admin\7a4184ffe8f804b12b2e7f8851dd8f7d.php 第 161 行.
NOTIC: [8] Undefined index: mentNum C:\xampp\htdocs\aiston\Application\Runtime\Cache\Admin\7a4184ffe8f804b12b2e7f8851dd8f7d.php 第 161 行.
NOTIC: [8] Array to string conversion C:\xampp\htdocs\aiston\Application\Runtime\Cache\Admin\7a4184ffe8f804b12b2e7f8851dd8f7d.php 第 381 行.
INFO: Run Behavior\ParseTemplateBehavior [ RunTime:0.033657s ]
INFO: [ view_parse ] --END-- [ RunTime:0.033743s ]
INFO: [ view_filter ] --START--
INFO: Run Behavior\WriteHtmlCacheBehavior [ RunTime:0.000687s ]
INFO: [ view_filter ] --END-- [ RunTime:0.000771s ]
NOTIC: [8] Undefined index: show C:\xampp\htdocs\aiston\Application\Admin\Controller\ArticleController.class.php 第 82 行.
NOTIC: [8] Undefined index: id C:\xampp\htdocs\aiston\Application\Admin\Controller\ArticleController.class.php 第 83 行.
SQL: UPDATE `ast_article` SET `art_isshow`='1' WHERE `art_id` = null [ RunTime:0.0003s ]
INFO: [ app_end ] --START--
INFO: Run Behavior\ShowPageTraceBehavior [ RunTime:0.001298s ]
INFO: [ app_end ] --END-- [ RunTime:0.001438s ]

[ 2016-01-25T10:40:51+08:00 ] ::1 /index.php/Admin/Member/index
INFO: [ app_init ] --START--
INFO: Run Behavior\BuildLiteBehavior [ RunTime:0.000017s ]
INFO: [ app_init ] --END-- [ RunTime:0.000421s ]
INFO: [ app_begin ] --START--
INFO: Run Behavior\ReadHtmlCacheBehavior [ RunTime:0.000568s ]
INFO: [ app_begin ] --END-- [ RunTime:0.000641s ]
SQL: SHOW COLUMNS FROM `ast_admin` [ RunTime:0.0043s ]
SQL: SELECT * FROM `ast_admin`  [ RunTime:0.0003s ]
SQL: SELECT * FROM `ast_admin` WHERE `admin_id` = 1 LIMIT 1   [ RunTime:0.0002s ]
SQL: SHOW COLUMNS FROM `ast_nav` [ RunTime:0.0041s ]
SQL: SELECT * FROM `ast_nav`  [ RunTime:0.0004s ]
SQL: SELECT COUNT(*) AS tp_count FROM `ast_admin` LIMIT 1   [ RunTime:0.0002s ]
NOTIC: [2] Missing argument 3 for getAdminPage(), called in C:\xampp\htdocs\aiston\Application\Admin\Controller\CommonController.class.php on line 51 and defined C:\xampp\htdocs\aiston\Application\Common\Common\function.php 第 3 行.
NOTIC: [8] Undefined variable: num C:\xampp\htdocs\aiston\Application\Common\Common\function.php 第 4 行.
SQL: SELECT * FROM `ast_admin` ORDER BY admin_id LIMIT 0,10   [ RunTime:0.0003s ]
SQL: SHOW COLUMNS FROM `ast_member` [ RunTime:0.0069s ]
SQL: SELECT COUNT(*) AS tp_count FROM `ast_member` LIMIT 1   [ RunTime:0.0002s ]
SQL: SELECT * FROM `ast_member` ORDER BY vip_addtime DESC LIMIT 0,20   [ RunTime:0.0002s ]
INFO: [ view_parse ] --START--
INFO: [ template_filter ] --START--
INFO: Run Behavior\ContentReplaceBehavior [ RunTime:0.000869s ]
INFO: [ template_filter ] --END-- [ RunTime:0.001003s ]
NOTIC: [8] Array to string conversion C:\xampp\htdocs\aiston\Application\Runtime\Cache\Admin\cd4483014f2e11fff8848d4b0b1995b7.php 第 482 行.
NOTIC: [8] Undefined variable: url C:\xampp\htdocs\aiston\Application\Runtime\Cache\Admin\cd4483014f2e11fff8848d4b0b1995b7.php 第 711 行.
NOTIC: [8] Undefined variable: url C:\xampp\htdocs\aiston\Application\Runtime\Cache\Admin\cd4483014f2e11fff8848d4b0b1995b7.php 第 714 行.
INFO: Run Behavior\ParseTemplateBehavior [ RunTime:0.027840s ]
INFO: [ view_parse ] --END-- [ RunTime:0.027906s ]
INFO: [ view_filter ] --START--
INFO: Run Behavior\WriteHtmlCacheBehavior [ RunTime:0.000365s ]
INFO: [ view_filter ] --END-- [ RunTime:0.000412s ]
INFO: [ app_end ] --START--
INFO: Run Behavior\ShowPageTraceBehavior [ RunTime:0.000756s ]
INFO: [ app_end ] --END-- [ RunTime:0.000845s ]

[ 2016-01-25T10:40:53+08:00 ] ::1 /index.php/Admin/Photo/index
INFO: [ app_init ] --START--
INFO: Run Behavior\BuildLiteBehavior [ RunTime:0.000017s ]
INFO: [ app_init ] --END-- [ RunTime:0.000417s ]
INFO: [ app_begin ] --START--
INFO: Run Behavior\ReadHtmlCacheBehavior [ RunTime:0.000554s ]
INFO: [ app_begin ] --END-- [ RunTime:0.000614s ]
SQL: SHOW COLUMNS FROM `ast_admin` [ RunTime:0.0051s ]
SQL: SELECT * FROM `ast_admin`  [ RunTime:0.0005s ]
SQL: SELECT * FROM `ast_admin` WHERE `admin_id` = 1 LIMIT 1   [ RunTime:0.0004s ]
SQL: SHOW COLUMNS FROM `ast_nav` [ RunTime:0.0045s ]
SQL: SELECT * FROM `ast_nav`  [ RunTime:0.0004s ]
SQL: SELECT COUNT(*) AS tp_count FROM `ast_admin` LIMIT 1   [ RunTime:0.0002s ]
NOTIC: [2] Missing argument 3 for getAdminPage(), called in C:\xampp\htdocs\aiston\Application\Admin\Controller\CommonController.class.php on line 51 and defined C:\xampp\htdocs\aiston\Application\Common\Common\function.php 第 3 行.
NOTIC: [8] Undefined variable: num C:\xampp\htdocs\aiston\Application\Common\Common\function.php 第 4 行.
SQL: SELECT * FROM `ast_admin` ORDER BY admin_id LIMIT 0,10   [ RunTime:0.0003s ]
SQL: SHOW COLUMNS FROM `ast_banner` [ RunTime:0.0043s ]
SQL: SHOW COLUMNS FROM `ast_banner_page` [ RunTime:0.0045s ]
SQL: SELECT * FROM `ast_banner_page`  [ RunTime:0.0003s ]
SQL: SELECT * FROM `ast_banner` WHERE `ban_pageid` = 1  [ RunTime:0.0003s ]
INFO: [ view_parse ] --START--
INFO: [ template_filter ] --START--
INFO: Run Behavior\ContentReplaceBehavior [ RunTime:0.000484s ]
INFO: [ template_filter ] --END-- [ RunTime:0.000550s ]
NOTIC: [8] Array to string conversion C:\xampp\htdocs\aiston\Application\Runtime\Cache\Admin\2625b8b6f26bc411829a8805214a9f19.php 第 298 行.
NOTIC: [8] Undefined variable: url C:\xampp\htdocs\aiston\Application\Runtime\Cache\Admin\2625b8b6f26bc411829a8805214a9f19.php 第 527 行.
NOTIC: [8] Undefined variable: url C:\xampp\htdocs\aiston\Application\Runtime\Cache\Admin\2625b8b6f26bc411829a8805214a9f19.php 第 530 行.
INFO: Run Behavior\ParseTemplateBehavior [ RunTime:0.024263s ]
INFO: [ view_parse ] --END-- [ RunTime:0.024323s ]
INFO: [ view_filter ] --START--
INFO: Run Behavior\WriteHtmlCacheBehavior [ RunTime:0.000343s ]
INFO: [ view_filter ] --END-- [ RunTime:0.000392s ]
INFO: [ app_end ] --START--
INFO: Run Behavior\ShowPageTraceBehavior [ RunTime:0.000671s ]
INFO: [ app_end ] --END-- [ RunTime:0.000744s ]

[ 2016-01-25T10:40:56+08:00 ] ::1 /index.php/Admin/Link/img_link
INFO: [ app_init ] --START--
INFO: Run Behavior\BuildLiteBehavior [ RunTime:0.000016s ]
INFO: [ app_init ] --END-- [ RunTime:0.000424s ]
INFO: [ app_begin ] --START--
INFO: Run Behavior\ReadHtmlCacheBehavior [ RunTime:0.000619s ]
INFO: [ app_begin ] --END-- [ RunTime:0.000687s ]
SQL: SHOW COLUMNS FROM `ast_admin` [ RunTime:0.0052s ]
SQL: SELECT * FROM `ast_admin`  [ RunTime:0.0003s ]
SQL: SELECT * FROM `ast_admin` WHERE `admin_id` = 1 LIMIT 1   [ RunTime:0.0003s ]
SQL: SHOW COLUMNS FROM `ast_nav` [ RunTime:0.0043s ]
SQL: SELECT * FROM `ast_nav`  [ RunTime:0.0004s ]
SQL: SELECT COUNT(*) AS tp_count FROM `ast_admin` LIMIT 1   [ RunTime:0.0002s ]
NOTIC: [2] Missing argument 3 for getAdminPage(), called in C:\xampp\htdocs\aiston\Application\Admin\Controller\CommonController.class.php on line 51 and defined C:\xampp\htdocs\aiston\Application\Common\Common\function.php 第 3 行.
NOTIC: [8] Undefined variable: num C:\xampp\htdocs\aiston\Application\Common\Common\function.php 第 4 行.
SQL: SELECT * FROM `ast_admin` ORDER BY admin_id LIMIT 0,10   [ RunTime:0.0003s ]
SQL: SHOW COLUMNS FROM `ast_img_link` [ RunTime:0.0072s ]
ERR: 1146:Table 'diao.ast_img_link_page' doesn't exist
 [ SQL语句 ] : SHOW COLUMNS FROM `ast_img_link_page`
ERR: 1146:Table 'diao.ast_img_link_page' doesn't exist
 [ SQL语句 ] : SHOW COLUMNS FROM `ast_img_link_page`

[ 2016-01-25T10:41:03+08:00 ] ::1 /index.php/Admin/Photo/index
INFO: [ app_init ] --START--
INFO: Run Behavior\BuildLiteBehavior [ RunTime:0.000022s ]
INFO: [ app_init ] --END-- [ RunTime:0.000629s ]
INFO: [ app_begin ] --START--
INFO: Run Behavior\ReadHtmlCacheBehavior [ RunTime:0.000806s ]
INFO: [ app_begin ] --END-- [ RunTime:0.000867s ]
SQL: SHOW COLUMNS FROM `ast_admin` [ RunTime:0.0057s ]
SQL: SELECT * FROM `ast_admin`  [ RunTime:0.0004s ]
SQL: SELECT * FROM `ast_admin` WHERE `admin_id` = 1 LIMIT 1   [ RunTime:0.0003s ]
SQL: SHOW COLUMNS FROM `ast_nav` [ RunTime:0.0045s ]
SQL: SELECT * FROM `ast_nav`  [ RunTime:0.0003s ]
SQL: SELECT COUNT(*) AS tp_count FROM `ast_admin` LIMIT 1   [ RunTime:0.0002s ]
NOTIC: [2] Missing argument 3 for getAdminPage(), called in C:\xampp\htdocs\aiston\Application\Admin\Controller\CommonController.class.php on line 51 and defined C:\xampp\htdocs\aiston\Application\Common\Common\function.php 第 3 行.
NOTIC: [8] Undefined variable: num C:\xampp\htdocs\aiston\Application\Common\Common\function.php 第 4 行.
SQL: SELECT * FROM `ast_admin` ORDER BY admin_id LIMIT 0,10   [ RunTime:0.0003s ]
SQL: SHOW COLUMNS FROM `ast_banner` [ RunTime:0.0042s ]
SQL: SHOW COLUMNS FROM `ast_banner_page` [ RunTime:0.0057s ]
SQL: SELECT * FROM `ast_banner_page`  [ RunTime:0.0004s ]
SQL: SELECT * FROM `ast_banner` WHERE `ban_pageid` = 1  [ RunTime:0.0004s ]
INFO: [ view_parse ] --START--
INFO: [ template_filter ] --START--
INFO: Run Behavior\ContentReplaceBehavior [ RunTime:0.000567s ]
INFO: [ template_filter ] --END-- [ RunTime:0.000646s ]
NOTIC: [8] Array to string conversion C:\xampp\htdocs\aiston\Application\Runtime\Cache\Admin\2625b8b6f26bc411829a8805214a9f19.php 第 298 行.
NOTIC: [8] Undefined variable: url C:\xampp\htdocs\aiston\Application\Runtime\Cache\Admin\2625b8b6f26bc411829a8805214a9f19.php 第 527 行.
NOTIC: [8] Undefined variable: url C:\xampp\htdocs\aiston\Application\Runtime\Cache\Admin\2625b8b6f26bc411829a8805214a9f19.php 第 530 行.
INFO: Run Behavior\ParseTemplateBehavior [ RunTime:0.024863s ]
INFO: [ view_parse ] --END-- [ RunTime:0.024985s ]
INFO: [ view_filter ] --START--
INFO: Run Behavior\WriteHtmlCacheBehavior [ RunTime:0.000855s ]
INFO: [ view_filter ] --END-- [ RunTime:0.000949s ]
INFO: [ app_end ] --START--
INFO: Run Behavior\ShowPageTraceBehavior [ RunTime:0.002052s ]
INFO: [ app_end ] --END-- [ RunTime:0.002217s ]

[ 2016-01-25T10:41:55+08:00 ] ::1 /index.php/Admin/Product/index
INFO: [ app_init ] --START--
INFO: Run Behavior\BuildLiteBehavior [ RunTime:0.000020s ]
INFO: [ app_init ] --END-- [ RunTime:0.001606s ]
INFO: [ app_begin ] --START--
INFO: Run Behavior\ReadHtmlCacheBehavior [ RunTime:0.001932s ]
INFO: [ app_begin ] --END-- [ RunTime:0.002019s ]
SQL: SHOW COLUMNS FROM `ast_admin` [ RunTime:0.0052s ]
SQL: SELECT * FROM `ast_admin`  [ RunTime:0.0004s ]
SQL: SELECT * FROM `ast_admin` WHERE `admin_id` = 1 LIMIT 1   [ RunTime:0.0003s ]
SQL: SHOW COLUMNS FROM `ast_nav` [ RunTime:0.0044s ]
SQL: SELECT * FROM `ast_nav`  [ RunTime:0.0004s ]
SQL: SELECT COUNT(*) AS tp_count FROM `ast_admin` LIMIT 1   [ RunTime:0.0002s ]
NOTIC: [2] Missing argument 3 for getAdminPage(), called in C:\xampp\htdocs\aiston\Application\Admin\Controller\CommonController.class.php on line 51 and defined C:\xampp\htdocs\aiston\Application\Common\Common\function.php 第 3 行.
NOTIC: [8] Undefined variable: num C:\xampp\htdocs\aiston\Application\Common\Common\function.php 第 4 行.
SQL: SELECT * FROM `ast_admin` ORDER BY admin_id LIMIT 0,10   [ RunTime:0.0004s ]
SQL: SHOW COLUMNS FROM `ast_product` [ RunTime:0.0047s ]
SQL: SHOW COLUMNS FROM `ast_procate` [ RunTime:0.0041s ]
SQL: SELECT * FROM `ast_procate` WHERE `cate_id` = 0 LIMIT 1   [ RunTime:0.0002s ]
SQL: SELECT * FROM `ast_procate` WHERE `cate_id` = 0 LIMIT 1   [ RunTime:0.0002s ]
SQL: SELECT * FROM `ast_procate` WHERE `cate_pid` = 0  [ RunTime:0.0002s ]
SQL: SELECT * FROM `ast_procate` WHERE `cate_pid` = 0  [ RunTime:0.0002s ]
SQL: SELECT COUNT(*) AS tp_count FROM `ast_product` LIMIT 1   [ RunTime:0.0002s ]
SQL: SELECT * FROM `ast_product` INNER JOIN `ast_procate` ON ast_product.pro_cate_id = ast_procate.cate_id  ORDER BY pro_addtime DESC LIMIT 0,10   [ RunTime:0.0003s ]
SQL: SHOW COLUMNS FROM `ast_procomment` [ RunTime:0.0057s ]
SQL: SELECT * FROM `ast_procomment`  [ RunTime:0.0002s ]
INFO: [ view_parse ] --START--
INFO: [ template_filter ] --START--
INFO: Run Behavior\ContentReplaceBehavior [ RunTime:0.000596s ]
INFO: [ template_filter ] --END-- [ RunTime:0.000706s ]
NOTIC: [8] Array to string conversion C:\xampp\htdocs\aiston\Application\Runtime\Cache\Admin\34e4b095905075aaede5ee9039415509.php 第 381 行.
INFO: Run Behavior\ParseTemplateBehavior [ RunTime:0.032378s ]
INFO: [ view_parse ] --END-- [ RunTime:0.032443s ]
INFO: [ view_filter ] --START--
INFO: Run Behavior\WriteHtmlCacheBehavior [ RunTime:0.001875s ]
INFO: [ view_filter ] --END-- [ RunTime:0.001933s ]
INFO: [ app_end ] --START--
INFO: Run Behavior\ShowPageTraceBehavior [ RunTime:0.002517s ]
INFO: [ app_end ] --END-- [ RunTime:0.002595s ]

[ 2016-01-25T10:41:58+08:00 ] ::1 /index.php/Admin/Product/index
INFO: [ app_init ] --START--
INFO: Run Behavior\BuildLiteBehavior [ RunTime:0.000043s ]
INFO: [ app_init ] --END-- [ RunTime:0.001524s ]
INFO: [ app_begin ] --START--
INFO: Run Behavior\ReadHtmlCacheBehavior [ RunTime:0.002011s ]
INFO: [ app_begin ] --END-- [ RunTime:0.002092s ]
SQL: SHOW COLUMNS FROM `ast_admin` [ RunTime:0.0073s ]
SQL: SELECT * FROM `ast_admin`  [ RunTime:0.0004s ]
SQL: SELECT * FROM `ast_admin` WHERE `admin_id` = 1 LIMIT 1   [ RunTime:0.0004s ]
SQL: SHOW COLUMNS FROM `ast_nav` [ RunTime:0.0051s ]
SQL: SELECT * FROM `ast_nav`  [ RunTime:0.0004s ]
SQL: SELECT COUNT(*) AS tp_count FROM `ast_admin` LIMIT 1   [ RunTime:0.0003s ]
NOTIC: [2] Missing argument 3 for getAdminPage(), called in C:\xampp\htdocs\aiston\Application\Admin\Controller\CommonController.class.php on line 51 and defined C:\xampp\htdocs\aiston\Application\Common\Common\function.php 第 3 行.
NOTIC: [8] Undefined variable: num C:\xampp\htdocs\aiston\Application\Common\Common\function.php 第 4 行.
SQL: SELECT * FROM `ast_admin` ORDER BY admin_id LIMIT 0,10   [ RunTime:0.0004s ]
SQL: SHOW COLUMNS FROM `ast_product` [ RunTime:0.0050s ]
SQL: SHOW COLUMNS FROM `ast_procate` [ RunTime:0.0046s ]
SQL: SELECT * FROM `ast_procate` WHERE `cate_id` = 0 LIMIT 1   [ RunTime:0.0003s ]
SQL: SELECT * FROM `ast_procate` WHERE `cate_id` = 0 LIMIT 1   [ RunTime:0.0002s ]
SQL: SELECT * FROM `ast_procate` WHERE `cate_pid` = 0  [ RunTime:0.0003s ]
SQL: SELECT * FROM `ast_procate` WHERE `cate_pid` = 0  [ RunTime:0.0003s ]
SQL: SELECT COUNT(*) AS tp_count FROM `ast_product` LIMIT 1   [ RunTime:0.0002s ]
SQL: SELECT * FROM `ast_product` INNER JOIN `ast_procate` ON ast_product.pro_cate_id = ast_procate.cate_id  ORDER BY pro_addtime DESC LIMIT 0,10   [ RunTime:0.0003s ]
SQL: SHOW COLUMNS FROM `ast_procomment` [ RunTime:0.0076s ]
SQL: SELECT * FROM `ast_procomment`  [ RunTime:0.0003s ]
INFO: [ view_parse ] --START--
INFO: [ template_filter ] --START--
INFO: Run Behavior\ContentReplaceBehavior [ RunTime:0.000788s ]
INFO: [ template_filter ] --END-- [ RunTime:0.000944s ]
NOTIC: [8] Array to string conversion C:\xampp\htdocs\aiston\Application\Runtime\Cache\Admin\34e4b095905075aaede5ee9039415509.php 第 381 行.
INFO: Run Behavior\ParseTemplateBehavior [ RunTime:0.031942s ]
INFO: [ view_parse ] --END-- [ RunTime:0.032034s ]
INFO: [ view_filter ] --START--
INFO: Run Behavior\WriteHtmlCacheBehavior [ RunTime:0.001591s ]
INFO: [ view_filter ] --END-- [ RunTime:0.001646s ]
INFO: [ app_end ] --START--
INFO: Run Behavior\ShowPageTraceBehavior [ RunTime:0.002938s ]
INFO: [ app_end ] --END-- [ RunTime:0.003046s ]

[ 2016-01-25T10:42:00+08:00 ] ::1 /index.php/Admin/Product/index
INFO: [ app_init ] --START--
INFO: Run Behavior\BuildLiteBehavior [ RunTime:0.000021s ]
INFO: [ app_init ] --END-- [ RunTime:0.000869s ]
INFO: [ app_begin ] --START--
INFO: Run Behavior\ReadHtmlCacheBehavior [ RunTime:0.002680s ]
INFO: [ app_begin ] --END-- [ RunTime:0.002763s ]
SQL: SHOW COLUMNS FROM `ast_admin` [ RunTime:0.0046s ]
SQL: SELECT * FROM `ast_admin`  [ RunTime:0.0003s ]
SQL: SELECT * FROM `ast_admin` WHERE `admin_id` = 1 LIMIT 1   [ RunTime:0.0002s ]
SQL: SHOW COLUMNS FROM `ast_nav` [ RunTime:0.0041s ]
SQL: SELECT * FROM `ast_nav`  [ RunTime:0.0003s ]
SQL: SELECT COUNT(*) AS tp_count FROM `ast_admin` LIMIT 1   [ RunTime:0.0002s ]
NOTIC: [2] Missing argument 3 for getAdminPage(), called in C:\xampp\htdocs\aiston\Application\Admin\Controller\CommonController.class.php on line 51 and defined C:\xampp\htdocs\aiston\Application\Common\Common\function.php 第 3 行.
NOTIC: [8] Undefined variable: num C:\xampp\htdocs\aiston\Application\Common\Common\function.php 第 4 行.
SQL: SELECT * FROM `ast_admin` ORDER BY admin_id LIMIT 0,10   [ RunTime:0.0003s ]
SQL: SHOW COLUMNS FROM `ast_product` [ RunTime:0.0048s ]
SQL: SHOW COLUMNS FROM `ast_procate` [ RunTime:0.0052s ]
SQL: SELECT * FROM `ast_procate` WHERE `cate_id` = 0 LIMIT 1   [ RunTime:0.0003s ]
SQL: SELECT * FROM `ast_procate` WHERE `cate_id` = 0 LIMIT 1   [ RunTime:0.0002s ]
SQL: SELECT * FROM `ast_procate` WHERE `cate_pid` = 0  [ RunTime:0.0006s ]
SQL: SELECT * FROM `ast_procate` WHERE `cate_pid` = 0  [ RunTime:0.0002s ]
SQL: SELECT COUNT(*) AS tp_count FROM `ast_product` LIMIT 1   [ RunTime:0.0002s ]
SQL: SELECT * FROM `ast_product` INNER JOIN `ast_procate` ON ast_product.pro_cate_id = ast_procate.cate_id  ORDER BY pro_addtime DESC LIMIT 0,10   [ RunTime:0.0004s ]
SQL: SHOW COLUMNS FROM `ast_procomment` [ RunTime:0.0051s ]
SQL: SELECT * FROM `ast_procomment`  [ RunTime:0.0003s ]
INFO: [ view_parse ] --START--
INFO: [ template_filter ] --START--
INFO: Run Behavior\ContentReplaceBehavior [ RunTime:0.000523s ]
INFO: [ template_filter ] --END-- [ RunTime:0.000591s ]
NOTIC: [8] Array to string conversion C:\xampp\htdocs\aiston\Application\Runtime\Cache\Admin\34e4b095905075aaede5ee9039415509.php 第 381 行.
INFO: Run Behavior\ParseTemplateBehavior [ RunTime:0.031181s ]
INFO: [ view_parse ] --END-- [ RunTime:0.031271s ]
INFO: [ view_filter ] --START--
INFO: Run Behavior\WriteHtmlCacheBehavior [ RunTime:0.002490s ]
INFO: [ view_filter ] --END-- [ RunTime:0.002559s ]
INFO: [ app_end ] --START--
INFO: Run Behavior\ShowPageTraceBehavior [ RunTime:0.002803s ]
INFO: [ app_end ] --END-- [ RunTime:0.002900s ]

[ 2016-01-25T10:42:03+08:00 ] ::1 /index.php/Admin/Photo/index
INFO: [ app_init ] --START--
INFO: Run Behavior\BuildLiteBehavior [ RunTime:0.000027s ]
INFO: [ app_init ] --END-- [ RunTime:0.001032s ]
INFO: [ app_begin ] --START--
INFO: Run Behavior\ReadHtmlCacheBehavior [ RunTime:0.001901s ]
INFO: [ app_begin ] --END-- [ RunTime:0.001993s ]
SQL: SHOW COLUMNS FROM `ast_admin` [ RunTime:0.0054s ]
SQL: SELECT * FROM `ast_admin`  [ RunTime:0.0005s ]
SQL: SELECT * FROM `ast_admin` WHERE `admin_id` = 1 LIMIT 1   [ RunTime:0.0004s ]
SQL: SHOW COLUMNS FROM `ast_nav` [ RunTime:0.0044s ]
SQL: SELECT * FROM `ast_nav`  [ RunTime:0.0004s ]
SQL: SELECT COUNT(*) AS tp_count FROM `ast_admin` LIMIT 1   [ RunTime:0.0002s ]
NOTIC: [2] Missing argument 3 for getAdminPage(), called in C:\xampp\htdocs\aiston\Application\Admin\Controller\CommonController.class.php on line 51 and defined C:\xampp\htdocs\aiston\Application\Common\Common\function.php 第 3 行.
NOTIC: [8] Undefined variable: num C:\xampp\htdocs\aiston\Application\Common\Common\function.php 第 4 行.
SQL: SELECT * FROM `ast_admin` ORDER BY admin_id LIMIT 0,10   [ RunTime:0.0003s ]
SQL: SHOW COLUMNS FROM `ast_banner` [ RunTime:0.0047s ]
SQL: SHOW COLUMNS FROM `ast_banner_page` [ RunTime:0.0039s ]
SQL: SELECT * FROM `ast_banner_page`  [ RunTime:0.0003s ]
SQL: SELECT * FROM `ast_banner` WHERE `ban_pageid` = 1  [ RunTime:0.0002s ]
INFO: [ view_parse ] --START--
INFO: [ template_filter ] --START--
INFO: Run Behavior\ContentReplaceBehavior [ RunTime:0.000602s ]
INFO: [ template_filter ] --END-- [ RunTime:0.000681s ]
NOTIC: [8] Array to string conversion C:\xampp\htdocs\aiston\Application\Runtime\Cache\Admin\2625b8b6f26bc411829a8805214a9f19.php 第 298 行.
NOTIC: [8] Undefined variable: url C:\xampp\htdocs\aiston\Application\Runtime\Cache\Admin\2625b8b6f26bc411829a8805214a9f19.php 第 527 行.
NOTIC: [8] Undefined variable: url C:\xampp\htdocs\aiston\Application\Runtime\Cache\Admin\2625b8b6f26bc411829a8805214a9f19.php 第 530 行.
INFO: Run Behavior\ParseTemplateBehavior [ RunTime:0.028943s ]
INFO: [ view_parse ] --END-- [ RunTime:0.029005s ]
INFO: [ view_filter ] --START--
INFO: Run Behavior\WriteHtmlCacheBehavior [ RunTime:0.001596s ]
INFO: [ view_filter ] --END-- [ RunTime:0.001649s ]
INFO: [ app_end ] --START--
INFO: Run Behavior\ShowPageTraceBehavior [ RunTime:0.002590s ]
INFO: [ app_end ] --END-- [ RunTime:0.003072s ]

[ 2016-01-25T10:42:05+08:00 ] ::1 /index.php/Admin/Article/index
INFO: [ app_init ] --START--
INFO: Run Behavior\BuildLiteBehavior [ RunTime:0.000018s ]
INFO: [ app_init ] --END-- [ RunTime:0.000792s ]
INFO: [ app_begin ] --START--
INFO: Run Behavior\ReadHtmlCacheBehavior [ RunTime:0.002285s ]
INFO: [ app_begin ] --END-- [ RunTime:0.002411s ]
SQL: SHOW COLUMNS FROM `ast_admin` [ RunTime:0.0049s ]
SQL: SELECT * FROM `ast_admin`  [ RunTime:0.0004s ]
SQL: SELECT * FROM `ast_admin` WHERE `admin_id` = 1 LIMIT 1   [ RunTime:0.0003s ]
SQL: SHOW COLUMNS FROM `ast_nav` [ RunTime:0.0051s ]
SQL: SELECT * FROM `ast_nav`  [ RunTime:0.0005s ]
SQL: SELECT COUNT(*) AS tp_count FROM `ast_admin` LIMIT 1   [ RunTime:0.0002s ]
NOTIC: [2] Missing argument 3 for getAdminPage(), called in C:\xampp\htdocs\aiston\Application\Admin\Controller\CommonController.class.php on line 51 and defined C:\xampp\htdocs\aiston\Application\Common\Common\function.php 第 3 行.
NOTIC: [8] Undefined variable: num C:\xampp\htdocs\aiston\Application\Common\Common\function.php 第 4 行.
SQL: SELECT * FROM `ast_admin` ORDER BY admin_id LIMIT 0,10   [ RunTime:0.0003s ]
SQL: SHOW COLUMNS FROM `ast_article` [ RunTime:0.0077s ]
SQL: SHOW COLUMNS FROM `ast_artcate` [ RunTime:0.0047s ]
SQL: SELECT * FROM `ast_artcate` WHERE `cate_id` = 0 LIMIT 1   [ RunTime:0.0002s ]
SQL: SELECT * FROM `ast_artcate` WHERE `cate_id` = 0 LIMIT 1   [ RunTime:0.0002s ]
SQL: SELECT * FROM `ast_artcate` WHERE `cate_pid` = 0  [ RunTime:0.0002s ]
SQL: SELECT * FROM `ast_artcate` WHERE `cate_pid` = 0  [ RunTime:0.0002s ]
SQL: SELECT COUNT(*) AS tp_count FROM `ast_article` LIMIT 1   [ RunTime:0.0001s ]
SQL: SELECT * FROM `ast_article` INNER JOIN `ast_artcate` ON ast_article.art_cateid = ast_artcate.cate_id  ORDER BY art_addtime DESC LIMIT 0,10   [ RunTime:0.0004s ]
SQL: SHOW COLUMNS FROM `ast_artcomment` [ RunTime:0.0041s ]
SQL: SELECT * FROM `ast_artcomment`  [ RunTime:0.0002s ]
INFO: [ view_parse ] --START--
INFO: [ template_filter ] --START--
INFO: Run Behavior\ContentReplaceBehavior [ RunTime:0.000566s ]
INFO: [ template_filter ] --END-- [ RunTime:0.000634s ]
NOTIC: [8] Undefined index: mentNum C:\xampp\htdocs\aiston\Application\Runtime\Cache\Admin\7a4184ffe8f804b12b2e7f8851dd8f7d.php 第 161 行.
NOTIC: [8] Undefined index: mentNum C:\xampp\htdocs\aiston\Application\Runtime\Cache\Admin\7a4184ffe8f804b12b2e7f8851dd8f7d.php 第 161 行.
NOTIC: [8] Undefined index: mentNum C:\xampp\htdocs\aiston\Application\Runtime\Cache\Admin\7a4184ffe8f804b12b2e7f8851dd8f7d.php 第 161 行.
NOTIC: [8] Undefined index: mentNum C:\xampp\htdocs\aiston\Application\Runtime\Cache\Admin\7a4184ffe8f804b12b2e7f8851dd8f7d.php 第 161 行.
NOTIC: [8] Undefined index: mentNum C:\xampp\htdocs\aiston\Application\Runtime\Cache\Admin\7a4184ffe8f804b12b2e7f8851dd8f7d.php 第 161 行.
NOTIC: [8] Undefined index: mentNum C:\xampp\htdocs\aiston\Application\Runtime\Cache\Admin\7a4184ffe8f804b12b2e7f8851dd8f7d.php 第 161 行.
NOTIC: [8] Undefined index: mentNum C:\xampp\htdocs\aiston\Application\Runtime\Cache\Admin\7a4184ffe8f804b12b2e7f8851dd8f7d.php 第 161 行.
NOTIC: [8] Undefined index: mentNum C:\xampp\htdocs\aiston\Application\Runtime\Cache\Admin\7a4184ffe8f804b12b2e7f8851dd8f7d.php 第 161 行.
NOTIC: [8] Undefined index: mentNum C:\xampp\htdocs\aiston\Application\Runtime\Cache\Admin\7a4184ffe8f804b12b2e7f8851dd8f7d.php 第 161 行.
NOTIC: [8] Undefined index: mentNum C:\xampp\htdocs\aiston\Application\Runtime\Cache\Admin\7a4184ffe8f804b12b2e7f8851dd8f7d.php 第 161 行.
NOTIC: [8] Array to string conversion C:\xampp\htdocs\aiston\Application\Runtime\Cache\Admin\7a4184ffe8f804b12b2e7f8851dd8f7d.php 第 381 行.
INFO: Run Behavior\ParseTemplateBehavior [ RunTime:0.031826s ]
INFO: [ view_parse ] --END-- [ RunTime:0.031895s ]
INFO: [ view_filter ] --START--
INFO: Run Behavior\WriteHtmlCacheBehavior [ RunTime:0.001682s ]
INFO: [ view_filter ] --END-- [ RunTime:0.001741s ]
NOTIC: [8] Undefined index: show C:\xampp\htdocs\aiston\Application\Admin\Controller\ArticleController.class.php 第 82 行.
NOTIC: [8] Undefined index: id C:\xampp\htdocs\aiston\Application\Admin\Controller\ArticleController.class.php 第 83 行.
SQL: UPDATE `ast_article` SET `art_isshow`='1' WHERE `art_id` = null [ RunTime:0.0003s ]
INFO: [ app_end ] --START--
INFO: Run Behavior\ShowPageTraceBehavior [ RunTime:0.002725s ]
INFO: [ app_end ] --END-- [ RunTime:0.002821s ]

[ 2016-01-25T10:42:27+08:00 ] ::1 /index.php/Admin/Article/index
INFO: [ app_init ] --START--
INFO: Run Behavior\BuildLiteBehavior [ RunTime:0.000058s ]
INFO: [ app_init ] --END-- [ RunTime:0.002527s ]
INFO: [ app_begin ] --START--
INFO: Run Behavior\ReadHtmlCacheBehavior [ RunTime:0.002946s ]
INFO: [ app_begin ] --END-- [ RunTime:0.003089s ]
SQL: SHOW COLUMNS FROM `ast_admin` [ RunTime:0.0044s ]
SQL: SELECT * FROM `ast_admin`  [ RunTime:0.0003s ]
SQL: SELECT * FROM `ast_admin` WHERE `admin_id` = 1 LIMIT 1   [ RunTime:0.0003s ]
SQL: SHOW COLUMNS FROM `ast_nav` [ RunTime:0.0043s ]
SQL: SELECT * FROM `ast_nav`  [ RunTime:0.0004s ]
SQL: SELECT COUNT(*) AS tp_count FROM `ast_admin` LIMIT 1   [ RunTime:0.0002s ]
NOTIC: [2] Missing argument 3 for getAdminPage(), called in C:\xampp\htdocs\aiston\Application\Admin\Controller\CommonController.class.php on line 51 and defined C:\xampp\htdocs\aiston\Application\Common\Common\function.php 第 3 行.
NOTIC: [8] Undefined variable: num C:\xampp\htdocs\aiston\Application\Common\Common\function.php 第 4 行.
SQL: SELECT * FROM `ast_admin` ORDER BY admin_id LIMIT 0,10   [ RunTime:0.0003s ]
SQL: SHOW COLUMNS FROM `ast_article` [ RunTime:0.0044s ]
SQL: SHOW COLUMNS FROM `ast_artcate` [ RunTime:0.0058s ]
SQL: SELECT * FROM `ast_artcate` WHERE `cate_id` = 0 LIMIT 1   [ RunTime:0.0003s ]
SQL: SELECT * FROM `ast_artcate` WHERE `cate_id` = 0 LIMIT 1   [ RunTime:0.0002s ]
SQL: SELECT * FROM `ast_artcate` WHERE `cate_pid` = 0  [ RunTime:0.0002s ]
SQL: SELECT * FROM `ast_artcate` WHERE `cate_pid` = 0  [ RunTime:0.0002s ]
SQL: SELECT COUNT(*) AS tp_count FROM `ast_article` LIMIT 1   [ RunTime:0.0002s ]
SQL: SELECT * FROM `ast_article` INNER JOIN `ast_artcate` ON ast_article.art_cateid = ast_artcate.cate_id  ORDER BY art_addtime DESC LIMIT 0,10   [ RunTime:0.0005s ]
SQL: SHOW COLUMNS FROM `ast_artcomment` [ RunTime:0.0054s ]
SQL: SELECT * FROM `ast_artcomment`  [ RunTime:0.0002s ]
INFO: [ view_parse ] --START--
INFO: [ template_filter ] --START--
INFO: Run Behavior\ContentReplaceBehavior [ RunTime:0.000522s ]
INFO: [ template_filter ] --END-- [ RunTime:0.000608s ]
NOTIC: [8] Undefined index: mentNum C:\xampp\htdocs\aiston\Application\Runtime\Cache\Admin\7a4184ffe8f804b12b2e7f8851dd8f7d.php 第 161 行.
NOTIC: [8] Undefined index: mentNum C:\xampp\htdocs\aiston\Application\Runtime\Cache\Admin\7a4184ffe8f804b12b2e7f8851dd8f7d.php 第 161 行.
NOTIC: [8] Undefined index: mentNum C:\xampp\htdocs\aiston\Application\Runtime\Cache\Admin\7a4184ffe8f804b12b2e7f8851dd8f7d.php 第 161 行.
NOTIC: [8] Undefined index: mentNum C:\xampp\htdocs\aiston\Application\Runtime\Cache\Admin\7a4184ffe8f804b12b2e7f8851dd8f7d.php 第 161 行.
NOTIC: [8] Undefined index: mentNum C:\xampp\htdocs\aiston\Application\Runtime\Cache\Admin\7a4184ffe8f804b12b2e7f8851dd8f7d.php 第 161 行.
NOTIC: [8] Undefined index: mentNum C:\xampp\htdocs\aiston\Application\Runtime\Cache\Admin\7a4184ffe8f804b12b2e7f8851dd8f7d.php 第 161 行.
NOTIC: [8] Undefined index: mentNum C:\xampp\htdocs\aiston\Application\Runtime\Cache\Admin\7a4184ffe8f804b12b2e7f8851dd8f7d.php 第 161 行.
NOTIC: [8] Undefined index: mentNum C:\xampp\htdocs\aiston\Application\Runtime\Cache\Admin\7a4184ffe8f804b12b2e7f8851dd8f7d.php 第 161 行.
NOTIC: [8] Undefined index: mentNum C:\xampp\htdocs\aiston\Application\Runtime\Cache\Admin\7a4184ffe8f804b12b2e7f8851dd8f7d.php 第 161 行.
NOTIC: [8] Undefined index: mentNum C:\xampp\htdocs\aiston\Application\Runtime\Cache\Admin\7a4184ffe8f804b12b2e7f8851dd8f7d.php 第 161 行.
NOTIC: [8] Array to string conversion C:\xampp\htdocs\aiston\Application\Runtime\Cache\Admin\7a4184ffe8f804b12b2e7f8851dd8f7d.php 第 381 行.
INFO: Run Behavior\ParseTemplateBehavior [ RunTime:0.033404s ]
INFO: [ view_parse ] --END-- [ RunTime:0.033489s ]
INFO: [ view_filter ] --START--
INFO: Run Behavior\WriteHtmlCacheBehavior [ RunTime:0.001647s ]
INFO: [ view_filter ] --END-- [ RunTime:0.001699s ]
NOTIC: [8] Undefined index: show C:\xampp\htdocs\aiston\Application\Admin\Controller\ArticleController.class.php 第 82 行.
NOTIC: [8] Undefined index: id C:\xampp\htdocs\aiston\Application\Admin\Controller\ArticleController.class.php 第 83 行.
SQL: UPDATE `ast_article` SET `art_isshow`='1' WHERE `art_id` = null [ RunTime:0.0003s ]
INFO: [ app_end ] --START--
INFO: Run Behavior\ShowPageTraceBehavior [ RunTime:0.002890s ]
INFO: [ app_end ] --END-- [ RunTime:0.002981s ]

[ 2016-01-25T10:42:30+08:00 ] ::1 /index.php/Admin/Article/index?page=2
INFO: [ app_init ] --START--
INFO: Run Behavior\BuildLiteBehavior [ RunTime:0.000021s ]
INFO: [ app_init ] --END-- [ RunTime:0.000582s ]
INFO: [ app_begin ] --START--
INFO: Run Behavior\ReadHtmlCacheBehavior [ RunTime:0.000895s ]
INFO: [ app_begin ] --END-- [ RunTime:0.000969s ]
SQL: SHOW COLUMNS FROM `ast_admin` [ RunTime:0.0046s ]
SQL: SELECT * FROM `ast_admin`  [ RunTime:0.0003s ]
SQL: SELECT * FROM `ast_admin` WHERE `admin_id` = 1 LIMIT 1   [ RunTime:0.0002s ]
SQL: SHOW COLUMNS FROM `ast_nav` [ RunTime:0.0051s ]
SQL: SELECT * FROM `ast_nav`  [ RunTime:0.0004s ]
SQL: SELECT COUNT(*) AS tp_count FROM `ast_admin` LIMIT 1   [ RunTime:0.0002s ]
NOTIC: [2] Missing argument 3 for getAdminPage(), called in C:\xampp\htdocs\aiston\Application\Admin\Controller\CommonController.class.php on line 51 and defined C:\xampp\htdocs\aiston\Application\Common\Common\function.php 第 3 行.
NOTIC: [8] Undefined variable: num C:\xampp\htdocs\aiston\Application\Common\Common\function.php 第 4 行.
SQL: SELECT * FROM `ast_admin` ORDER BY admin_id LIMIT 0,10   [ RunTime:0.0003s ]
SQL: SHOW COLUMNS FROM `ast_article` [ RunTime:0.0064s ]
SQL: SHOW COLUMNS FROM `ast_artcate` [ RunTime:0.0043s ]
SQL: SELECT * FROM `ast_artcate` WHERE `cate_id` = 0 LIMIT 1   [ RunTime:0.0003s ]
SQL: SELECT * FROM `ast_artcate` WHERE `cate_id` = 0 LIMIT 1   [ RunTime:0.0003s ]
SQL: SELECT * FROM `ast_artcate` WHERE `cate_pid` = 0  [ RunTime:0.0004s ]
SQL: SELECT * FROM `ast_artcate` WHERE `cate_pid` = 0  [ RunTime:0.0003s ]
SQL: SELECT COUNT(*) AS tp_count FROM `ast_article` LIMIT 1   [ RunTime:0.0003s ]
SQL: SELECT * FROM `ast_article` INNER JOIN `ast_artcate` ON ast_article.art_cateid = ast_artcate.cate_id  ORDER BY art_addtime DESC LIMIT 10,10   [ RunTime:0.0006s ]
SQL: SHOW COLUMNS FROM `ast_artcomment` [ RunTime:0.0044s ]
SQL: SELECT * FROM `ast_artcomment`  [ RunTime:0.0003s ]
INFO: [ view_parse ] --START--
INFO: [ template_filter ] --START--
INFO: Run Behavior\ContentReplaceBehavior [ RunTime:0.000523s ]
INFO: [ template_filter ] --END-- [ RunTime:0.000593s ]
NOTIC: [8] Undefined index: mentNum C:\xampp\htdocs\aiston\Application\Runtime\Cache\Admin\7a4184ffe8f804b12b2e7f8851dd8f7d.php 第 161 行.
NOTIC: [8] Array to string conversion C:\xampp\htdocs\aiston\Application\Runtime\Cache\Admin\7a4184ffe8f804b12b2e7f8851dd8f7d.php 第 381 行.
INFO: Run Behavior\ParseTemplateBehavior [ RunTime:0.028953s ]
INFO: [ view_parse ] --END-- [ RunTime:0.029016s ]
INFO: [ view_filter ] --START--
INFO: Run Behavior\WriteHtmlCacheBehavior [ RunTime:0.000594s ]
INFO: [ view_filter ] --END-- [ RunTime:0.000643s ]
NOTIC: [8] Undefined index: show C:\xampp\htdocs\aiston\Application\Admin\Controller\ArticleController.class.php 第 82 行.
NOTIC: [8] Undefined index: id C:\xampp\htdocs\aiston\Application\Admin\Controller\ArticleController.class.php 第 83 行.
SQL: UPDATE `ast_article` SET `art_isshow`='1' WHERE `art_id` = null [ RunTime:0.0003s ]
INFO: [ app_end ] --START--
INFO: Run Behavior\ShowPageTraceBehavior [ RunTime:0.001354s ]
INFO: [ app_end ] --END-- [ RunTime:0.001447s ]

[ 2016-01-25T10:42:32+08:00 ] ::1 /index.php/Admin/Article/index?page=1
INFO: [ app_init ] --START--
INFO: Run Behavior\BuildLiteBehavior [ RunTime:0.000022s ]
INFO: [ app_init ] --END-- [ RunTime:0.000504s ]
INFO: [ app_begin ] --START--
INFO: Run Behavior\ReadHtmlCacheBehavior [ RunTime:0.000854s ]
INFO: [ app_begin ] --END-- [ RunTime:0.000929s ]
SQL: SHOW COLUMNS FROM `ast_admin` [ RunTime:0.0051s ]
SQL: SELECT * FROM `ast_admin`  [ RunTime:0.0003s ]
SQL: SELECT * FROM `ast_admin` WHERE `admin_id` = 1 LIMIT 1   [ RunTime:0.0003s ]
SQL: SHOW COLUMNS FROM `ast_nav` [ RunTime:0.0045s ]
SQL: SELECT * FROM `ast_nav`  [ RunTime:0.0004s ]
SQL: SELECT COUNT(*) AS tp_count FROM `ast_admin` LIMIT 1   [ RunTime:0.0002s ]
NOTIC: [2] Missing argument 3 for getAdminPage(), called in C:\xampp\htdocs\aiston\Application\Admin\Controller\CommonController.class.php on line 51 and defined C:\xampp\htdocs\aiston\Application\Common\Common\function.php 第 3 行.
NOTIC: [8] Undefined variable: num C:\xampp\htdocs\aiston\Application\Common\Common\function.php 第 4 行.
SQL: SELECT * FROM `ast_admin` ORDER BY admin_id LIMIT 0,10   [ RunTime:0.0004s ]
SQL: SHOW COLUMNS FROM `ast_article` [ RunTime:0.0070s ]
SQL: SHOW COLUMNS FROM `ast_artcate` [ RunTime:0.0043s ]
SQL: SELECT * FROM `ast_artcate` WHERE `cate_id` = 0 LIMIT 1   [ RunTime:0.0002s ]
SQL: SELECT * FROM `ast_artcate` WHERE `cate_id` = 0 LIMIT 1   [ RunTime:0.0002s ]
SQL: SELECT * FROM `ast_artcate` WHERE `cate_pid` = 0  [ RunTime:0.0002s ]
SQL: SELECT * FROM `ast_artcate` WHERE `cate_pid` = 0  [ RunTime:0.0002s ]
SQL: SELECT COUNT(*) AS tp_count FROM `ast_article` LIMIT 1   [ RunTime:0.0001s ]
SQL: SELECT * FROM `ast_article` INNER JOIN `ast_artcate` ON ast_article.art_cateid = ast_artcate.cate_id  ORDER BY art_addtime DESC LIMIT 0,10   [ RunTime:0.0005s ]
SQL: SHOW COLUMNS FROM `ast_artcomment` [ RunTime:0.0043s ]
SQL: SELECT * FROM `ast_artcomment`  [ RunTime:0.0002s ]
INFO: [ view_parse ] --START--
INFO: [ template_filter ] --START--
INFO: Run Behavior\ContentReplaceBehavior [ RunTime:0.000459s ]
INFO: [ template_filter ] --END-- [ RunTime:0.000526s ]
NOTIC: [8] Undefined index: mentNum C:\xampp\htdocs\aiston\Application\Runtime\Cache\Admin\7a4184ffe8f804b12b2e7f8851dd8f7d.php 第 161 行.
NOTIC: [8] Undefined index: mentNum C:\xampp\htdocs\aiston\Application\Runtime\Cache\Admin\7a4184ffe8f804b12b2e7f8851dd8f7d.php 第 161 行.
NOTIC: [8] Undefined index: mentNum C:\xampp\htdocs\aiston\Application\Runtime\Cache\Admin\7a4184ffe8f804b12b2e7f8851dd8f7d.php 第 161 行.
NOTIC: [8] Undefined index: mentNum C:\xampp\htdocs\aiston\Application\Runtime\Cache\Admin\7a4184ffe8f804b12b2e7f8851dd8f7d.php 第 161 行.
NOTIC: [8] Undefined index: mentNum C:\xampp\htdocs\aiston\Application\Runtime\Cache\Admin\7a4184ffe8f804b12b2e7f8851dd8f7d.php 第 161 行.
NOTIC: [8] Undefined index: mentNum C:\xampp\htdocs\aiston\Application\Runtime\Cache\Admin\7a4184ffe8f804b12b2e7f8851dd8f7d.php 第 161 行.
NOTIC: [8] Undefined index: mentNum C:\xampp\htdocs\aiston\Application\Runtime\Cache\Admin\7a4184ffe8f804b12b2e7f8851dd8f7d.php 第 161 行.
NOTIC: [8] Undefined index: mentNum C:\xampp\htdocs\aiston\Application\Runtime\Cache\Admin\7a4184ffe8f804b12b2e7f8851dd8f7d.php 第 161 行.
NOTIC: [8] Undefined index: mentNum C:\xampp\htdocs\aiston\Application\Runtime\Cache\Admin\7a4184ffe8f804b12b2e7f8851dd8f7d.php 第 161 行.
NOTIC: [8] Undefined index: mentNum C:\xampp\htdocs\aiston\Application\Runtime\Cache\Admin\7a4184ffe8f804b12b2e7f8851dd8f7d.php 第 161 行.
NOTIC: [8] Array to string conversion C:\xampp\htdocs\aiston\Application\Runtime\Cache\Admin\7a4184ffe8f804b12b2e7f8851dd8f7d.php 第 381 行.
INFO: Run Behavior\ParseTemplateBehavior [ RunTime:0.029452s ]
INFO: [ view_parse ] --END-- [ RunTime:0.029522s ]
INFO: [ view_filter ] --START--
INFO: Run Behavior\WriteHtmlCacheBehavior [ RunTime:0.000651s ]
INFO: [ view_filter ] --END-- [ RunTime:0.000705s ]
NOTIC: [8] Undefined index: show C:\xampp\htdocs\aiston\Application\Admin\Controller\ArticleController.class.php 第 82 行.
NOTIC: [8] Undefined index: id C:\xampp\htdocs\aiston\Application\Admin\Controller\ArticleController.class.php 第 83 行.
SQL: UPDATE `ast_article` SET `art_isshow`='1' WHERE `art_id` = null [ RunTime:0.0003s ]
INFO: [ app_end ] --START--
INFO: Run Behavior\ShowPageTraceBehavior [ RunTime:0.001230s ]
INFO: [ app_end ] --END-- [ RunTime:0.001299s ]

[ 2016-01-25T10:42:56+08:00 ] ::1 /index.php/Admin/Article/index?page=1
INFO: [ app_init ] --START--
INFO: Run Behavior\BuildLiteBehavior [ RunTime:0.000017s ]
INFO: [ app_init ] --END-- [ RunTime:0.000457s ]
INFO: [ app_begin ] --START--
INFO: Run Behavior\ReadHtmlCacheBehavior [ RunTime:0.001400s ]
INFO: [ app_begin ] --END-- [ RunTime:0.001542s ]
SQL: SHOW COLUMNS FROM `ast_admin` [ RunTime:0.0045s ]
SQL: SELECT * FROM `ast_admin`  [ RunTime:0.0003s ]
SQL: SELECT * FROM `ast_admin` WHERE `admin_id` = 1 LIMIT 1   [ RunTime:0.0003s ]
SQL: SHOW COLUMNS FROM `ast_nav` [ RunTime:0.0042s ]
SQL: SELECT * FROM `ast_nav`  [ RunTime:0.0004s ]
SQL: SELECT COUNT(*) AS tp_count FROM `ast_admin` LIMIT 1   [ RunTime:0.0002s ]
NOTIC: [2] Missing argument 3 for getAdminPage(), called in C:\xampp\htdocs\aiston\Application\Admin\Controller\CommonController.class.php on line 51 and defined C:\xampp\htdocs\aiston\Application\Common\Common\function.php 第 3 行.
NOTIC: [8] Undefined variable: num C:\xampp\htdocs\aiston\Application\Common\Common\function.php 第 4 行.
SQL: SELECT * FROM `ast_admin` ORDER BY admin_id LIMIT 0,10   [ RunTime:0.0004s ]
SQL: SHOW COLUMNS FROM `ast_article` [ RunTime:0.0054s ]
SQL: SHOW COLUMNS FROM `ast_artcate` [ RunTime:0.0046s ]
SQL: SELECT * FROM `ast_artcate` WHERE `cate_id` = 0 LIMIT 1   [ RunTime:0.0003s ]
SQL: SELECT * FROM `ast_artcate` WHERE `cate_id` = 0 LIMIT 1   [ RunTime:0.0002s ]
SQL: SELECT * FROM `ast_artcate` WHERE `cate_pid` = 0  [ RunTime:0.0003s ]
SQL: SELECT * FROM `ast_artcate` WHERE `cate_pid` = 0  [ RunTime:0.0002s ]
SQL: SELECT COUNT(*) AS tp_count FROM `ast_article` LIMIT 1   [ RunTime:0.0002s ]
SQL: SELECT * FROM `ast_article` INNER JOIN `ast_artcate` ON ast_article.art_cateid = ast_artcate.cate_id  ORDER BY art_addtime DESC LIMIT 0,10   [ RunTime:0.0005s ]
SQL: SHOW COLUMNS FROM `ast_artcomment` [ RunTime:0.0047s ]
SQL: SELECT * FROM `ast_artcomment`  [ RunTime:0.0002s ]
INFO: [ view_parse ] --START--
INFO: [ template_filter ] --START--
INFO: Run Behavior\ContentReplaceBehavior [ RunTime:0.000702s ]
INFO: [ template_filter ] --END-- [ RunTime:0.000771s ]
NOTIC: [8] Undefined index: mentNum C:\xampp\htdocs\aiston\Application\Runtime\Cache\Admin\7a4184ffe8f804b12b2e7f8851dd8f7d.php 第 161 行.
NOTIC: [8] Undefined index: mentNum C:\xampp\htdocs\aiston\Application\Runtime\Cache\Admin\7a4184ffe8f804b12b2e7f8851dd8f7d.php 第 161 行.
NOTIC: [8] Undefined index: mentNum C:\xampp\htdocs\aiston\Application\Runtime\Cache\Admin\7a4184ffe8f804b12b2e7f8851dd8f7d.php 第 161 行.
NOTIC: [8] Undefined index: mentNum C:\xampp\htdocs\aiston\Application\Runtime\Cache\Admin\7a4184ffe8f804b12b2e7f8851dd8f7d.php 第 161 行.
NOTIC: [8] Undefined index: mentNum C:\xampp\htdocs\aiston\Application\Runtime\Cache\Admin\7a4184ffe8f804b12b2e7f8851dd8f7d.php 第 161 行.
NOTIC: [8] Undefined index: mentNum C:\xampp\htdocs\aiston\Application\Runtime\Cache\Admin\7a4184ffe8f804b12b2e7f8851dd8f7d.php 第 161 行.
NOTIC: [8] Undefined index: mentNum C:\xampp\htdocs\aiston\Application\Runtime\Cache\Admin\7a4184ffe8f804b12b2e7f8851dd8f7d.php 第 161 行.
NOTIC: [8] Undefined index: mentNum C:\xampp\htdocs\aiston\Application\Runtime\Cache\Admin\7a4184ffe8f804b12b2e7f8851dd8f7d.php 第 161 行.
NOTIC: [8] Undefined index: mentNum C:\xampp\htdocs\aiston\Application\Runtime\Cache\Admin\7a4184ffe8f804b12b2e7f8851dd8f7d.php 第 161 行.
NOTIC: [8] Undefined index: mentNum C:\xampp\htdocs\aiston\Application\Runtime\Cache\Admin\7a4184ffe8f804b12b2e7f8851dd8f7d.php 第 161 行.
NOTIC: [8] Array to string conversion C:\xampp\htdocs\aiston\Application\Runtime\Cache\Admin\7a4184ffe8f804b12b2e7f8851dd8f7d.php 第 381 行.
INFO: Run Behavior\ParseTemplateBehavior [ RunTime:0.029251s ]
INFO: [ view_parse ] --END-- [ RunTime:0.029315s ]
INFO: [ view_filter ] --START--
INFO: Run Behavior\WriteHtmlCacheBehavior [ RunTime:0.000703s ]
INFO: [ view_filter ] --END-- [ RunTime:0.000761s ]
NOTIC: [8] Undefined index: show C:\xampp\htdocs\aiston\Application\Admin\Controller\ArticleController.class.php 第 82 行.
NOTIC: [8] Undefined index: id C:\xampp\htdocs\aiston\Application\Admin\Controller\ArticleController.class.php 第 83 行.
SQL: UPDATE `ast_article` SET `art_isshow`='1' WHERE `art_id` = null [ RunTime:0.0003s ]
INFO: [ app_end ] --START--
INFO: Run Behavior\ShowPageTraceBehavior [ RunTime:0.001264s ]
INFO: [ app_end ] --END-- [ RunTime:0.001351s ]

[ 2016-01-25T10:42:59+08:00 ] ::1 /index.php/Admin/Article/index?page=2
INFO: [ app_init ] --START--
INFO: Run Behavior\BuildLiteBehavior [ RunTime:0.000016s ]
INFO: [ app_init ] --END-- [ RunTime:0.000462s ]
INFO: [ app_begin ] --START--
INFO: Run Behavior\ReadHtmlCacheBehavior [ RunTime:0.000993s ]
INFO: [ app_begin ] --END-- [ RunTime:0.001057s ]
SQL: SHOW COLUMNS FROM `ast_admin` [ RunTime:0.0044s ]
SQL: SELECT * FROM `ast_admin`  [ RunTime:0.0003s ]
SQL: SELECT * FROM `ast_admin` WHERE `admin_id` = 1 LIMIT 1   [ RunTime:0.0003s ]
SQL: SHOW COLUMNS FROM `ast_nav` [ RunTime:0.0046s ]
SQL: SELECT * FROM `ast_nav`  [ RunTime:0.0003s ]
SQL: SELECT COUNT(*) AS tp_count FROM `ast_admin` LIMIT 1   [ RunTime:0.0002s ]
NOTIC: [2] Missing argument 3 for getAdminPage(), called in C:\xampp\htdocs\aiston\Application\Admin\Controller\CommonController.class.php on line 51 and defined C:\xampp\htdocs\aiston\Application\Common\Common\function.php 第 3 行.
NOTIC: [8] Undefined variable: num C:\xampp\htdocs\aiston\Application\Common\Common\function.php 第 4 行.
SQL: SELECT * FROM `ast_admin` ORDER BY admin_id LIMIT 0,10   [ RunTime:0.0003s ]
SQL: SHOW COLUMNS FROM `ast_article` [ RunTime:0.0057s ]
SQL: SHOW COLUMNS FROM `ast_artcate` [ RunTime:0.0048s ]
SQL: SELECT * FROM `ast_artcate` WHERE `cate_id` = 0 LIMIT 1   [ RunTime:0.0003s ]
SQL: SELECT * FROM `ast_artcate` WHERE `cate_id` = 0 LIMIT 1   [ RunTime:0.0003s ]
SQL: SELECT * FROM `ast_artcate` WHERE `cate_pid` = 0  [ RunTime:0.0002s ]
SQL: SELECT * FROM `ast_artcate` WHERE `cate_pid` = 0  [ RunTime:0.0002s ]
SQL: SELECT COUNT(*) AS tp_count FROM `ast_article` LIMIT 1   [ RunTime:0.0002s ]
SQL: SELECT * FROM `ast_article` INNER JOIN `ast_artcate` ON ast_article.art_cateid = ast_artcate.cate_id  ORDER BY art_addtime DESC LIMIT 10,10   [ RunTime:0.0006s ]
SQL: SHOW COLUMNS FROM `ast_artcomment` [ RunTime:0.0045s ]
SQL: SELECT * FROM `ast_artcomment`  [ RunTime:0.0002s ]
INFO: [ view_parse ] --START--
INFO: [ template_filter ] --START--
INFO: Run Behavior\ContentReplaceBehavior [ RunTime:0.000485s ]
INFO: [ template_filter ] --END-- [ RunTime:0.000563s ]
NOTIC: [8] Undefined index: mentNum C:\xampp\htdocs\aiston\Application\Runtime\Cache\Admin\7a4184ffe8f804b12b2e7f8851dd8f7d.php 第 161 行.
NOTIC: [8] Array to string conversion C:\xampp\htdocs\aiston\Application\Runtime\Cache\Admin\7a4184ffe8f804b12b2e7f8851dd8f7d.php 第 381 行.
INFO: Run Behavior\ParseTemplateBehavior [ RunTime:0.028377s ]
INFO: [ view_parse ] --END-- [ RunTime:0.028439s ]
INFO: [ view_filter ] --START--
INFO: Run Behavior\WriteHtmlCacheBehavior [ RunTime:0.000733s ]
INFO: [ view_filter ] --END-- [ RunTime:0.000782s ]
NOTIC: [8] Undefined index: show C:\xampp\htdocs\aiston\Application\Admin\Controller\ArticleController.class.php 第 82 行.
NOTIC: [8] Undefined index: id C:\xampp\htdocs\aiston\Application\Admin\Controller\ArticleController.class.php 第 83 行.
SQL: UPDATE `ast_article` SET `art_isshow`='1' WHERE `art_id` = null [ RunTime:0.0003s ]
INFO: [ app_end ] --START--
INFO: Run Behavior\ShowPageTraceBehavior [ RunTime:0.001288s ]
INFO: [ app_end ] --END-- [ RunTime:0.001382s ]

[ 2016-01-25T10:43:00+08:00 ] ::1 /index.php/Admin/Article/index?page=1
INFO: [ app_init ] --START--
INFO: Run Behavior\BuildLiteBehavior [ RunTime:0.000017s ]
INFO: [ app_init ] --END-- [ RunTime:0.000547s ]
INFO: [ app_begin ] --START--
INFO: Run Behavior\ReadHtmlCacheBehavior [ RunTime:0.000887s ]
INFO: [ app_begin ] --END-- [ RunTime:0.000957s ]
SQL: SHOW COLUMNS FROM `ast_admin` [ RunTime:0.0056s ]
SQL: SELECT * FROM `ast_admin`  [ RunTime:0.0004s ]
SQL: SELECT * FROM `ast_admin` WHERE `admin_id` = 1 LIMIT 1   [ RunTime:0.0003s ]
SQL: SHOW COLUMNS FROM `ast_nav` [ RunTime:0.0053s ]
SQL: SELECT * FROM `ast_nav`  [ RunTime:0.0004s ]
SQL: SELECT COUNT(*) AS tp_count FROM `ast_admin` LIMIT 1   [ RunTime:0.0002s ]
NOTIC: [2] Missing argument 3 for getAdminPage(), called in C:\xampp\htdocs\aiston\Application\Admin\Controller\CommonController.class.php on line 51 and defined C:\xampp\htdocs\aiston\Application\Common\Common\function.php 第 3 行.
NOTIC: [8] Undefined variable: num C:\xampp\htdocs\aiston\Application\Common\Common\function.php 第 4 行.
SQL: SELECT * FROM `ast_admin` ORDER BY admin_id LIMIT 0,10   [ RunTime:0.0003s ]
SQL: SHOW COLUMNS FROM `ast_article` [ RunTime:0.0067s ]
SQL: SHOW COLUMNS FROM `ast_artcate` [ RunTime:0.0044s ]
SQL: SELECT * FROM `ast_artcate` WHERE `cate_id` = 0 LIMIT 1   [ RunTime:0.0003s ]
SQL: SELECT * FROM `ast_artcate` WHERE `cate_id` = 0 LIMIT 1   [ RunTime:0.0002s ]
SQL: SELECT * FROM `ast_artcate` WHERE `cate_pid` = 0  [ RunTime:0.0002s ]
SQL: SELECT * FROM `ast_artcate` WHERE `cate_pid` = 0  [ RunTime:0.0002s ]
SQL: SELECT COUNT(*) AS tp_count FROM `ast_article` LIMIT 1   [ RunTime:0.0002s ]
SQL: SELECT * FROM `ast_article` INNER JOIN `ast_artcate` ON ast_article.art_cateid = ast_artcate.cate_id  ORDER BY art_addtime DESC LIMIT 0,10   [ RunTime:0.0005s ]
SQL: SHOW COLUMNS FROM `ast_artcomment` [ RunTime:0.0044s ]
SQL: SELECT * FROM `ast_artcomment`  [ RunTime:0.0002s ]
INFO: [ view_parse ] --START--
INFO: [ template_filter ] --START--
INFO: Run Behavior\ContentReplaceBehavior [ RunTime:0.000466s ]
INFO: [ template_filter ] --END-- [ RunTime:0.000533s ]
NOTIC: [8] Undefined index: mentNum C:\xampp\htdocs\aiston\Application\Runtime\Cache\Admin\7a4184ffe8f804b12b2e7f8851dd8f7d.php 第 161 行.
NOTIC: [8] Undefined index: mentNum C:\xampp\htdocs\aiston\Application\Runtime\Cache\Admin\7a4184ffe8f804b12b2e7f8851dd8f7d.php 第 161 行.
NOTIC: [8] Undefined index: mentNum C:\xampp\htdocs\aiston\Application\Runtime\Cache\Admin\7a4184ffe8f804b12b2e7f8851dd8f7d.php 第 161 行.
NOTIC: [8] Undefined index: mentNum C:\xampp\htdocs\aiston\Application\Runtime\Cache\Admin\7a4184ffe8f804b12b2e7f8851dd8f7d.php 第 161 行.
NOTIC: [8] Undefined index: mentNum C:\xampp\htdocs\aiston\Application\Runtime\Cache\Admin\7a4184ffe8f804b12b2e7f8851dd8f7d.php 第 161 行.
NOTIC: [8] Undefined index: mentNum C:\xampp\htdocs\aiston\Application\Runtime\Cache\Admin\7a4184ffe8f804b12b2e7f8851dd8f7d.php 第 161 行.
NOTIC: [8] Undefined index: mentNum C:\xampp\htdocs\aiston\Application\Runtime\Cache\Admin\7a4184ffe8f804b12b2e7f8851dd8f7d.php 第 161 行.
NOTIC: [8] Undefined index: mentNum C:\xampp\htdocs\aiston\Application\Runtime\Cache\Admin\7a4184ffe8f804b12b2e7f8851dd8f7d.php 第 161 行.
NOTIC: [8] Undefined index: mentNum C:\xampp\htdocs\aiston\Application\Runtime\Cache\Admin\7a4184ffe8f804b12b2e7f8851dd8f7d.php 第 161 行.
NOTIC: [8] Undefined index: mentNum C:\xampp\htdocs\aiston\Application\Runtime\Cache\Admin\7a4184ffe8f804b12b2e7f8851dd8f7d.php 第 161 行.
NOTIC: [8] Array to string conversion C:\xampp\htdocs\aiston\Application\Runtime\Cache\Admin\7a4184ffe8f804b12b2e7f8851dd8f7d.php 第 381 行.
INFO: Run Behavior\ParseTemplateBehavior [ RunTime:0.032547s ]
INFO: [ view_parse ] --END-- [ RunTime:0.032639s ]
INFO: [ view_filter ] --START--
INFO: Run Behavior\WriteHtmlCacheBehavior [ RunTime:0.000911s ]
INFO: [ view_filter ] --END-- [ RunTime:0.000997s ]
NOTIC: [8] Undefined index: show C:\xampp\htdocs\aiston\Application\Admin\Controller\ArticleController.class.php 第 82 行.
NOTIC: [8] Undefined index: id C:\xampp\htdocs\aiston\Application\Admin\Controller\ArticleController.class.php 第 83 行.
SQL: UPDATE `ast_article` SET `art_isshow`='1' WHERE `art_id` = null [ RunTime:0.0004s ]
INFO: [ app_end ] --START--
INFO: Run Behavior\ShowPageTraceBehavior [ RunTime:0.001518s ]
INFO: [ app_end ] --END-- [ RunTime:0.001625s ]

[ 2016-01-25T10:43:42+08:00 ] ::1 /index.php/Admin/Article/index?page=1
INFO: [ app_init ] --START--
INFO: Run Behavior\BuildLiteBehavior [ RunTime:0.000021s ]
INFO: [ app_init ] --END-- [ RunTime:0.000768s ]
INFO: [ app_begin ] --START--
INFO: Run Behavior\ReadHtmlCacheBehavior [ RunTime:0.001495s ]
INFO: [ app_begin ] --END-- [ RunTime:0.001654s ]
SQL: SHOW COLUMNS FROM `ast_admin` [ RunTime:0.0044s ]
SQL: SELECT * FROM `ast_admin`  [ RunTime:0.0003s ]
SQL: SELECT * FROM `ast_admin` WHERE `admin_id` = 1 LIMIT 1   [ RunTime:0.0003s ]
SQL: SHOW COLUMNS FROM `ast_nav` [ RunTime:0.0046s ]
SQL: SELECT * FROM `ast_nav`  [ RunTime:0.0004s ]
SQL: SELECT COUNT(*) AS tp_count FROM `ast_admin` LIMIT 1   [ RunTime:0.0003s ]
NOTIC: [2] Missing argument 3 for getAdminPage(), called in C:\xampp\htdocs\aiston\Application\Admin\Controller\CommonController.class.php on line 51 and defined C:\xampp\htdocs\aiston\Application\Common\Common\function.php 第 3 行.
NOTIC: [8] Undefined variable: num C:\xampp\htdocs\aiston\Application\Common\Common\function.php 第 4 行.
SQL: SELECT * FROM `ast_admin` ORDER BY admin_id LIMIT 0,10   [ RunTime:0.0007s ]
SQL: SHOW COLUMNS FROM `ast_article` [ RunTime:0.0049s ]
SQL: SHOW COLUMNS FROM `ast_artcate` [ RunTime:0.0040s ]
SQL: SELECT * FROM `ast_artcate` WHERE `cate_id` = 0 LIMIT 1   [ RunTime:0.0003s ]
SQL: SELECT * FROM `ast_artcate` WHERE `cate_id` = 0 LIMIT 1   [ RunTime:0.0002s ]
SQL: SELECT * FROM `ast_artcate` WHERE `cate_pid` = 0  [ RunTime:0.0002s ]
SQL: SELECT * FROM `ast_artcate` WHERE `cate_pid` = 0  [ RunTime:0.0002s ]
SQL: SELECT COUNT(*) AS tp_count FROM `ast_article` LIMIT 1   [ RunTime:0.0002s ]
SQL: SELECT * FROM `ast_article` INNER JOIN `ast_artcate` ON ast_article.art_cateid = ast_artcate.cate_id  ORDER BY art_addtime DESC LIMIT 0,10   [ RunTime:0.0005s ]
SQL: SHOW COLUMNS FROM `ast_artcomment` [ RunTime:0.0046s ]
SQL: SELECT * FROM `ast_artcomment`  [ RunTime:0.0002s ]
INFO: [ view_parse ] --START--
INFO: [ template_filter ] --START--
INFO: Run Behavior\ContentReplaceBehavior [ RunTime:0.000515s ]
INFO: [ template_filter ] --END-- [ RunTime:0.000583s ]
NOTIC: [8] Undefined index: mentNum C:\xampp\htdocs\aiston\Application\Runtime\Cache\Admin\7a4184ffe8f804b12b2e7f8851dd8f7d.php 第 161 行.
NOTIC: [8] Undefined index: mentNum C:\xampp\htdocs\aiston\Application\Runtime\Cache\Admin\7a4184ffe8f804b12b2e7f8851dd8f7d.php 第 161 行.
NOTIC: [8] Undefined index: mentNum C:\xampp\htdocs\aiston\Application\Runtime\Cache\Admin\7a4184ffe8f804b12b2e7f8851dd8f7d.php 第 161 行.
NOTIC: [8] Undefined index: mentNum C:\xampp\htdocs\aiston\Application\Runtime\Cache\Admin\7a4184ffe8f804b12b2e7f8851dd8f7d.php 第 161 行.
NOTIC: [8] Undefined index: mentNum C:\xampp\htdocs\aiston\Application\Runtime\Cache\Admin\7a4184ffe8f804b12b2e7f8851dd8f7d.php 第 161 行.
NOTIC: [8] Undefined index: mentNum C:\xampp\htdocs\aiston\Application\Runtime\Cache\Admin\7a4184ffe8f804b12b2e7f8851dd8f7d.php 第 161 行.
NOTIC: [8] Undefined index: mentNum C:\xampp\htdocs\aiston\Application\Runtime\Cache\Admin\7a4184ffe8f804b12b2e7f8851dd8f7d.php 第 161 行.
NOTIC: [8] Undefined index: mentNum C:\xampp\htdocs\aiston\Application\Runtime\Cache\Admin\7a4184ffe8f804b12b2e7f8851dd8f7d.php 第 161 行.
NOTIC: [8] Undefined index: mentNum C:\xampp\htdocs\aiston\Application\Runtime\Cache\Admin\7a4184ffe8f804b12b2e7f8851dd8f7d.php 第 161 行.
NOTIC: [8] Undefined index: mentNum C:\xampp\htdocs\aiston\Application\Runtime\Cache\Admin\7a4184ffe8f804b12b2e7f8851dd8f7d.php 第 161 行.
NOTIC: [8] Array to string conversion C:\xampp\htdocs\aiston\Application\Runtime\Cache\Admin\7a4184ffe8f804b12b2e7f8851dd8f7d.php 第 381 行.
INFO: Run Behavior\ParseTemplateBehavior [ RunTime:0.033155s ]
INFO: [ view_parse ] --END-- [ RunTime:0.033216s ]
INFO: [ view_filter ] --START--
INFO: Run Behavior\WriteHtmlCacheBehavior [ RunTime:0.000678s ]
INFO: [ view_filter ] --END-- [ RunTime:0.000729s ]
NOTIC: [8] Undefined index: show C:\xampp\htdocs\aiston\Application\Admin\Controller\ArticleController.class.php 第 82 行.
NOTIC: [8] Undefined index: id C:\xampp\htdocs\aiston\Application\Admin\Controller\ArticleController.class.php 第 83 行.
SQL: UPDATE `ast_article` SET `art_isshow`='1' WHERE `art_id` = null [ RunTime:0.0003s ]
INFO: [ app_end ] --START--
INFO: Run Behavior\ShowPageTraceBehavior [ RunTime:0.001516s ]
INFO: [ app_end ] --END-- [ RunTime:0.001602s ]

[ 2016-01-25T10:44:16+08:00 ] ::1 /index.php/Admin/Article/index?page=1
INFO: [ app_init ] --START--
INFO: Run Behavior\BuildLiteBehavior [ RunTime:0.000035s ]
INFO: [ app_init ] --END-- [ RunTime:0.001031s ]
INFO: [ app_begin ] --START--
INFO: Run Behavior\ReadHtmlCacheBehavior [ RunTime:0.001355s ]
INFO: [ app_begin ] --END-- [ RunTime:0.001451s ]
SQL: SHOW COLUMNS FROM `ast_admin` [ RunTime:0.0042s ]
SQL: SELECT * FROM `ast_admin`  [ RunTime:0.0003s ]
SQL: SELECT * FROM `ast_admin` WHERE `admin_id` = 1 LIMIT 1   [ RunTime:0.0003s ]
SQL: SHOW COLUMNS FROM `ast_nav` [ RunTime:0.0060s ]
SQL: SELECT * FROM `ast_nav`  [ RunTime:0.0006s ]
SQL: SELECT COUNT(*) AS tp_count FROM `ast_admin` LIMIT 1   [ RunTime:0.0002s ]
NOTIC: [2] Missing argument 3 for getAdminPage(), called in C:\xampp\htdocs\aiston\Application\Admin\Controller\CommonController.class.php on line 51 and defined C:\xampp\htdocs\aiston\Application\Common\Common\function.php 第 3 行.
NOTIC: [8] Undefined variable: num C:\xampp\htdocs\aiston\Application\Common\Common\function.php 第 4 行.
SQL: SELECT * FROM `ast_admin` ORDER BY admin_id LIMIT 0,10   [ RunTime:0.0003s ]
SQL: SHOW COLUMNS FROM `ast_article` [ RunTime:0.0043s ]
SQL: SHOW COLUMNS FROM `ast_artcate` [ RunTime:0.0043s ]
SQL: SELECT * FROM `ast_artcate` WHERE `cate_id` = 0 LIMIT 1   [ RunTime:0.0005s ]
SQL: SELECT * FROM `ast_artcate` WHERE `cate_id` = 0 LIMIT 1   [ RunTime:0.0002s ]
SQL: SELECT * FROM `ast_artcate` WHERE `cate_pid` = 0  [ RunTime:0.0002s ]
SQL: SELECT * FROM `ast_artcate` WHERE `cate_pid` = 0  [ RunTime:0.0002s ]
SQL: SELECT COUNT(*) AS tp_count FROM `ast_article` LIMIT 1   [ RunTime:0.0002s ]
SQL: SELECT * FROM `ast_article` INNER JOIN `ast_artcate` ON ast_article.art_cateid = ast_artcate.cate_id  ORDER BY art_addtime DESC LIMIT 0,10   [ RunTime:0.0005s ]
SQL: SHOW COLUMNS FROM `ast_artcomment` [ RunTime:0.0047s ]
SQL: SELECT * FROM `ast_artcomment`  [ RunTime:0.0003s ]
INFO: [ view_parse ] --START--
INFO: [ template_filter ] --START--
INFO: Run Behavior\ContentReplaceBehavior [ RunTime:0.000651s ]
INFO: [ template_filter ] --END-- [ RunTime:0.000716s ]
NOTIC: [8] Undefined index: mentNum C:\xampp\htdocs\aiston\Application\Runtime\Cache\Admin\7a4184ffe8f804b12b2e7f8851dd8f7d.php 第 161 行.
NOTIC: [8] Undefined index: mentNum C:\xampp\htdocs\aiston\Application\Runtime\Cache\Admin\7a4184ffe8f804b12b2e7f8851dd8f7d.php 第 161 行.
NOTIC: [8] Undefined index: mentNum C:\xampp\htdocs\aiston\Application\Runtime\Cache\Admin\7a4184ffe8f804b12b2e7f8851dd8f7d.php 第 161 行.
NOTIC: [8] Undefined index: mentNum C:\xampp\htdocs\aiston\Application\Runtime\Cache\Admin\7a4184ffe8f804b12b2e7f8851dd8f7d.php 第 161 行.
NOTIC: [8] Undefined index: mentNum C:\xampp\htdocs\aiston\Application\Runtime\Cache\Admin\7a4184ffe8f804b12b2e7f8851dd8f7d.php 第 161 行.
NOTIC: [8] Undefined index: mentNum C:\xampp\htdocs\aiston\Application\Runtime\Cache\Admin\7a4184ffe8f804b12b2e7f8851dd8f7d.php 第 161 行.
NOTIC: [8] Undefined index: mentNum C:\xampp\htdocs\aiston\Application\Runtime\Cache\Admin\7a4184ffe8f804b12b2e7f8851dd8f7d.php 第 161 行.
NOTIC: [8] Undefined index: mentNum C:\xampp\htdocs\aiston\Application\Runtime\Cache\Admin\7a4184ffe8f804b12b2e7f8851dd8f7d.php 第 161 行.
NOTIC: [8] Undefined index: mentNum C:\xampp\htdocs\aiston\Application\Runtime\Cache\Admin\7a4184ffe8f804b12b2e7f8851dd8f7d.php 第 161 行.
NOTIC: [8] Undefined index: mentNum C:\xampp\htdocs\aiston\Application\Runtime\Cache\Admin\7a4184ffe8f804b12b2e7f8851dd8f7d.php 第 161 行.
NOTIC: [8] Array to string conversion C:\xampp\htdocs\aiston\Application\Runtime\Cache\Admin\7a4184ffe8f804b12b2e7f8851dd8f7d.php 第 381 行.
INFO: Run Behavior\ParseTemplateBehavior [ RunTime:0.029385s ]
INFO: [ view_parse ] --END-- [ RunTime:0.029453s ]
INFO: [ view_filter ] --START--
INFO: Run Behavior\WriteHtmlCacheBehavior [ RunTime:0.000690s ]
INFO: [ view_filter ] --END-- [ RunTime:0.000741s ]
NOTIC: [8] Undefined index: show C:\xampp\htdocs\aiston\Application\Admin\Controller\ArticleController.class.php 第 82 行.
NOTIC: [8] Undefined index: id C:\xampp\htdocs\aiston\Application\Admin\Controller\ArticleController.class.php 第 83 行.
SQL: UPDATE `ast_article` SET `art_isshow`='1' WHERE `art_id` = null [ RunTime:0.0003s ]
INFO: [ app_end ] --START--
INFO: Run Behavior\ShowPageTraceBehavior [ RunTime:0.001382s ]
INFO: [ app_end ] --END-- [ RunTime:0.001469s ]

[ 2016-01-25T10:44:20+08:00 ] ::1 /index.php/Admin/Article/index?page=2
INFO: [ app_init ] --START--
INFO: Run Behavior\BuildLiteBehavior [ RunTime:0.000017s ]
INFO: [ app_init ] --END-- [ RunTime:0.000546s ]
INFO: [ app_begin ] --START--
INFO: Run Behavior\ReadHtmlCacheBehavior [ RunTime:0.001010s ]
INFO: [ app_begin ] --END-- [ RunTime:0.001076s ]
SQL: SHOW COLUMNS FROM `ast_admin` [ RunTime:0.0044s ]
SQL: SELECT * FROM `ast_admin`  [ RunTime:0.0003s ]
SQL: SELECT * FROM `ast_admin` WHERE `admin_id` = 1 LIMIT 1   [ RunTime:0.0003s ]
SQL: SHOW COLUMNS FROM `ast_nav` [ RunTime:0.0049s ]
SQL: SELECT * FROM `ast_nav`  [ RunTime:0.0004s ]
SQL: SELECT COUNT(*) AS tp_count FROM `ast_admin` LIMIT 1   [ RunTime:0.0002s ]
NOTIC: [2] Missing argument 3 for getAdminPage(), called in C:\xampp\htdocs\aiston\Application\Admin\Controller\CommonController.class.php on line 51 and defined C:\xampp\htdocs\aiston\Application\Common\Common\function.php 第 3 行.
NOTIC: [8] Undefined variable: num C:\xampp\htdocs\aiston\Application\Common\Common\function.php 第 4 行.
SQL: SELECT * FROM `ast_admin` ORDER BY admin_id LIMIT 0,10   [ RunTime:0.0003s ]
SQL: SHOW COLUMNS FROM `ast_article` [ RunTime:0.0066s ]
SQL: SHOW COLUMNS FROM `ast_artcate` [ RunTime:0.0047s ]
SQL: SELECT * FROM `ast_artcate` WHERE `cate_id` = 0 LIMIT 1   [ RunTime:0.0003s ]
SQL: SELECT * FROM `ast_artcate` WHERE `cate_id` = 0 LIMIT 1   [ RunTime:0.0002s ]
SQL: SELECT * FROM `ast_artcate` WHERE `cate_pid` = 0  [ RunTime:0.0002s ]
SQL: SELECT * FROM `ast_artcate` WHERE `cate_pid` = 0  [ RunTime:0.0002s ]
SQL: SELECT COUNT(*) AS tp_count FROM `ast_article` LIMIT 1   [ RunTime:0.0002s ]
SQL: SELECT * FROM `ast_article` INNER JOIN `ast_artcate` ON ast_article.art_cateid = ast_artcate.cate_id  ORDER BY art_addtime DESC LIMIT 10,10   [ RunTime:0.0004s ]
SQL: SHOW COLUMNS FROM `ast_artcomment` [ RunTime:0.0046s ]
SQL: SELECT * FROM `ast_artcomment`  [ RunTime:0.0002s ]
INFO: [ view_parse ] --START--
INFO: [ template_filter ] --START--
INFO: Run Behavior\ContentReplaceBehavior [ RunTime:0.000479s ]
INFO: [ template_filter ] --END-- [ RunTime:0.000548s ]
NOTIC: [8] Undefined index: mentNum C:\xampp\htdocs\aiston\Application\Runtime\Cache\Admin\7a4184ffe8f804b12b2e7f8851dd8f7d.php 第 161 行.
NOTIC: [8] Array to string conversion C:\xampp\htdocs\aiston\Application\Runtime\Cache\Admin\7a4184ffe8f804b12b2e7f8851dd8f7d.php 第 381 行.
INFO: Run Behavior\ParseTemplateBehavior [ RunTime:0.028724s ]
INFO: [ view_parse ] --END-- [ RunTime:0.028785s ]
INFO: [ view_filter ] --START--
INFO: Run Behavior\WriteHtmlCacheBehavior [ RunTime:0.000651s ]
INFO: [ view_filter ] --END-- [ RunTime:0.000715s ]
NOTIC: [8] Undefined index: show C:\xampp\htdocs\aiston\Application\Admin\Controller\ArticleController.class.php 第 82 行.
NOTIC: [8] Undefined index: id C:\xampp\htdocs\aiston\Application\Admin\Controller\ArticleController.class.php 第 83 行.
SQL: UPDATE `ast_article` SET `art_isshow`='1' WHERE `art_id` = null [ RunTime:0.0005s ]
INFO: [ app_end ] --START--
INFO: Run Behavior\ShowPageTraceBehavior [ RunTime:0.001840s ]
INFO: [ app_end ] --END-- [ RunTime:0.001946s ]

[ 2016-01-25T10:44:22+08:00 ] ::1 /index.php/Admin/Article/index?page=1
INFO: [ app_init ] --START--
INFO: Run Behavior\BuildLiteBehavior [ RunTime:0.000016s ]
INFO: [ app_init ] --END-- [ RunTime:0.000503s ]
INFO: [ app_begin ] --START--
INFO: Run Behavior\ReadHtmlCacheBehavior [ RunTime:0.000798s ]
INFO: [ app_begin ] --END-- [ RunTime:0.000883s ]
SQL: SHOW COLUMNS FROM `ast_admin` [ RunTime:0.0055s ]
SQL: SELECT * FROM `ast_admin`  [ RunTime:0.0003s ]
SQL: SELECT * FROM `ast_admin` WHERE `admin_id` = 1 LIMIT 1   [ RunTime:0.0002s ]
SQL: SHOW COLUMNS FROM `ast_nav` [ RunTime:0.0042s ]
SQL: SELECT * FROM `ast_nav`  [ RunTime:0.0003s ]
SQL: SELECT COUNT(*) AS tp_count FROM `ast_admin` LIMIT 1   [ RunTime:0.0002s ]
NOTIC: [2] Missing argument 3 for getAdminPage(), called in C:\xampp\htdocs\aiston\Application\Admin\Controller\CommonController.class.php on line 51 and defined C:\xampp\htdocs\aiston\Application\Common\Common\function.php 第 3 行.
NOTIC: [8] Undefined variable: num C:\xampp\htdocs\aiston\Application\Common\Common\function.php 第 4 行.
SQL: SELECT * FROM `ast_admin` ORDER BY admin_id LIMIT 0,10   [ RunTime:0.0002s ]
SQL: SHOW COLUMNS FROM `ast_article` [ RunTime:0.0049s ]
SQL: SHOW COLUMNS FROM `ast_artcate` [ RunTime:0.0055s ]
SQL: SELECT * FROM `ast_artcate` WHERE `cate_id` = 0 LIMIT 1   [ RunTime:0.0004s ]
SQL: SELECT * FROM `ast_artcate` WHERE `cate_id` = 0 LIMIT 1   [ RunTime:0.0003s ]
SQL: SELECT * FROM `ast_artcate` WHERE `cate_pid` = 0  [ RunTime:0.0003s ]
SQL: SELECT * FROM `ast_artcate` WHERE `cate_pid` = 0  [ RunTime:0.0003s ]
SQL: SELECT COUNT(*) AS tp_count FROM `ast_article` LIMIT 1   [ RunTime:0.0002s ]
SQL: SELECT * FROM `ast_article` INNER JOIN `ast_artcate` ON ast_article.art_cateid = ast_artcate.cate_id  ORDER BY art_addtime DESC LIMIT 0,10   [ RunTime:0.0005s ]
SQL: SHOW COLUMNS FROM `ast_artcomment` [ RunTime:0.0045s ]
SQL: SELECT * FROM `ast_artcomment`  [ RunTime:0.0002s ]
INFO: [ view_parse ] --START--
INFO: [ template_filter ] --START--
INFO: Run Behavior\ContentReplaceBehavior [ RunTime:0.000472s ]
INFO: [ template_filter ] --END-- [ RunTime:0.000540s ]
NOTIC: [8] Undefined index: mentNum C:\xampp\htdocs\aiston\Application\Runtime\Cache\Admin\7a4184ffe8f804b12b2e7f8851dd8f7d.php 第 161 行.
NOTIC: [8] Undefined index: mentNum C:\xampp\htdocs\aiston\Application\Runtime\Cache\Admin\7a4184ffe8f804b12b2e7f8851dd8f7d.php 第 161 行.
NOTIC: [8] Undefined index: mentNum C:\xampp\htdocs\aiston\Application\Runtime\Cache\Admin\7a4184ffe8f804b12b2e7f8851dd8f7d.php 第 161 行.
NOTIC: [8] Undefined index: mentNum C:\xampp\htdocs\aiston\Application\Runtime\Cache\Admin\7a4184ffe8f804b12b2e7f8851dd8f7d.php 第 161 行.
NOTIC: [8] Undefined index: mentNum C:\xampp\htdocs\aiston\Application\Runtime\Cache\Admin\7a4184ffe8f804b12b2e7f8851dd8f7d.php 第 161 行.
NOTIC: [8] Undefined index: mentNum C:\xampp\htdocs\aiston\Application\Runtime\Cache\Admin\7a4184ffe8f804b12b2e7f8851dd8f7d.php 第 161 行.
NOTIC: [8] Undefined index: mentNum C:\xampp\htdocs\aiston\Application\Runtime\Cache\Admin\7a4184ffe8f804b12b2e7f8851dd8f7d.php 第 161 行.
NOTIC: [8] Undefined index: mentNum C:\xampp\htdocs\aiston\Application\Runtime\Cache\Admin\7a4184ffe8f804b12b2e7f8851dd8f7d.php 第 161 行.
NOTIC: [8] Undefined index: mentNum C:\xampp\htdocs\aiston\Application\Runtime\Cache\Admin\7a4184ffe8f804b12b2e7f8851dd8f7d.php 第 161 行.
NOTIC: [8] Undefined index: mentNum C:\xampp\htdocs\aiston\Application\Runtime\Cache\Admin\7a4184ffe8f804b12b2e7f8851dd8f7d.php 第 161 行.
NOTIC: [8] Array to string conversion C:\xampp\htdocs\aiston\Application\Runtime\Cache\Admin\7a4184ffe8f804b12b2e7f8851dd8f7d.php 第 381 行.
INFO: Run Behavior\ParseTemplateBehavior [ RunTime:0.029073s ]
INFO: [ view_parse ] --END-- [ RunTime:0.029134s ]
INFO: [ view_filter ] --START--
INFO: Run Behavior\WriteHtmlCacheBehavior [ RunTime:0.000695s ]
INFO: [ view_filter ] --END-- [ RunTime:0.000744s ]
NOTIC: [8] Undefined index: show C:\xampp\htdocs\aiston\Application\Admin\Controller\ArticleController.class.php 第 82 行.
NOTIC: [8] Undefined index: id C:\xampp\htdocs\aiston\Application\Admin\Controller\ArticleController.class.php 第 83 行.
SQL: UPDATE `ast_article` SET `art_isshow`='1' WHERE `art_id` = null [ RunTime:0.0003s ]
INFO: [ app_end ] --START--
INFO: Run Behavior\ShowPageTraceBehavior [ RunTime:0.001289s ]
INFO: [ app_end ] --END-- [ RunTime:0.001375s ]

[ 2016-01-25T10:44:56+08:00 ] ::1 /index.php/Admin/Article/index?page=1
INFO: [ app_init ] --START--
INFO: Run Behavior\BuildLiteBehavior [ RunTime:0.000021s ]
INFO: [ app_init ] --END-- [ RunTime:0.000739s ]
INFO: [ app_begin ] --START--
INFO: Run Behavior\ReadHtmlCacheBehavior [ RunTime:0.000878s ]
INFO: [ app_begin ] --END-- [ RunTime:0.000961s ]
SQL: SHOW COLUMNS FROM `ast_admin` [ RunTime:0.0044s ]
SQL: SELECT * FROM `ast_admin`  [ RunTime:0.0003s ]
SQL: SELECT * FROM `ast_admin` WHERE `admin_id` = 1 LIMIT 1   [ RunTime:0.0003s ]
SQL: SHOW COLUMNS FROM `ast_nav` [ RunTime:0.0043s ]
SQL: SELECT * FROM `ast_nav`  [ RunTime:0.0003s ]
SQL: SELECT COUNT(*) AS tp_count FROM `ast_admin` LIMIT 1   [ RunTime:0.0002s ]
NOTIC: [2] Missing argument 3 for getAdminPage(), called in C:\xampp\htdocs\aiston\Application\Admin\Controller\CommonController.class.php on line 51 and defined C:\xampp\htdocs\aiston\Application\Common\Common\function.php 第 3 行.
NOTIC: [8] Undefined variable: num C:\xampp\htdocs\aiston\Application\Common\Common\function.php 第 4 行.
SQL: SELECT * FROM `ast_admin` ORDER BY admin_id LIMIT 0,10   [ RunTime:0.0003s ]
SQL: SHOW COLUMNS FROM `ast_article` [ RunTime:0.0057s ]
SQL: SHOW COLUMNS FROM `ast_artcate` [ RunTime:0.0051s ]
SQL: SELECT * FROM `ast_artcate` WHERE `cate_id` = 0 LIMIT 1   [ RunTime:0.0003s ]
SQL: SELECT * FROM `ast_artcate` WHERE `cate_id` = 0 LIMIT 1   [ RunTime:0.0002s ]
SQL: SELECT * FROM `ast_artcate` WHERE `cate_pid` = 0  [ RunTime:0.0002s ]
SQL: SELECT * FROM `ast_artcate` WHERE `cate_pid` = 0  [ RunTime:0.0002s ]
SQL: SELECT COUNT(*) AS tp_count FROM `ast_article` LIMIT 1   [ RunTime:0.0002s ]
SQL: SELECT * FROM `ast_article` INNER JOIN `ast_artcate` ON ast_article.art_cateid = ast_artcate.cate_id  ORDER BY art_addtime DESC LIMIT 0,10   [ RunTime:0.0004s ]
SQL: SHOW COLUMNS FROM `ast_artcomment` [ RunTime:0.0042s ]
SQL: SELECT * FROM `ast_artcomment`  [ RunTime:0.0002s ]
INFO: [ view_parse ] --START--
INFO: [ template_filter ] --START--
INFO: Run Behavior\ContentReplaceBehavior [ RunTime:0.000455s ]
INFO: [ template_filter ] --END-- [ RunTime:0.000520s ]
NOTIC: [8] Undefined index: mentNum C:\xampp\htdocs\aiston\Application\Runtime\Cache\Admin\7a4184ffe8f804b12b2e7f8851dd8f7d.php 第 161 行.
NOTIC: [8] Undefined index: mentNum C:\xampp\htdocs\aiston\Application\Runtime\Cache\Admin\7a4184ffe8f804b12b2e7f8851dd8f7d.php 第 161 行.
NOTIC: [8] Undefined index: mentNum C:\xampp\htdocs\aiston\Application\Runtime\Cache\Admin\7a4184ffe8f804b12b2e7f8851dd8f7d.php 第 161 行.
NOTIC: [8] Undefined index: mentNum C:\xampp\htdocs\aiston\Application\Runtime\Cache\Admin\7a4184ffe8f804b12b2e7f8851dd8f7d.php 第 161 行.
NOTIC: [8] Undefined index: mentNum C:\xampp\htdocs\aiston\Application\Runtime\Cache\Admin\7a4184ffe8f804b12b2e7f8851dd8f7d.php 第 161 行.
NOTIC: [8] Undefined index: mentNum C:\xampp\htdocs\aiston\Application\Runtime\Cache\Admin\7a4184ffe8f804b12b2e7f8851dd8f7d.php 第 161 行.
NOTIC: [8] Undefined index: mentNum C:\xampp\htdocs\aiston\Application\Runtime\Cache\Admin\7a4184ffe8f804b12b2e7f8851dd8f7d.php 第 161 行.
NOTIC: [8] Undefined index: mentNum C:\xampp\htdocs\aiston\Application\Runtime\Cache\Admin\7a4184ffe8f804b12b2e7f8851dd8f7d.php 第 161 行.
NOTIC: [8] Undefined index: mentNum C:\xampp\htdocs\aiston\Application\Runtime\Cache\Admin\7a4184ffe8f804b12b2e7f8851dd8f7d.php 第 161 行.
NOTIC: [8] Undefined index: mentNum C:\xampp\htdocs\aiston\Application\Runtime\Cache\Admin\7a4184ffe8f804b12b2e7f8851dd8f7d.php 第 161 行.
NOTIC: [8] Array to string conversion C:\xampp\htdocs\aiston\Application\Runtime\Cache\Admin\7a4184ffe8f804b12b2e7f8851dd8f7d.php 第 381 行.
INFO: Run Behavior\ParseTemplateBehavior [ RunTime:0.033148s ]
INFO: [ view_parse ] --END-- [ RunTime:0.033230s ]
INFO: [ view_filter ] --START--
INFO: Run Behavior\WriteHtmlCacheBehavior [ RunTime:0.000595s ]
INFO: [ view_filter ] --END-- [ RunTime:0.000647s ]
NOTIC: [8] Undefined index: show C:\xampp\htdocs\aiston\Application\Admin\Controller\ArticleController.class.php 第 82 行.
NOTIC: [8] Undefined index: id C:\xampp\htdocs\aiston\Application\Admin\Controller\ArticleController.class.php 第 83 行.
SQL: UPDATE `ast_article` SET `art_isshow`='1' WHERE `art_id` = null [ RunTime:0.0003s ]
INFO: [ app_end ] --START--
INFO: Run Behavior\ShowPageTraceBehavior [ RunTime:0.001252s ]
INFO: [ app_end ] --END-- [ RunTime:0.001339s ]

[ 2016-01-25T10:45:13+08:00 ] ::1 /index.php/Admin/Article/index?page=1
INFO: [ app_init ] --START--
INFO: Run Behavior\BuildLiteBehavior [ RunTime:0.000018s ]
INFO: [ app_init ] --END-- [ RunTime:0.000572s ]
INFO: [ app_begin ] --START--
INFO: Run Behavior\ReadHtmlCacheBehavior [ RunTime:0.001037s ]
INFO: [ app_begin ] --END-- [ RunTime:0.001110s ]
SQL: SHOW COLUMNS FROM `ast_admin` [ RunTime:0.0052s ]
SQL: SELECT * FROM `ast_admin`  [ RunTime:0.0003s ]
SQL: SELECT * FROM `ast_admin` WHERE `admin_id` = 1 LIMIT 1   [ RunTime:0.0003s ]
SQL: SHOW COLUMNS FROM `ast_nav` [ RunTime:0.0043s ]
SQL: SELECT * FROM `ast_nav`  [ RunTime:0.0004s ]
SQL: SELECT COUNT(*) AS tp_count FROM `ast_admin` LIMIT 1   [ RunTime:0.0002s ]
NOTIC: [2] Missing argument 3 for getAdminPage(), called in C:\xampp\htdocs\aiston\Application\Admin\Controller\CommonController.class.php on line 51 and defined C:\xampp\htdocs\aiston\Application\Common\Common\function.php 第 3 行.
NOTIC: [8] Undefined variable: num C:\xampp\htdocs\aiston\Application\Common\Common\function.php 第 4 行.
SQL: SELECT * FROM `ast_admin` ORDER BY admin_id LIMIT 0,10   [ RunTime:0.0005s ]
SQL: SHOW COLUMNS FROM `ast_article` [ RunTime:0.0054s ]
SQL: SHOW COLUMNS FROM `ast_artcate` [ RunTime:0.0042s ]
SQL: SELECT * FROM `ast_artcate` WHERE `cate_id` = 0 LIMIT 1   [ RunTime:0.0003s ]
SQL: SELECT * FROM `ast_artcate` WHERE `cate_id` = 0 LIMIT 1   [ RunTime:0.0002s ]
SQL: SELECT * FROM `ast_artcate` WHERE `cate_pid` = 0  [ RunTime:0.0002s ]
SQL: SELECT * FROM `ast_artcate` WHERE `cate_pid` = 0  [ RunTime:0.0002s ]
SQL: SELECT COUNT(*) AS tp_count FROM `ast_article` LIMIT 1   [ RunTime:0.0002s ]
SQL: SELECT * FROM `ast_article` INNER JOIN `ast_artcate` ON ast_article.art_cateid = ast_artcate.cate_id  ORDER BY art_addtime DESC LIMIT 0,10   [ RunTime:0.0004s ]
SQL: SHOW COLUMNS FROM `ast_artcomment` [ RunTime:0.0044s ]
SQL: SELECT * FROM `ast_artcomment`  [ RunTime:0.0002s ]
INFO: [ view_parse ] --START--
INFO: [ template_filter ] --START--
INFO: Run Behavior\ContentReplaceBehavior [ RunTime:0.000461s ]
INFO: [ template_filter ] --END-- [ RunTime:0.000529s ]
NOTIC: [8] Undefined index: mentNum C:\xampp\htdocs\aiston\Application\Runtime\Cache\Admin\7a4184ffe8f804b12b2e7f8851dd8f7d.php 第 161 行.
NOTIC: [8] Undefined index: mentNum C:\xampp\htdocs\aiston\Application\Runtime\Cache\Admin\7a4184ffe8f804b12b2e7f8851dd8f7d.php 第 161 行.
NOTIC: [8] Undefined index: mentNum C:\xampp\htdocs\aiston\Application\Runtime\Cache\Admin\7a4184ffe8f804b12b2e7f8851dd8f7d.php 第 161 行.
NOTIC: [8] Undefined index: mentNum C:\xampp\htdocs\aiston\Application\Runtime\Cache\Admin\7a4184ffe8f804b12b2e7f8851dd8f7d.php 第 161 行.
NOTIC: [8] Undefined index: mentNum C:\xampp\htdocs\aiston\Application\Runtime\Cache\Admin\7a4184ffe8f804b12b2e7f8851dd8f7d.php 第 161 行.
NOTIC: [8] Undefined index: mentNum C:\xampp\htdocs\aiston\Application\Runtime\Cache\Admin\7a4184ffe8f804b12b2e7f8851dd8f7d.php 第 161 行.
NOTIC: [8] Undefined index: mentNum C:\xampp\htdocs\aiston\Application\Runtime\Cache\Admin\7a4184ffe8f804b12b2e7f8851dd8f7d.php 第 161 行.
NOTIC: [8] Undefined index: mentNum C:\xampp\htdocs\aiston\Application\Runtime\Cache\Admin\7a4184ffe8f804b12b2e7f8851dd8f7d.php 第 161 行.
NOTIC: [8] Undefined index: mentNum C:\xampp\htdocs\aiston\Application\Runtime\Cache\Admin\7a4184ffe8f804b12b2e7f8851dd8f7d.php 第 161 行.
NOTIC: [8] Undefined index: mentNum C:\xampp\htdocs\aiston\Application\Runtime\Cache\Admin\7a4184ffe8f804b12b2e7f8851dd8f7d.php 第 161 行.
NOTIC: [8] Array to string conversion C:\xampp\htdocs\aiston\Application\Runtime\Cache\Admin\7a4184ffe8f804b12b2e7f8851dd8f7d.php 第 381 行.
INFO: Run Behavior\ParseTemplateBehavior [ RunTime:0.029180s ]
INFO: [ view_parse ] --END-- [ RunTime:0.029296s ]
INFO: [ view_filter ] --START--
INFO: Run Behavior\WriteHtmlCacheBehavior [ RunTime:0.000837s ]
INFO: [ view_filter ] --END-- [ RunTime:0.000904s ]
NOTIC: [8] Undefined index: show C:\xampp\htdocs\aiston\Application\Admin\Controller\ArticleController.class.php 第 82 行.
NOTIC: [8] Undefined index: id C:\xampp\htdocs\aiston\Application\Admin\Controller\ArticleController.class.php 第 83 行.
SQL: UPDATE `ast_article` SET `art_isshow`='1' WHERE `art_id` = null [ RunTime:0.0003s ]
INFO: [ app_end ] --START--
INFO: Run Behavior\ShowPageTraceBehavior [ RunTime:0.001396s ]
INFO: [ app_end ] --END-- [ RunTime:0.001465s ]

[ 2016-01-25T10:45:17+08:00 ] ::1 /Admin/Article/editor/aid/61.html
INFO: [ app_init ] --START--
INFO: Run Behavior\BuildLiteBehavior [ RunTime:0.000022s ]
INFO: [ app_init ] --END-- [ RunTime:0.000593s ]
INFO: [ app_begin ] --START--
INFO: Run Behavior\ReadHtmlCacheBehavior [ RunTime:0.001018s ]
INFO: [ app_begin ] --END-- [ RunTime:0.001083s ]
SQL: SHOW COLUMNS FROM `ast_admin` [ RunTime:0.0046s ]
SQL: SELECT * FROM `ast_admin`  [ RunTime:0.0003s ]
SQL: SELECT * FROM `ast_admin` WHERE `admin_id` = 1 LIMIT 1   [ RunTime:0.0002s ]
SQL: SHOW COLUMNS FROM `ast_nav` [ RunTime:0.0041s ]
SQL: SELECT * FROM `ast_nav`  [ RunTime:0.0003s ]
SQL: SELECT COUNT(*) AS tp_count FROM `ast_admin` LIMIT 1   [ RunTime:0.0002s ]
NOTIC: [2] Missing argument 3 for getAdminPage(), called in C:\xampp\htdocs\aiston\Application\Admin\Controller\CommonController.class.php on line 51 and defined C:\xampp\htdocs\aiston\Application\Common\Common\function.php 第 3 行.
NOTIC: [8] Undefined variable: num C:\xampp\htdocs\aiston\Application\Common\Common\function.php 第 4 行.
SQL: SELECT * FROM `ast_admin` ORDER BY admin_id LIMIT 0,10   [ RunTime:0.0002s ]
SQL: SHOW COLUMNS FROM `ast_article` [ RunTime:0.0056s ]
SQL: SHOW COLUMNS FROM `ast_artcate` [ RunTime:0.0046s ]
SQL: SELECT * FROM `ast_artcate` WHERE `cate_pid` = 0  [ RunTime:0.0003s ]
SQL: SELECT * FROM `ast_article` INNER JOIN `ast_artcate` ON ast_article.art_cateid = ast_artcate.cate_id  WHERE `art_id` = '61' LIMIT 1   [ RunTime:0.0003s ]
SQL: SELECT * FROM `ast_artcate` WHERE `cate_id` = 1 LIMIT 1   [ RunTime:0.0002s ]
SQL: SELECT * FROM `ast_artcate` WHERE `cate_pid` = 1  [ RunTime:0.0002s ]
INFO: [ view_parse ] --START--
INFO: [ template_filter ] --START--
INFO: Run Behavior\ContentReplaceBehavior [ RunTime:0.000711s ]
INFO: [ template_filter ] --END-- [ RunTime:0.000875s ]
NOTIC: [8] Undefined index: cate_id C:\xampp\htdocs\aiston\Application\Runtime\Cache\Admin\1149af12a67adb12774a3a48d798e451.php 第 128 行.
NOTIC: [8] Undefined variable: htmlData C:\xampp\htdocs\aiston\Application\Runtime\Cache\Admin\1149af12a67adb12774a3a48d798e451.php 第 142 行.
NOTIC: [8] Undefined variable: htmlData C:\xampp\htdocs\aiston\Application\Runtime\Cache\Admin\1149af12a67adb12774a3a48d798e451.php 第 142 行.
NOTIC: [8] Array to string conversion C:\xampp\htdocs\aiston\Application\Runtime\Cache\Admin\1149af12a67adb12774a3a48d798e451.php 第 310 行.
NOTIC: [8] Undefined variable: url C:\xampp\htdocs\aiston\Application\Runtime\Cache\Admin\1149af12a67adb12774a3a48d798e451.php 第 539 行.
NOTIC: [8] Undefined variable: url C:\xampp\htdocs\aiston\Application\Runtime\Cache\Admin\1149af12a67adb12774a3a48d798e451.php 第 542 行.
INFO: Run Behavior\ParseTemplateBehavior [ RunTime:0.027911s ]
INFO: [ view_parse ] --END-- [ RunTime:0.027994s ]
INFO: [ view_filter ] --START--
INFO: Run Behavior\WriteHtmlCacheBehavior [ RunTime:0.000949s ]
INFO: [ view_filter ] --END-- [ RunTime:0.001018s ]
INFO: [ app_end ] --START--
INFO: Run Behavior\ShowPageTraceBehavior [ RunTime:0.001865s ]
INFO: [ app_end ] --END-- [ RunTime:0.001973s ]

